08:40:58.047 [main] INFO  c.a.n.c.e.SearchableProperties - [sortPropertySourceDefaultOrder,197] - properties search order:PROPERTIES->JVM->ENV->DEFAULT_SETTING
08:40:58.082 [background-preinit] INFO  o.h.v.i.util.Version - [<clinit>,21] - HV000001: Hibernate Validator 6.2.5.Final
08:40:58.353 [main] INFO  c.a.n.p.a.s.c.ClientAuthPluginManager - [init,56] - [ClientAuthPluginManager] Load ClientAuthService com.alibaba.nacos.client.auth.impl.NacosClientAuthServiceImpl success.
08:40:58.354 [main] INFO  c.a.n.p.a.s.c.ClientAuthPluginManager - [init,56] - [ClientAuthPluginManager] Load ClientAuthService com.alibaba.nacos.client.auth.ram.RamClientAuthServiceImpl success.
08:40:59.538 [main] INFO  c.b.g.BytesmartGatewayCenterApplication - [logStartupProfileInfo,637] - The following 1 profile is active: "dev"
08:41:01.640 [main] INFO  c.a.c.s.g.s.SentinelSCGAutoConfiguration - [sentinelGatewayFilter,144] - [Sentinel SpringCloudGateway] register SentinelGatewayFilter with order: -2147483648
08:41:02.089 [main] INFO  c.a.c.s.g.s.SentinelSCGAutoConfiguration - [sentinelGatewayBlockExceptionHandler,134] - [Sentinel SpringCloudGateway] register SentinelGatewayBlockExceptionHandler
08:41:02.366 [main] INFO  c.a.n.p.a.s.c.ClientAuthPluginManager - [init,56] - [ClientAuthPluginManager] Load ClientAuthService com.alibaba.nacos.client.auth.impl.NacosClientAuthServiceImpl success.
08:41:02.366 [main] INFO  c.a.n.p.a.s.c.ClientAuthPluginManager - [init,56] - [ClientAuthPluginManager] Load ClientAuthService com.alibaba.nacos.client.auth.ram.RamClientAuthServiceImpl success.
08:41:02.766 [main] INFO  c.a.n.p.a.s.c.ClientAuthPluginManager - [init,56] - [ClientAuthPluginManager] Load ClientAuthService com.alibaba.nacos.client.auth.impl.NacosClientAuthServiceImpl success.
08:41:02.767 [main] INFO  c.a.n.p.a.s.c.ClientAuthPluginManager - [init,56] - [ClientAuthPluginManager] Load ClientAuthService com.alibaba.nacos.client.auth.ram.RamClientAuthServiceImpl success.
08:41:03.044 [main] INFO  c.a.c.n.r.NacosServiceRegistry - [register,76] - nacos registry, DEFAULT_GROUP bytesmart-gateway-center 192.168.1.2:8080 register finished
08:41:03.521 [main] INFO  c.a.c.n.d.GatewayLocatorHeartBeatPublisher - [start,64] - Start nacos gateway locator heartBeat task scheduler.
08:41:03.546 [main] INFO  c.b.g.BytesmartGatewayCenterApplication - [logStarted,61] - Started BytesmartGatewayCenterApplication in 5.884 seconds (JVM running for 6.686)
08:41:03.554 [main] INFO  c.a.c.n.r.NacosContextRefresher - [registerNacosListener,129] - [Nacos Config] Listening config: dataId=bytesmart-gateway-center, group=DEFAULT_GROUP
08:41:03.556 [main] INFO  c.a.c.n.r.NacosContextRefresher - [registerNacosListener,129] - [Nacos Config] Listening config: dataId=bytesmart-gateway-center-dev.yml, group=DEFAULT_GROUP
08:41:03.556 [main] INFO  c.a.c.n.r.NacosContextRefresher - [registerNacosListener,129] - [Nacos Config] Listening config: dataId=bytesmart-gateway-center.yml, group=DEFAULT_GROUP
17:32:06.369 [main] INFO  c.a.n.c.e.SearchableProperties - [sortPropertySourceDefaultOrder,197] - properties search order:PROPERTIES->JVM->ENV->DEFAULT_SETTING
17:32:06.406 [background-preinit] INFO  o.h.v.i.util.Version - [<clinit>,21] - HV000001: Hibernate Validator 6.2.5.Final
17:32:06.675 [main] INFO  c.a.n.p.a.s.c.ClientAuthPluginManager - [init,56] - [ClientAuthPluginManager] Load ClientAuthService com.alibaba.nacos.client.auth.impl.NacosClientAuthServiceImpl success.
17:32:06.675 [main] INFO  c.a.n.p.a.s.c.ClientAuthPluginManager - [init,56] - [ClientAuthPluginManager] Load ClientAuthService com.alibaba.nacos.client.auth.ram.RamClientAuthServiceImpl success.
17:32:07.684 [main] INFO  c.b.g.BytesmartGatewayCenterApplication - [logStartupProfileInfo,637] - The following 1 profile is active: "dev"
17:32:09.732 [main] INFO  c.a.c.s.g.s.SentinelSCGAutoConfiguration - [sentinelGatewayFilter,144] - [Sentinel SpringCloudGateway] register SentinelGatewayFilter with order: -2147483648
17:32:10.127 [main] INFO  c.a.c.s.g.s.SentinelSCGAutoConfiguration - [sentinelGatewayBlockExceptionHandler,134] - [Sentinel SpringCloudGateway] register SentinelGatewayBlockExceptionHandler
17:32:10.370 [main] INFO  c.a.n.p.a.s.c.ClientAuthPluginManager - [init,56] - [ClientAuthPluginManager] Load ClientAuthService com.alibaba.nacos.client.auth.impl.NacosClientAuthServiceImpl success.
17:32:10.370 [main] INFO  c.a.n.p.a.s.c.ClientAuthPluginManager - [init,56] - [ClientAuthPluginManager] Load ClientAuthService com.alibaba.nacos.client.auth.ram.RamClientAuthServiceImpl success.
17:32:10.800 [main] INFO  c.a.n.p.a.s.c.ClientAuthPluginManager - [init,56] - [ClientAuthPluginManager] Load ClientAuthService com.alibaba.nacos.client.auth.impl.NacosClientAuthServiceImpl success.
17:32:10.800 [main] INFO  c.a.n.p.a.s.c.ClientAuthPluginManager - [init,56] - [ClientAuthPluginManager] Load ClientAuthService com.alibaba.nacos.client.auth.ram.RamClientAuthServiceImpl success.
17:32:10.938 [main] INFO  c.a.c.n.r.NacosServiceRegistry - [register,76] - nacos registry, DEFAULT_GROUP bytesmart-gateway-center 192.168.1.2:8080 register finished
17:32:11.190 [main] INFO  c.a.c.n.d.GatewayLocatorHeartBeatPublisher - [start,64] - Start nacos gateway locator heartBeat task scheduler.
17:32:11.217 [main] INFO  c.b.g.BytesmartGatewayCenterApplication - [logStarted,61] - Started BytesmartGatewayCenterApplication in 5.234 seconds (JVM running for 6.003)
17:32:11.221 [main] INFO  c.a.c.n.r.NacosContextRefresher - [registerNacosListener,129] - [Nacos Config] Listening config: dataId=bytesmart-gateway-center, group=DEFAULT_GROUP
17:32:11.221 [main] INFO  c.a.c.n.r.NacosContextRefresher - [registerNacosListener,129] - [Nacos Config] Listening config: dataId=bytesmart-gateway-center-dev.yml, group=DEFAULT_GROUP
17:32:11.221 [main] INFO  c.a.c.n.r.NacosContextRefresher - [registerNacosListener,129] - [Nacos Config] Listening config: dataId=bytesmart-gateway-center.yml, group=DEFAULT_GROUP
22:00:57.561 [main] INFO  c.a.n.c.e.SearchableProperties - [sortPropertySourceDefaultOrder,197] - properties search order:PROPERTIES->JVM->ENV->DEFAULT_SETTING
22:00:57.600 [background-preinit] INFO  o.h.v.i.util.Version - [<clinit>,21] - HV000001: Hibernate Validator 6.2.5.Final
22:00:57.838 [main] INFO  c.a.n.p.a.s.c.ClientAuthPluginManager - [init,56] - [ClientAuthPluginManager] Load ClientAuthService com.alibaba.nacos.client.auth.impl.NacosClientAuthServiceImpl success.
22:00:57.839 [main] INFO  c.a.n.p.a.s.c.ClientAuthPluginManager - [init,56] - [ClientAuthPluginManager] Load ClientAuthService com.alibaba.nacos.client.auth.ram.RamClientAuthServiceImpl success.
22:00:58.925 [main] INFO  c.b.g.BytesmartGatewayCenterApplication - [logStartupProfileInfo,637] - The following 1 profile is active: "dev"
22:01:00.955 [main] INFO  c.a.c.s.g.s.SentinelSCGAutoConfiguration - [sentinelGatewayFilter,144] - [Sentinel SpringCloudGateway] register SentinelGatewayFilter with order: -2147483648
22:01:01.444 [main] INFO  c.a.c.s.g.s.SentinelSCGAutoConfiguration - [sentinelGatewayBlockExceptionHandler,134] - [Sentinel SpringCloudGateway] register SentinelGatewayBlockExceptionHandler
22:01:01.710 [main] INFO  c.a.n.p.a.s.c.ClientAuthPluginManager - [init,56] - [ClientAuthPluginManager] Load ClientAuthService com.alibaba.nacos.client.auth.impl.NacosClientAuthServiceImpl success.
22:01:01.710 [main] INFO  c.a.n.p.a.s.c.ClientAuthPluginManager - [init,56] - [ClientAuthPluginManager] Load ClientAuthService com.alibaba.nacos.client.auth.ram.RamClientAuthServiceImpl success.
22:01:02.386 [main] INFO  c.a.n.p.a.s.c.ClientAuthPluginManager - [init,56] - [ClientAuthPluginManager] Load ClientAuthService com.alibaba.nacos.client.auth.impl.NacosClientAuthServiceImpl success.
22:01:02.386 [main] INFO  c.a.n.p.a.s.c.ClientAuthPluginManager - [init,56] - [ClientAuthPluginManager] Load ClientAuthService com.alibaba.nacos.client.auth.ram.RamClientAuthServiceImpl success.
22:01:02.536 [main] INFO  c.a.c.n.r.NacosServiceRegistry - [register,76] - nacos registry, DEFAULT_GROUP bytesmart-gateway-center 192.168.1.2:8080 register finished
22:01:03.280 [main] INFO  c.a.c.n.d.GatewayLocatorHeartBeatPublisher - [start,64] - Start nacos gateway locator heartBeat task scheduler.
22:01:03.300 [main] INFO  c.b.g.BytesmartGatewayCenterApplication - [logStarted,61] - Started BytesmartGatewayCenterApplication in 6.102 seconds (JVM running for 6.834)
22:01:03.305 [main] INFO  c.a.c.n.r.NacosContextRefresher - [registerNacosListener,129] - [Nacos Config] Listening config: dataId=bytesmart-gateway-center, group=DEFAULT_GROUP
22:01:03.306 [main] INFO  c.a.c.n.r.NacosContextRefresher - [registerNacosListener,129] - [Nacos Config] Listening config: dataId=bytesmart-gateway-center-dev.yml, group=DEFAULT_GROUP
22:01:03.307 [main] INFO  c.a.c.n.r.NacosContextRefresher - [registerNacosListener,129] - [Nacos Config] Listening config: dataId=bytesmart-gateway-center.yml, group=DEFAULT_GROUP
