00:46:00.085 [http-nio-9600-exec-4] ERROR c.b.c.s.h.GlobalExceptionHandler - [handleHttpRequestMethodNotSupported,62] - 请求地址'/login',不支持'GET'请求
00:47:44.759 [http-nio-9600-exec-1] ERROR c.b.c.s.h.GlobalExceptionHandler - [handleHttpRequestMethodNotSupported,62] - 请求地址'/login',不支持'GET'请求
00:49:24.383 [http-nio-9600-exec-4] ERROR c.b.c.s.h.GlobalExceptionHandler - [handleHttpRequestMethodNotSupported,62] - 请求地址'/login',不支持'GET'请求
00:50:17.643 [http-nio-9600-exec-4] ERROR c.b.c.s.h.GlobalExceptionHandler - [handleHttpRequestMethodNotSupported,62] - 请求地址'/login',不支持'GET'请求
00:50:31.759 [http-nio-9600-exec-8] ERROR c.b.c.s.h.GlobalExceptionHandler - [handleHttpRequestMethodNotSupported,62] - 请求地址'/login',不支持'GET'请求
00:52:07.827 [http-nio-9600-exec-3] ERROR c.b.c.s.h.GlobalExceptionHandler - [handleHttpRequestMethodNotSupported,62] - 请求地址'/login',不支持'GET'请求
00:52:14.630 [http-nio-9600-exec-6] ERROR c.b.c.s.h.GlobalExceptionHandler - [handleHttpRequestMethodNotSupported,62] - 请求地址'/login',不支持'GET'请求
08:08:27.313 [http-nio-9600-exec-3] ERROR c.b.a.U.TokenUtils - [getWebLoginUser,86] - 获取用户信息异常'JWT strings must contain exactly 2 period characters. Found: 0'
08:09:29.509 [http-nio-9600-exec-6] ERROR c.b.a.U.TokenUtils - [getWebLoginUser,86] - 获取用户信息异常'JWT signature does not match locally computed signature. JWT validity cannot be asserted and should not be trusted.'
08:23:25.610 [main] ERROR o.s.b.d.LoggingFailureAnalysisReporter - [report,40] - 

***************************
APPLICATION FAILED TO START
***************************

Description:

Field logoutSuccessHandler in com.bytesmart.admincenter.config.SecurityConfig required a bean of type 'com.bytesmart.handler.LogoutSuccessHandlerImpl' that could not be found.

The injection point has the following annotations:
	- @org.springframework.beans.factory.annotation.Autowired(required=true)


Action:

Consider defining a bean of type 'com.bytesmart.handler.LogoutSuccessHandlerImpl' in your configuration.

23:45:26.247 [http-nio-9600-exec-2] ERROR c.b.a.U.TokenUtils - [getWebLoginUser,86] - 获取用户信息异常'JWT signature does not match locally computed signature. JWT validity cannot be asserted and should not be trusted.'
23:45:32.104 [http-nio-9600-exec-3] ERROR c.b.a.U.TokenUtils - [getWebLoginUser,86] - 获取用户信息异常'JWT signature does not match locally computed signature. JWT validity cannot be asserted and should not be trusted.'
