08:57:06.852 [main] INFO  c.a.n.c.e.SearchableProperties - [sortPropertySourceDefaultOrder,197] - properties search order:PROPERTIES->JVM->ENV->DEFAULT_SETTING
08:57:06.884 [background-preinit] INFO  o.h.v.i.util.Version - [<clinit>,21] - HV000001: Hibernate Validator 6.2.5.Final
08:57:07.119 [main] INFO  c.a.n.p.a.s.c.ClientAuthPluginManager - [init,56] - [ClientAuthPluginManager] Load ClientAuthService com.alibaba.nacos.client.auth.impl.NacosClientAuthServiceImpl success.
08:57:07.119 [main] INFO  c.a.n.p.a.s.c.ClientAuthPluginManager - [init,56] - [ClientAuthPluginManager] Load ClientAuthService com.alibaba.nacos.client.auth.ram.RamClientAuthServiceImpl success.
08:57:09.109 [main] INFO  c.b.w.BytesmartWebAdminApplication - [logStartupProfileInfo,637] - The following 1 profile is active: "dev"
08:57:16.541 [main] INFO  o.a.c.h.Http11NioProtocol - [log,173] - Initializing ProtocolHandler ["http-nio-9700"]
08:57:16.541 [main] INFO  o.a.c.c.StandardService - [log,173] - Starting service [Tomcat]
08:57:16.541 [main] INFO  o.a.c.c.StandardEngine - [log,173] - Starting Servlet engine: [Apache Tomcat/9.0.76]
08:57:16.724 [main] INFO  o.a.c.c.C.[.[.[/] - [log,173] - Initializing Spring embedded WebApplicationContext
08:57:17.242 [main] INFO  c.a.d.p.DruidDataSource - [init,996] - {dataSource-1,master} inited
08:57:17.242 [main] INFO  c.b.d.d.DynamicRoutingDataSource - [addDataSource,154] - dynamic-datasource - add a datasource named [master] success
08:57:17.242 [main] INFO  c.b.d.d.DynamicRoutingDataSource - [afterPropertiesSet,234] - dynamic-datasource initial loaded [1] datasource,primary datasource named [master]
08:57:19.457 [main] INFO  c.a.c.s.SentinelWebMvcConfigurer - [addInterceptors,52] - [Sentinel Starter] register SentinelWebInterceptor with urlPatterns: [/**].
08:57:20.745 [main] INFO  o.a.c.h.Http11NioProtocol - [log,173] - Starting ProtocolHandler ["http-nio-9700"]
08:57:20.780 [main] INFO  c.a.n.p.a.s.c.ClientAuthPluginManager - [init,56] - [ClientAuthPluginManager] Load ClientAuthService com.alibaba.nacos.client.auth.impl.NacosClientAuthServiceImpl success.
08:57:20.780 [main] INFO  c.a.n.p.a.s.c.ClientAuthPluginManager - [init,56] - [ClientAuthPluginManager] Load ClientAuthService com.alibaba.nacos.client.auth.ram.RamClientAuthServiceImpl success.
08:57:21.156 [main] INFO  c.a.c.n.r.NacosServiceRegistry - [register,76] - nacos registry, DEFAULT_GROUP bytesmart-web-admin 192.168.1.2:9700 register finished
08:57:21.552 [main] INFO  c.b.w.BytesmartWebAdminApplication - [logStarted,61] - Started BytesmartWebAdminApplication in 15.099 seconds (JVM running for 15.972)
08:57:21.552 [main] INFO  c.a.c.n.r.NacosContextRefresher - [registerNacosListener,129] - [Nacos Config] Listening config: dataId=bytesmart-web-admin, group=DEFAULT_GROUP
08:57:21.552 [main] INFO  c.a.c.n.r.NacosContextRefresher - [registerNacosListener,129] - [Nacos Config] Listening config: dataId=bytesmart-web-admin.yml, group=DEFAULT_GROUP
08:57:21.552 [main] INFO  c.a.c.n.r.NacosContextRefresher - [registerNacosListener,129] - [Nacos Config] Listening config: dataId=bytesmart-web-admin-dev.yml, group=DEFAULT_GROUP
08:57:22.075 [RMI TCP Connection(2)-192.168.1.2] INFO  o.a.c.c.C.[.[.[/] - [log,173] - Initializing Spring DispatcherServlet 'dispatcherServlet'
11:19:32.088 [main] INFO  c.a.n.c.e.SearchableProperties - [sortPropertySourceDefaultOrder,197] - properties search order:PROPERTIES->JVM->ENV->DEFAULT_SETTING
11:19:32.119 [background-preinit] INFO  o.h.v.i.util.Version - [<clinit>,21] - HV000001: Hibernate Validator 6.2.5.Final
11:19:32.377 [main] INFO  c.a.n.p.a.s.c.ClientAuthPluginManager - [init,56] - [ClientAuthPluginManager] Load ClientAuthService com.alibaba.nacos.client.auth.impl.NacosClientAuthServiceImpl success.
11:19:32.377 [main] INFO  c.a.n.p.a.s.c.ClientAuthPluginManager - [init,56] - [ClientAuthPluginManager] Load ClientAuthService com.alibaba.nacos.client.auth.ram.RamClientAuthServiceImpl success.
11:19:33.515 [main] INFO  c.b.w.BytesmartWebAdminApplication - [logStartupProfileInfo,637] - The following 1 profile is active: "dev"
11:19:36.261 [main] INFO  o.a.c.h.Http11NioProtocol - [log,173] - Initializing ProtocolHandler ["http-nio-9700"]
11:19:36.261 [main] INFO  o.a.c.c.StandardService - [log,173] - Starting service [Tomcat]
11:19:36.261 [main] INFO  o.a.c.c.StandardEngine - [log,173] - Starting Servlet engine: [Apache Tomcat/9.0.76]
11:19:36.416 [main] INFO  o.a.c.c.C.[.[.[/] - [log,173] - Initializing Spring embedded WebApplicationContext
11:19:36.817 [main] INFO  c.a.d.p.DruidDataSource - [init,996] - {dataSource-1,master} inited
11:19:36.845 [main] INFO  c.b.d.d.DynamicRoutingDataSource - [addDataSource,154] - dynamic-datasource - add a datasource named [master] success
11:19:36.845 [main] INFO  c.b.d.d.DynamicRoutingDataSource - [afterPropertiesSet,234] - dynamic-datasource initial loaded [1] datasource,primary datasource named [master]
11:19:37.329 [main] INFO  c.b.d.d.DynamicRoutingDataSource - [destroy,211] - dynamic-datasource start closing ....
11:19:37.329 [main] INFO  c.a.d.p.DruidDataSource - [close,2138] - {dataSource-1} closing ...
11:19:37.350 [main] INFO  c.a.d.p.DruidDataSource - [close,2211] - {dataSource-1} closed
11:19:37.350 [main] INFO  c.b.d.d.DynamicRoutingDataSource - [destroy,215] - dynamic-datasource all closed success,bye
11:19:37.350 [main] INFO  o.a.c.c.StandardService - [log,173] - Stopping service [Tomcat]
11:20:01.002 [main] INFO  c.a.n.c.e.SearchableProperties - [sortPropertySourceDefaultOrder,197] - properties search order:PROPERTIES->JVM->ENV->DEFAULT_SETTING
11:20:01.045 [background-preinit] INFO  o.h.v.i.util.Version - [<clinit>,21] - HV000001: Hibernate Validator 6.2.5.Final
11:20:01.296 [main] INFO  c.a.n.p.a.s.c.ClientAuthPluginManager - [init,56] - [ClientAuthPluginManager] Load ClientAuthService com.alibaba.nacos.client.auth.impl.NacosClientAuthServiceImpl success.
11:20:01.296 [main] INFO  c.a.n.p.a.s.c.ClientAuthPluginManager - [init,56] - [ClientAuthPluginManager] Load ClientAuthService com.alibaba.nacos.client.auth.ram.RamClientAuthServiceImpl success.
11:20:02.295 [main] INFO  c.b.w.BytesmartWebAdminApplication - [logStartupProfileInfo,637] - The following 1 profile is active: "dev"
11:20:03.950 [main] INFO  o.a.c.h.Http11NioProtocol - [log,173] - Initializing ProtocolHandler ["http-nio-9700"]
11:20:03.950 [main] INFO  o.a.c.c.StandardService - [log,173] - Starting service [Tomcat]
11:20:03.950 [main] INFO  o.a.c.c.StandardEngine - [log,173] - Starting Servlet engine: [Apache Tomcat/9.0.76]
11:20:04.063 [main] INFO  o.a.c.c.C.[.[.[/] - [log,173] - Initializing Spring embedded WebApplicationContext
11:20:04.515 [main] INFO  c.a.d.p.DruidDataSource - [init,996] - {dataSource-1,master} inited
11:20:04.515 [main] INFO  c.b.d.d.DynamicRoutingDataSource - [addDataSource,154] - dynamic-datasource - add a datasource named [master] success
11:20:04.515 [main] INFO  c.b.d.d.DynamicRoutingDataSource - [afterPropertiesSet,234] - dynamic-datasource initial loaded [1] datasource,primary datasource named [master]
11:20:05.936 [main] INFO  c.a.c.s.SentinelWebMvcConfigurer - [addInterceptors,52] - [Sentinel Starter] register SentinelWebInterceptor with urlPatterns: [/**].
11:20:07.037 [main] INFO  o.a.c.h.Http11NioProtocol - [log,173] - Starting ProtocolHandler ["http-nio-9700"]
11:20:07.052 [main] INFO  c.a.n.p.a.s.c.ClientAuthPluginManager - [init,56] - [ClientAuthPluginManager] Load ClientAuthService com.alibaba.nacos.client.auth.impl.NacosClientAuthServiceImpl success.
11:20:07.052 [main] INFO  c.a.n.p.a.s.c.ClientAuthPluginManager - [init,56] - [ClientAuthPluginManager] Load ClientAuthService com.alibaba.nacos.client.auth.ram.RamClientAuthServiceImpl success.
11:20:07.244 [main] INFO  c.a.c.n.r.NacosServiceRegistry - [register,76] - nacos registry, DEFAULT_GROUP bytesmart-web-admin 192.168.1.2:9700 register finished
11:20:07.617 [main] INFO  c.b.w.BytesmartWebAdminApplication - [logStarted,61] - Started BytesmartWebAdminApplication in 7.035 seconds (JVM running for 7.645)
11:20:07.638 [main] INFO  c.a.c.n.r.NacosContextRefresher - [registerNacosListener,129] - [Nacos Config] Listening config: dataId=bytesmart-web-admin, group=DEFAULT_GROUP
11:20:07.638 [main] INFO  c.a.c.n.r.NacosContextRefresher - [registerNacosListener,129] - [Nacos Config] Listening config: dataId=bytesmart-web-admin.yml, group=DEFAULT_GROUP
11:20:07.638 [main] INFO  c.a.c.n.r.NacosContextRefresher - [registerNacosListener,129] - [Nacos Config] Listening config: dataId=bytesmart-web-admin-dev.yml, group=DEFAULT_GROUP
11:20:08.166 [RMI TCP Connection(2)-192.168.1.2] INFO  o.a.c.c.C.[.[.[/] - [log,173] - Initializing Spring DispatcherServlet 'dispatcherServlet'
11:26:05.188 [main] INFO  c.a.n.c.e.SearchableProperties - [sortPropertySourceDefaultOrder,197] - properties search order:PROPERTIES->JVM->ENV->DEFAULT_SETTING
11:26:05.222 [background-preinit] INFO  o.h.v.i.util.Version - [<clinit>,21] - HV000001: Hibernate Validator 6.2.5.Final
11:26:05.551 [main] INFO  c.a.n.p.a.s.c.ClientAuthPluginManager - [init,56] - [ClientAuthPluginManager] Load ClientAuthService com.alibaba.nacos.client.auth.impl.NacosClientAuthServiceImpl success.
11:26:05.551 [main] INFO  c.a.n.p.a.s.c.ClientAuthPluginManager - [init,56] - [ClientAuthPluginManager] Load ClientAuthService com.alibaba.nacos.client.auth.ram.RamClientAuthServiceImpl success.
11:26:06.767 [main] INFO  c.b.w.BytesmartWebAdminApplication - [logStartupProfileInfo,637] - The following 1 profile is active: "dev"
11:26:08.482 [main] INFO  o.a.c.h.Http11NioProtocol - [log,173] - Initializing ProtocolHandler ["http-nio-9700"]
11:26:08.487 [main] INFO  o.a.c.c.StandardService - [log,173] - Starting service [Tomcat]
11:26:08.487 [main] INFO  o.a.c.c.StandardEngine - [log,173] - Starting Servlet engine: [Apache Tomcat/9.0.76]
11:26:08.598 [main] INFO  o.a.c.c.C.[.[.[/] - [log,173] - Initializing Spring embedded WebApplicationContext
11:26:09.021 [main] INFO  c.a.d.p.DruidDataSource - [init,996] - {dataSource-1,master} inited
11:26:09.021 [main] INFO  c.b.d.d.DynamicRoutingDataSource - [addDataSource,154] - dynamic-datasource - add a datasource named [master] success
11:26:09.021 [main] INFO  c.b.d.d.DynamicRoutingDataSource - [afterPropertiesSet,234] - dynamic-datasource initial loaded [1] datasource,primary datasource named [master]
11:26:09.948 [main] INFO  c.b.d.d.DynamicRoutingDataSource - [destroy,211] - dynamic-datasource start closing ....
11:26:09.949 [main] INFO  c.a.d.p.DruidDataSource - [close,2138] - {dataSource-1} closing ...
11:26:09.949 [main] INFO  c.a.d.p.DruidDataSource - [close,2211] - {dataSource-1} closed
11:26:09.949 [main] INFO  c.b.d.d.DynamicRoutingDataSource - [destroy,215] - dynamic-datasource all closed success,bye
11:26:09.949 [main] INFO  o.a.c.c.StandardService - [log,173] - Stopping service [Tomcat]
11:29:12.087 [main] INFO  c.a.n.c.e.SearchableProperties - [sortPropertySourceDefaultOrder,197] - properties search order:PROPERTIES->JVM->ENV->DEFAULT_SETTING
11:29:12.137 [background-preinit] INFO  o.h.v.i.util.Version - [<clinit>,21] - HV000001: Hibernate Validator 6.2.5.Final
11:29:12.419 [main] INFO  c.a.n.p.a.s.c.ClientAuthPluginManager - [init,56] - [ClientAuthPluginManager] Load ClientAuthService com.alibaba.nacos.client.auth.impl.NacosClientAuthServiceImpl success.
11:29:12.419 [main] INFO  c.a.n.p.a.s.c.ClientAuthPluginManager - [init,56] - [ClientAuthPluginManager] Load ClientAuthService com.alibaba.nacos.client.auth.ram.RamClientAuthServiceImpl success.
11:29:13.521 [main] INFO  c.b.w.BytesmartWebAdminApplication - [logStartupProfileInfo,637] - The following 1 profile is active: "dev"
11:29:15.197 [main] INFO  o.a.c.h.Http11NioProtocol - [log,173] - Initializing ProtocolHandler ["http-nio-9700"]
11:29:15.197 [main] INFO  o.a.c.c.StandardService - [log,173] - Starting service [Tomcat]
11:29:15.197 [main] INFO  o.a.c.c.StandardEngine - [log,173] - Starting Servlet engine: [Apache Tomcat/9.0.76]
11:29:15.315 [main] INFO  o.a.c.c.C.[.[.[/] - [log,173] - Initializing Spring embedded WebApplicationContext
11:29:15.687 [main] INFO  c.a.d.p.DruidDataSource - [init,996] - {dataSource-1,master} inited
11:29:15.699 [main] INFO  c.b.d.d.DynamicRoutingDataSource - [addDataSource,154] - dynamic-datasource - add a datasource named [master] success
11:29:15.699 [main] INFO  c.b.d.d.DynamicRoutingDataSource - [afterPropertiesSet,234] - dynamic-datasource initial loaded [1] datasource,primary datasource named [master]
11:29:17.079 [main] INFO  c.a.c.s.SentinelWebMvcConfigurer - [addInterceptors,52] - [Sentinel Starter] register SentinelWebInterceptor with urlPatterns: [/**].
11:29:18.197 [main] INFO  o.a.c.h.Http11NioProtocol - [log,173] - Starting ProtocolHandler ["http-nio-9700"]
11:29:18.229 [main] INFO  c.a.n.p.a.s.c.ClientAuthPluginManager - [init,56] - [ClientAuthPluginManager] Load ClientAuthService com.alibaba.nacos.client.auth.impl.NacosClientAuthServiceImpl success.
11:29:18.229 [main] INFO  c.a.n.p.a.s.c.ClientAuthPluginManager - [init,56] - [ClientAuthPluginManager] Load ClientAuthService com.alibaba.nacos.client.auth.ram.RamClientAuthServiceImpl success.
11:29:18.372 [main] INFO  c.a.c.n.r.NacosServiceRegistry - [register,76] - nacos registry, DEFAULT_GROUP bytesmart-web-admin 192.168.1.2:9700 register finished
11:29:18.715 [main] INFO  c.b.w.BytesmartWebAdminApplication - [logStarted,61] - Started BytesmartWebAdminApplication in 7.054 seconds (JVM running for 7.645)
11:29:18.734 [main] INFO  c.a.c.n.r.NacosContextRefresher - [registerNacosListener,129] - [Nacos Config] Listening config: dataId=bytesmart-web-admin, group=DEFAULT_GROUP
11:29:18.734 [main] INFO  c.a.c.n.r.NacosContextRefresher - [registerNacosListener,129] - [Nacos Config] Listening config: dataId=bytesmart-web-admin.yml, group=DEFAULT_GROUP
11:29:18.734 [main] INFO  c.a.c.n.r.NacosContextRefresher - [registerNacosListener,129] - [Nacos Config] Listening config: dataId=bytesmart-web-admin-dev.yml, group=DEFAULT_GROUP
11:29:18.980 [RMI TCP Connection(2)-192.168.1.2] INFO  o.a.c.c.C.[.[.[/] - [log,173] - Initializing Spring DispatcherServlet 'dispatcherServlet'
11:31:48.308 [main] INFO  c.a.n.c.e.SearchableProperties - [sortPropertySourceDefaultOrder,197] - properties search order:PROPERTIES->JVM->ENV->DEFAULT_SETTING
11:31:48.351 [background-preinit] INFO  o.h.v.i.util.Version - [<clinit>,21] - HV000001: Hibernate Validator 6.2.5.Final
11:31:48.600 [main] INFO  c.a.n.p.a.s.c.ClientAuthPluginManager - [init,56] - [ClientAuthPluginManager] Load ClientAuthService com.alibaba.nacos.client.auth.impl.NacosClientAuthServiceImpl success.
11:31:48.600 [main] INFO  c.a.n.p.a.s.c.ClientAuthPluginManager - [init,56] - [ClientAuthPluginManager] Load ClientAuthService com.alibaba.nacos.client.auth.ram.RamClientAuthServiceImpl success.
11:31:50.213 [main] INFO  c.b.w.BytesmartWebAdminApplication - [logStartupProfileInfo,637] - The following 1 profile is active: "dev"
11:31:51.961 [main] INFO  o.a.c.h.Http11NioProtocol - [log,173] - Initializing ProtocolHandler ["http-nio-9700"]
11:31:51.964 [main] INFO  o.a.c.c.StandardService - [log,173] - Starting service [Tomcat]
11:31:51.964 [main] INFO  o.a.c.c.StandardEngine - [log,173] - Starting Servlet engine: [Apache Tomcat/9.0.76]
11:31:52.156 [main] INFO  o.a.c.c.C.[.[.[/] - [log,173] - Initializing Spring embedded WebApplicationContext
11:31:53.138 [main] INFO  c.a.d.p.DruidDataSource - [init,996] - {dataSource-1,master} inited
11:31:53.138 [main] INFO  c.b.d.d.DynamicRoutingDataSource - [addDataSource,154] - dynamic-datasource - add a datasource named [master] success
11:31:53.138 [main] INFO  c.b.d.d.DynamicRoutingDataSource - [afterPropertiesSet,234] - dynamic-datasource initial loaded [1] datasource,primary datasource named [master]
11:31:54.431 [main] INFO  c.a.c.s.SentinelWebMvcConfigurer - [addInterceptors,52] - [Sentinel Starter] register SentinelWebInterceptor with urlPatterns: [/**].
11:31:55.480 [main] INFO  o.a.c.h.Http11NioProtocol - [log,173] - Starting ProtocolHandler ["http-nio-9700"]
11:31:55.497 [main] INFO  c.a.n.p.a.s.c.ClientAuthPluginManager - [init,56] - [ClientAuthPluginManager] Load ClientAuthService com.alibaba.nacos.client.auth.impl.NacosClientAuthServiceImpl success.
11:31:55.497 [main] INFO  c.a.n.p.a.s.c.ClientAuthPluginManager - [init,56] - [ClientAuthPluginManager] Load ClientAuthService com.alibaba.nacos.client.auth.ram.RamClientAuthServiceImpl success.
11:31:56.350 [main] INFO  c.a.c.n.r.NacosServiceRegistry - [register,76] - nacos registry, DEFAULT_GROUP bytesmart-web-admin 192.168.1.2:9700 register finished
11:31:56.760 [main] INFO  c.b.w.BytesmartWebAdminApplication - [logStarted,61] - Started BytesmartWebAdminApplication in 8.858 seconds (JVM running for 9.488)
11:31:56.778 [main] INFO  c.a.c.n.r.NacosContextRefresher - [registerNacosListener,129] - [Nacos Config] Listening config: dataId=bytesmart-web-admin, group=DEFAULT_GROUP
11:31:56.778 [main] INFO  c.a.c.n.r.NacosContextRefresher - [registerNacosListener,129] - [Nacos Config] Listening config: dataId=bytesmart-web-admin.yml, group=DEFAULT_GROUP
11:31:56.791 [main] INFO  c.a.c.n.r.NacosContextRefresher - [registerNacosListener,129] - [Nacos Config] Listening config: dataId=bytesmart-web-admin-dev.yml, group=DEFAULT_GROUP
11:31:57.394 [RMI TCP Connection(5)-192.168.1.2] INFO  o.a.c.c.C.[.[.[/] - [log,173] - Initializing Spring DispatcherServlet 'dispatcherServlet'
11:33:29.944 [main] INFO  c.a.n.c.e.SearchableProperties - [sortPropertySourceDefaultOrder,197] - properties search order:PROPERTIES->JVM->ENV->DEFAULT_SETTING
11:33:29.982 [background-preinit] INFO  o.h.v.i.util.Version - [<clinit>,21] - HV000001: Hibernate Validator 6.2.5.Final
11:33:30.234 [main] INFO  c.a.n.p.a.s.c.ClientAuthPluginManager - [init,56] - [ClientAuthPluginManager] Load ClientAuthService com.alibaba.nacos.client.auth.impl.NacosClientAuthServiceImpl success.
11:33:30.234 [main] INFO  c.a.n.p.a.s.c.ClientAuthPluginManager - [init,56] - [ClientAuthPluginManager] Load ClientAuthService com.alibaba.nacos.client.auth.ram.RamClientAuthServiceImpl success.
11:33:31.228 [main] INFO  c.b.w.BytesmartWebAdminApplication - [logStartupProfileInfo,637] - The following 1 profile is active: "dev"
11:33:32.861 [main] INFO  o.a.c.h.Http11NioProtocol - [log,173] - Initializing ProtocolHandler ["http-nio-9700"]
11:33:32.861 [main] INFO  o.a.c.c.StandardService - [log,173] - Starting service [Tomcat]
11:33:32.861 [main] INFO  o.a.c.c.StandardEngine - [log,173] - Starting Servlet engine: [Apache Tomcat/9.0.76]
11:33:33.038 [main] INFO  o.a.c.c.C.[.[.[/] - [log,173] - Initializing Spring embedded WebApplicationContext
11:33:33.410 [main] INFO  c.a.d.p.DruidDataSource - [init,996] - {dataSource-1,master} inited
11:33:33.410 [main] INFO  c.b.d.d.DynamicRoutingDataSource - [addDataSource,154] - dynamic-datasource - add a datasource named [master] success
11:33:33.410 [main] INFO  c.b.d.d.DynamicRoutingDataSource - [afterPropertiesSet,234] - dynamic-datasource initial loaded [1] datasource,primary datasource named [master]
11:33:34.739 [main] INFO  c.a.c.s.SentinelWebMvcConfigurer - [addInterceptors,52] - [Sentinel Starter] register SentinelWebInterceptor with urlPatterns: [/**].
11:33:35.969 [main] INFO  o.a.c.h.Http11NioProtocol - [log,173] - Starting ProtocolHandler ["http-nio-9700"]
11:33:36.006 [main] INFO  c.a.n.p.a.s.c.ClientAuthPluginManager - [init,56] - [ClientAuthPluginManager] Load ClientAuthService com.alibaba.nacos.client.auth.impl.NacosClientAuthServiceImpl success.
11:33:36.006 [main] INFO  c.a.n.p.a.s.c.ClientAuthPluginManager - [init,56] - [ClientAuthPluginManager] Load ClientAuthService com.alibaba.nacos.client.auth.ram.RamClientAuthServiceImpl success.
11:33:36.149 [main] INFO  c.a.c.n.r.NacosServiceRegistry - [register,76] - nacos registry, DEFAULT_GROUP bytesmart-web-admin 192.168.1.2:9700 register finished
11:33:36.557 [main] INFO  c.b.w.BytesmartWebAdminApplication - [logStarted,61] - Started BytesmartWebAdminApplication in 7.07 seconds (JVM running for 7.691)
11:33:36.566 [main] INFO  c.a.c.n.r.NacosContextRefresher - [registerNacosListener,129] - [Nacos Config] Listening config: dataId=bytesmart-web-admin, group=DEFAULT_GROUP
11:33:36.566 [main] INFO  c.a.c.n.r.NacosContextRefresher - [registerNacosListener,129] - [Nacos Config] Listening config: dataId=bytesmart-web-admin.yml, group=DEFAULT_GROUP
11:33:36.566 [main] INFO  c.a.c.n.r.NacosContextRefresher - [registerNacosListener,129] - [Nacos Config] Listening config: dataId=bytesmart-web-admin-dev.yml, group=DEFAULT_GROUP
11:33:37.194 [RMI TCP Connection(4)-192.168.1.2] INFO  o.a.c.c.C.[.[.[/] - [log,173] - Initializing Spring DispatcherServlet 'dispatcherServlet'
11:37:09.597 [main] INFO  c.a.n.c.e.SearchableProperties - [sortPropertySourceDefaultOrder,197] - properties search order:PROPERTIES->JVM->ENV->DEFAULT_SETTING
11:37:09.659 [background-preinit] INFO  o.h.v.i.util.Version - [<clinit>,21] - HV000001: Hibernate Validator 6.2.5.Final
11:37:09.916 [main] INFO  c.a.n.p.a.s.c.ClientAuthPluginManager - [init,56] - [ClientAuthPluginManager] Load ClientAuthService com.alibaba.nacos.client.auth.impl.NacosClientAuthServiceImpl success.
11:37:09.916 [main] INFO  c.a.n.p.a.s.c.ClientAuthPluginManager - [init,56] - [ClientAuthPluginManager] Load ClientAuthService com.alibaba.nacos.client.auth.ram.RamClientAuthServiceImpl success.
11:37:10.883 [main] INFO  c.b.w.BytesmartWebAdminApplication - [logStartupProfileInfo,637] - The following 1 profile is active: "dev"
11:37:12.354 [main] INFO  o.a.c.h.Http11NioProtocol - [log,173] - Initializing ProtocolHandler ["http-nio-9700"]
11:37:12.354 [main] INFO  o.a.c.c.StandardService - [log,173] - Starting service [Tomcat]
11:37:12.354 [main] INFO  o.a.c.c.StandardEngine - [log,173] - Starting Servlet engine: [Apache Tomcat/9.0.76]
11:37:12.491 [main] INFO  o.a.c.c.C.[.[.[/] - [log,173] - Initializing Spring embedded WebApplicationContext
11:37:12.842 [main] INFO  c.a.d.p.DruidDataSource - [init,996] - {dataSource-1,master} inited
11:37:12.845 [main] INFO  c.b.d.d.DynamicRoutingDataSource - [addDataSource,154] - dynamic-datasource - add a datasource named [master] success
11:37:12.845 [main] INFO  c.b.d.d.DynamicRoutingDataSource - [afterPropertiesSet,234] - dynamic-datasource initial loaded [1] datasource,primary datasource named [master]
11:37:14.237 [main] INFO  c.a.c.s.SentinelWebMvcConfigurer - [addInterceptors,52] - [Sentinel Starter] register SentinelWebInterceptor with urlPatterns: [/**].
11:37:15.415 [main] INFO  o.a.c.h.Http11NioProtocol - [log,173] - Starting ProtocolHandler ["http-nio-9700"]
11:37:15.445 [main] INFO  c.a.n.p.a.s.c.ClientAuthPluginManager - [init,56] - [ClientAuthPluginManager] Load ClientAuthService com.alibaba.nacos.client.auth.impl.NacosClientAuthServiceImpl success.
11:37:15.445 [main] INFO  c.a.n.p.a.s.c.ClientAuthPluginManager - [init,56] - [ClientAuthPluginManager] Load ClientAuthService com.alibaba.nacos.client.auth.ram.RamClientAuthServiceImpl success.
11:37:15.591 [main] INFO  c.a.c.n.r.NacosServiceRegistry - [register,76] - nacos registry, DEFAULT_GROUP bytesmart-web-admin 192.168.1.2:9700 register finished
11:37:15.977 [main] INFO  c.b.w.BytesmartWebAdminApplication - [logStarted,61] - Started BytesmartWebAdminApplication in 6.819 seconds (JVM running for 7.397)
11:37:15.995 [main] INFO  c.a.c.n.r.NacosContextRefresher - [registerNacosListener,129] - [Nacos Config] Listening config: dataId=bytesmart-web-admin, group=DEFAULT_GROUP
11:37:15.996 [main] INFO  c.a.c.n.r.NacosContextRefresher - [registerNacosListener,129] - [Nacos Config] Listening config: dataId=bytesmart-web-admin.yml, group=DEFAULT_GROUP
11:37:15.997 [main] INFO  c.a.c.n.r.NacosContextRefresher - [registerNacosListener,129] - [Nacos Config] Listening config: dataId=bytesmart-web-admin-dev.yml, group=DEFAULT_GROUP
11:37:16.240 [RMI TCP Connection(1)-192.168.1.2] INFO  o.a.c.c.C.[.[.[/] - [log,173] - Initializing Spring DispatcherServlet 'dispatcherServlet'
16:26:19.562 [main] INFO  c.a.n.c.e.SearchableProperties - [sortPropertySourceDefaultOrder,197] - properties search order:PROPERTIES->JVM->ENV->DEFAULT_SETTING
16:26:19.613 [background-preinit] INFO  o.h.v.i.util.Version - [<clinit>,21] - HV000001: Hibernate Validator 6.2.5.Final
16:26:19.915 [main] INFO  c.a.n.p.a.s.c.ClientAuthPluginManager - [init,56] - [ClientAuthPluginManager] Load ClientAuthService com.alibaba.nacos.client.auth.impl.NacosClientAuthServiceImpl success.
16:26:19.915 [main] INFO  c.a.n.p.a.s.c.ClientAuthPluginManager - [init,56] - [ClientAuthPluginManager] Load ClientAuthService com.alibaba.nacos.client.auth.ram.RamClientAuthServiceImpl success.
16:26:21.144 [main] INFO  c.b.w.BytesmartWebAdminApplication - [logStartupProfileInfo,637] - The following 1 profile is active: "dev"
16:26:24.082 [main] INFO  o.a.c.h.Http11NioProtocol - [log,173] - Initializing ProtocolHandler ["http-nio-9700"]
16:26:24.084 [main] INFO  o.a.c.c.StandardService - [log,173] - Starting service [Tomcat]
16:26:24.084 [main] INFO  o.a.c.c.StandardEngine - [log,173] - Starting Servlet engine: [Apache Tomcat/9.0.76]
16:26:24.231 [main] INFO  o.a.c.c.C.[.[.[/] - [log,173] - Initializing Spring embedded WebApplicationContext
16:26:24.682 [main] INFO  c.a.d.p.DruidDataSource - [init,996] - {dataSource-1,master} inited
16:26:24.682 [main] INFO  c.b.d.d.DynamicRoutingDataSource - [addDataSource,154] - dynamic-datasource - add a datasource named [master] success
16:26:24.682 [main] INFO  c.b.d.d.DynamicRoutingDataSource - [afterPropertiesSet,234] - dynamic-datasource initial loaded [1] datasource,primary datasource named [master]
16:26:26.151 [main] INFO  c.a.c.s.SentinelWebMvcConfigurer - [addInterceptors,52] - [Sentinel Starter] register SentinelWebInterceptor with urlPatterns: [/**].
16:26:27.266 [main] INFO  o.a.c.h.Http11NioProtocol - [log,173] - Starting ProtocolHandler ["http-nio-9700"]
16:26:27.298 [main] INFO  c.a.n.p.a.s.c.ClientAuthPluginManager - [init,56] - [ClientAuthPluginManager] Load ClientAuthService com.alibaba.nacos.client.auth.impl.NacosClientAuthServiceImpl success.
16:26:27.298 [main] INFO  c.a.n.p.a.s.c.ClientAuthPluginManager - [init,56] - [ClientAuthPluginManager] Load ClientAuthService com.alibaba.nacos.client.auth.ram.RamClientAuthServiceImpl success.
16:26:27.510 [main] INFO  c.a.c.n.r.NacosServiceRegistry - [register,76] - nacos registry, DEFAULT_GROUP bytesmart-web-admin 192.168.1.2:9700 register finished
16:26:27.912 [main] INFO  c.b.w.BytesmartWebAdminApplication - [logStarted,61] - Started BytesmartWebAdminApplication in 8.847 seconds (JVM running for 9.484)
16:26:27.928 [main] INFO  c.a.c.n.r.NacosContextRefresher - [registerNacosListener,129] - [Nacos Config] Listening config: dataId=bytesmart-web-admin, group=DEFAULT_GROUP
16:26:27.944 [main] INFO  c.a.c.n.r.NacosContextRefresher - [registerNacosListener,129] - [Nacos Config] Listening config: dataId=bytesmart-web-admin.yml, group=DEFAULT_GROUP
16:26:27.944 [main] INFO  c.a.c.n.r.NacosContextRefresher - [registerNacosListener,129] - [Nacos Config] Listening config: dataId=bytesmart-web-admin-dev.yml, group=DEFAULT_GROUP
16:26:28.350 [RMI TCP Connection(2)-192.168.1.2] INFO  o.a.c.c.C.[.[.[/] - [log,173] - Initializing Spring DispatcherServlet 'dispatcherServlet'
17:05:12.202 [main] INFO  c.a.n.c.e.SearchableProperties - [sortPropertySourceDefaultOrder,197] - properties search order:PROPERTIES->JVM->ENV->DEFAULT_SETTING
17:05:12.236 [background-preinit] INFO  o.h.v.i.util.Version - [<clinit>,21] - HV000001: Hibernate Validator 6.2.5.Final
17:05:12.504 [main] INFO  c.a.n.p.a.s.c.ClientAuthPluginManager - [init,56] - [ClientAuthPluginManager] Load ClientAuthService com.alibaba.nacos.client.auth.impl.NacosClientAuthServiceImpl success.
17:05:12.504 [main] INFO  c.a.n.p.a.s.c.ClientAuthPluginManager - [init,56] - [ClientAuthPluginManager] Load ClientAuthService com.alibaba.nacos.client.auth.ram.RamClientAuthServiceImpl success.
17:05:13.666 [main] INFO  c.b.w.BytesmartWebAdminApplication - [logStartupProfileInfo,637] - The following 1 profile is active: "dev"
17:05:16.617 [main] INFO  o.a.c.h.Http11NioProtocol - [log,173] - Initializing ProtocolHandler ["http-nio-9700"]
17:05:16.617 [main] INFO  o.a.c.c.StandardService - [log,173] - Starting service [Tomcat]
17:05:16.617 [main] INFO  o.a.c.c.StandardEngine - [log,173] - Starting Servlet engine: [Apache Tomcat/9.0.76]
17:05:16.745 [main] INFO  o.a.c.c.C.[.[.[/] - [log,173] - Initializing Spring embedded WebApplicationContext
17:05:17.168 [main] INFO  c.a.d.p.DruidDataSource - [init,996] - {dataSource-1,master} inited
17:05:17.168 [main] INFO  c.b.d.d.DynamicRoutingDataSource - [addDataSource,154] - dynamic-datasource - add a datasource named [master] success
17:05:17.168 [main] INFO  c.b.d.d.DynamicRoutingDataSource - [afterPropertiesSet,234] - dynamic-datasource initial loaded [1] datasource,primary datasource named [master]
17:05:17.663 [main] INFO  c.b.d.d.DynamicRoutingDataSource - [destroy,211] - dynamic-datasource start closing ....
17:05:17.665 [main] INFO  c.a.d.p.DruidDataSource - [close,2138] - {dataSource-1} closing ...
17:05:17.674 [main] INFO  c.a.d.p.DruidDataSource - [close,2211] - {dataSource-1} closed
17:05:17.674 [main] INFO  c.b.d.d.DynamicRoutingDataSource - [destroy,215] - dynamic-datasource all closed success,bye
17:05:17.674 [main] INFO  o.a.c.c.StandardService - [log,173] - Stopping service [Tomcat]
17:38:34.813 [main] INFO  c.a.n.c.e.SearchableProperties - [sortPropertySourceDefaultOrder,197] - properties search order:PROPERTIES->JVM->ENV->DEFAULT_SETTING
17:38:34.844 [background-preinit] INFO  o.h.v.i.util.Version - [<clinit>,21] - HV000001: Hibernate Validator 6.2.5.Final
17:38:35.061 [main] INFO  c.a.n.p.a.s.c.ClientAuthPluginManager - [init,56] - [ClientAuthPluginManager] Load ClientAuthService com.alibaba.nacos.client.auth.impl.NacosClientAuthServiceImpl success.
17:38:35.061 [main] INFO  c.a.n.p.a.s.c.ClientAuthPluginManager - [init,56] - [ClientAuthPluginManager] Load ClientAuthService com.alibaba.nacos.client.auth.ram.RamClientAuthServiceImpl success.
17:38:35.997 [main] INFO  c.b.w.BytesmartWebAdminApplication - [logStartupProfileInfo,637] - The following 1 profile is active: "dev"
17:38:37.701 [main] INFO  o.a.c.h.Http11NioProtocol - [log,173] - Initializing ProtocolHandler ["http-nio-9700"]
17:38:37.701 [main] INFO  o.a.c.c.StandardService - [log,173] - Starting service [Tomcat]
17:38:37.701 [main] INFO  o.a.c.c.StandardEngine - [log,173] - Starting Servlet engine: [Apache Tomcat/9.0.76]
17:38:37.815 [main] INFO  o.a.c.c.C.[.[.[/] - [log,173] - Initializing Spring embedded WebApplicationContext
17:38:38.550 [main] INFO  c.a.d.p.DruidDataSource - [init,996] - {dataSource-1,master} inited
17:38:38.550 [main] INFO  c.b.d.d.DynamicRoutingDataSource - [addDataSource,154] - dynamic-datasource - add a datasource named [master] success
17:38:38.550 [main] INFO  c.b.d.d.DynamicRoutingDataSource - [afterPropertiesSet,234] - dynamic-datasource initial loaded [1] datasource,primary datasource named [master]
17:38:39.230 [main] INFO  c.b.d.d.DynamicRoutingDataSource - [destroy,211] - dynamic-datasource start closing ....
17:38:39.230 [main] INFO  c.a.d.p.DruidDataSource - [close,2138] - {dataSource-1} closing ...
17:38:39.249 [main] INFO  c.a.d.p.DruidDataSource - [close,2211] - {dataSource-1} closed
17:38:39.249 [main] INFO  c.b.d.d.DynamicRoutingDataSource - [destroy,215] - dynamic-datasource all closed success,bye
17:38:39.249 [main] INFO  o.a.c.c.StandardService - [log,173] - Stopping service [Tomcat]
17:39:21.364 [main] INFO  c.a.n.c.e.SearchableProperties - [sortPropertySourceDefaultOrder,197] - properties search order:PROPERTIES->JVM->ENV->DEFAULT_SETTING
17:39:21.402 [background-preinit] INFO  o.h.v.i.util.Version - [<clinit>,21] - HV000001: Hibernate Validator 6.2.5.Final
17:39:21.677 [main] INFO  c.a.n.p.a.s.c.ClientAuthPluginManager - [init,56] - [ClientAuthPluginManager] Load ClientAuthService com.alibaba.nacos.client.auth.impl.NacosClientAuthServiceImpl success.
17:39:21.677 [main] INFO  c.a.n.p.a.s.c.ClientAuthPluginManager - [init,56] - [ClientAuthPluginManager] Load ClientAuthService com.alibaba.nacos.client.auth.ram.RamClientAuthServiceImpl success.
17:39:22.615 [main] INFO  c.b.w.BytesmartWebAdminApplication - [logStartupProfileInfo,637] - The following 1 profile is active: "dev"
17:39:24.167 [main] INFO  o.a.c.h.Http11NioProtocol - [log,173] - Initializing ProtocolHandler ["http-nio-9700"]
17:39:24.183 [main] INFO  o.a.c.c.StandardService - [log,173] - Starting service [Tomcat]
17:39:24.183 [main] INFO  o.a.c.c.StandardEngine - [log,173] - Starting Servlet engine: [Apache Tomcat/9.0.76]
17:39:24.287 [main] INFO  o.a.c.c.C.[.[.[/] - [log,173] - Initializing Spring embedded WebApplicationContext
17:39:24.666 [main] INFO  c.a.d.p.DruidDataSource - [init,996] - {dataSource-1,master} inited
17:39:24.666 [main] INFO  c.b.d.d.DynamicRoutingDataSource - [addDataSource,154] - dynamic-datasource - add a datasource named [master] success
17:39:24.666 [main] INFO  c.b.d.d.DynamicRoutingDataSource - [afterPropertiesSet,234] - dynamic-datasource initial loaded [1] datasource,primary datasource named [master]
17:39:26.079 [main] INFO  c.a.c.s.SentinelWebMvcConfigurer - [addInterceptors,52] - [Sentinel Starter] register SentinelWebInterceptor with urlPatterns: [/**].
17:39:27.254 [main] INFO  o.a.c.h.Http11NioProtocol - [log,173] - Starting ProtocolHandler ["http-nio-9700"]
17:39:27.279 [main] INFO  c.a.n.p.a.s.c.ClientAuthPluginManager - [init,56] - [ClientAuthPluginManager] Load ClientAuthService com.alibaba.nacos.client.auth.impl.NacosClientAuthServiceImpl success.
17:39:27.279 [main] INFO  c.a.n.p.a.s.c.ClientAuthPluginManager - [init,56] - [ClientAuthPluginManager] Load ClientAuthService com.alibaba.nacos.client.auth.ram.RamClientAuthServiceImpl success.
17:39:27.431 [main] INFO  c.a.c.n.r.NacosServiceRegistry - [register,76] - nacos registry, DEFAULT_GROUP bytesmart-web-admin 192.168.1.2:9700 register finished
17:39:27.916 [main] INFO  c.b.w.BytesmartWebAdminApplication - [logStarted,61] - Started BytesmartWebAdminApplication in 6.895 seconds (JVM running for 7.516)
17:39:27.932 [main] INFO  c.a.c.n.r.NacosContextRefresher - [registerNacosListener,129] - [Nacos Config] Listening config: dataId=bytesmart-web-admin, group=DEFAULT_GROUP
17:39:27.932 [main] INFO  c.a.c.n.r.NacosContextRefresher - [registerNacosListener,129] - [Nacos Config] Listening config: dataId=bytesmart-web-admin.yml, group=DEFAULT_GROUP
17:39:27.934 [main] INFO  c.a.c.n.r.NacosContextRefresher - [registerNacosListener,129] - [Nacos Config] Listening config: dataId=bytesmart-web-admin-dev.yml, group=DEFAULT_GROUP
17:39:28.549 [RMI TCP Connection(1)-192.168.1.2] INFO  o.a.c.c.C.[.[.[/] - [log,173] - Initializing Spring DispatcherServlet 'dispatcherServlet'
17:42:35.163 [main] INFO  c.a.n.c.e.SearchableProperties - [sortPropertySourceDefaultOrder,197] - properties search order:PROPERTIES->JVM->ENV->DEFAULT_SETTING
17:42:35.197 [background-preinit] INFO  o.h.v.i.util.Version - [<clinit>,21] - HV000001: Hibernate Validator 6.2.5.Final
17:42:35.460 [main] INFO  c.a.n.p.a.s.c.ClientAuthPluginManager - [init,56] - [ClientAuthPluginManager] Load ClientAuthService com.alibaba.nacos.client.auth.impl.NacosClientAuthServiceImpl success.
17:42:35.460 [main] INFO  c.a.n.p.a.s.c.ClientAuthPluginManager - [init,56] - [ClientAuthPluginManager] Load ClientAuthService com.alibaba.nacos.client.auth.ram.RamClientAuthServiceImpl success.
17:42:36.396 [main] INFO  c.b.w.BytesmartWebAdminApplication - [logStartupProfileInfo,637] - The following 1 profile is active: "dev"
17:42:38.215 [main] INFO  o.a.c.h.Http11NioProtocol - [log,173] - Initializing ProtocolHandler ["http-nio-9700"]
17:42:38.215 [main] INFO  o.a.c.c.StandardService - [log,173] - Starting service [Tomcat]
17:42:38.215 [main] INFO  o.a.c.c.StandardEngine - [log,173] - Starting Servlet engine: [Apache Tomcat/9.0.76]
17:42:38.346 [main] INFO  o.a.c.c.C.[.[.[/] - [log,173] - Initializing Spring embedded WebApplicationContext
17:42:38.867 [main] INFO  c.a.d.p.DruidDataSource - [init,996] - {dataSource-1,master} inited
17:42:38.867 [main] INFO  c.b.d.d.DynamicRoutingDataSource - [addDataSource,154] - dynamic-datasource - add a datasource named [master] success
17:42:38.872 [main] INFO  c.b.d.d.DynamicRoutingDataSource - [afterPropertiesSet,234] - dynamic-datasource initial loaded [1] datasource,primary datasource named [master]
17:42:40.264 [main] INFO  c.a.c.s.SentinelWebMvcConfigurer - [addInterceptors,52] - [Sentinel Starter] register SentinelWebInterceptor with urlPatterns: [/**].
17:42:41.531 [main] INFO  o.a.c.h.Http11NioProtocol - [log,173] - Starting ProtocolHandler ["http-nio-9700"]
17:42:41.551 [main] INFO  c.a.n.p.a.s.c.ClientAuthPluginManager - [init,56] - [ClientAuthPluginManager] Load ClientAuthService com.alibaba.nacos.client.auth.impl.NacosClientAuthServiceImpl success.
17:42:41.551 [main] INFO  c.a.n.p.a.s.c.ClientAuthPluginManager - [init,56] - [ClientAuthPluginManager] Load ClientAuthService com.alibaba.nacos.client.auth.ram.RamClientAuthServiceImpl success.
17:42:41.734 [main] INFO  c.a.c.n.r.NacosServiceRegistry - [register,76] - nacos registry, DEFAULT_GROUP bytesmart-web-admin 192.168.1.2:9700 register finished
17:42:42.166 [main] INFO  c.b.w.BytesmartWebAdminApplication - [logStarted,61] - Started BytesmartWebAdminApplication in 7.351 seconds (JVM running for 7.983)
17:42:42.182 [main] INFO  c.a.c.n.r.NacosContextRefresher - [registerNacosListener,129] - [Nacos Config] Listening config: dataId=bytesmart-web-admin, group=DEFAULT_GROUP
17:42:42.182 [main] INFO  c.a.c.n.r.NacosContextRefresher - [registerNacosListener,129] - [Nacos Config] Listening config: dataId=bytesmart-web-admin.yml, group=DEFAULT_GROUP
17:42:42.182 [main] INFO  c.a.c.n.r.NacosContextRefresher - [registerNacosListener,129] - [Nacos Config] Listening config: dataId=bytesmart-web-admin-dev.yml, group=DEFAULT_GROUP
17:42:42.584 [RMI TCP Connection(4)-192.168.1.2] INFO  o.a.c.c.C.[.[.[/] - [log,173] - Initializing Spring DispatcherServlet 'dispatcherServlet'
17:51:14.182 [main] INFO  c.a.n.c.e.SearchableProperties - [sortPropertySourceDefaultOrder,197] - properties search order:PROPERTIES->JVM->ENV->DEFAULT_SETTING
17:51:14.235 [background-preinit] INFO  o.h.v.i.util.Version - [<clinit>,21] - HV000001: Hibernate Validator 6.2.5.Final
17:51:14.508 [main] INFO  c.a.n.p.a.s.c.ClientAuthPluginManager - [init,56] - [ClientAuthPluginManager] Load ClientAuthService com.alibaba.nacos.client.auth.impl.NacosClientAuthServiceImpl success.
17:51:14.508 [main] INFO  c.a.n.p.a.s.c.ClientAuthPluginManager - [init,56] - [ClientAuthPluginManager] Load ClientAuthService com.alibaba.nacos.client.auth.ram.RamClientAuthServiceImpl success.
17:51:15.406 [main] INFO  c.b.w.BytesmartWebAdminApplication - [logStartupProfileInfo,637] - The following 1 profile is active: "dev"
17:51:17.046 [main] INFO  o.a.c.h.Http11NioProtocol - [log,173] - Initializing ProtocolHandler ["http-nio-9700"]
17:51:17.046 [main] INFO  o.a.c.c.StandardService - [log,173] - Starting service [Tomcat]
17:51:17.046 [main] INFO  o.a.c.c.StandardEngine - [log,173] - Starting Servlet engine: [Apache Tomcat/9.0.76]
17:51:17.165 [main] INFO  o.a.c.c.C.[.[.[/] - [log,173] - Initializing Spring embedded WebApplicationContext
17:51:17.542 [main] INFO  c.a.d.p.DruidDataSource - [init,996] - {dataSource-1,master} inited
17:51:17.544 [main] INFO  c.b.d.d.DynamicRoutingDataSource - [addDataSource,154] - dynamic-datasource - add a datasource named [master] success
17:51:17.544 [main] INFO  c.b.d.d.DynamicRoutingDataSource - [afterPropertiesSet,234] - dynamic-datasource initial loaded [1] datasource,primary datasource named [master]
17:51:19.026 [main] INFO  c.a.c.s.SentinelWebMvcConfigurer - [addInterceptors,52] - [Sentinel Starter] register SentinelWebInterceptor with urlPatterns: [/**].
17:51:20.106 [main] INFO  o.a.c.h.Http11NioProtocol - [log,173] - Starting ProtocolHandler ["http-nio-9700"]
17:51:20.122 [main] INFO  c.a.n.p.a.s.c.ClientAuthPluginManager - [init,56] - [ClientAuthPluginManager] Load ClientAuthService com.alibaba.nacos.client.auth.impl.NacosClientAuthServiceImpl success.
17:51:20.122 [main] INFO  c.a.n.p.a.s.c.ClientAuthPluginManager - [init,56] - [ClientAuthPluginManager] Load ClientAuthService com.alibaba.nacos.client.auth.ram.RamClientAuthServiceImpl success.
17:51:20.304 [main] INFO  c.a.c.n.r.NacosServiceRegistry - [register,76] - nacos registry, DEFAULT_GROUP bytesmart-web-admin 192.168.1.2:9700 register finished
17:51:20.687 [main] INFO  c.b.w.BytesmartWebAdminApplication - [logStarted,61] - Started BytesmartWebAdminApplication in 6.856 seconds (JVM running for 7.491)
17:51:20.719 [main] INFO  c.a.c.n.r.NacosContextRefresher - [registerNacosListener,129] - [Nacos Config] Listening config: dataId=bytesmart-web-admin, group=DEFAULT_GROUP
17:51:20.719 [main] INFO  c.a.c.n.r.NacosContextRefresher - [registerNacosListener,129] - [Nacos Config] Listening config: dataId=bytesmart-web-admin.yml, group=DEFAULT_GROUP
17:51:20.719 [main] INFO  c.a.c.n.r.NacosContextRefresher - [registerNacosListener,129] - [Nacos Config] Listening config: dataId=bytesmart-web-admin-dev.yml, group=DEFAULT_GROUP
17:51:20.991 [RMI TCP Connection(1)-192.168.1.2] INFO  o.a.c.c.C.[.[.[/] - [log,173] - Initializing Spring DispatcherServlet 'dispatcherServlet'
18:15:43.488 [main] INFO  c.a.n.c.e.SearchableProperties - [sortPropertySourceDefaultOrder,197] - properties search order:PROPERTIES->JVM->ENV->DEFAULT_SETTING
18:15:43.546 [background-preinit] INFO  o.h.v.i.util.Version - [<clinit>,21] - HV000001: Hibernate Validator 6.2.5.Final
18:15:43.897 [main] INFO  c.a.n.p.a.s.c.ClientAuthPluginManager - [init,56] - [ClientAuthPluginManager] Load ClientAuthService com.alibaba.nacos.client.auth.impl.NacosClientAuthServiceImpl success.
18:15:43.897 [main] INFO  c.a.n.p.a.s.c.ClientAuthPluginManager - [init,56] - [ClientAuthPluginManager] Load ClientAuthService com.alibaba.nacos.client.auth.ram.RamClientAuthServiceImpl success.
18:15:44.881 [main] INFO  c.b.w.BytesmartWebAdminApplication - [logStartupProfileInfo,637] - The following 1 profile is active: "dev"
18:15:46.514 [main] INFO  o.a.c.h.Http11NioProtocol - [log,173] - Initializing ProtocolHandler ["http-nio-9700"]
18:15:46.522 [main] INFO  o.a.c.c.StandardService - [log,173] - Starting service [Tomcat]
18:15:46.523 [main] INFO  o.a.c.c.StandardEngine - [log,173] - Starting Servlet engine: [Apache Tomcat/9.0.76]
18:15:46.646 [main] INFO  o.a.c.c.C.[.[.[/] - [log,173] - Initializing Spring embedded WebApplicationContext
18:15:47.088 [main] INFO  c.a.d.p.DruidDataSource - [init,996] - {dataSource-1,master} inited
18:15:47.088 [main] INFO  c.b.d.d.DynamicRoutingDataSource - [addDataSource,154] - dynamic-datasource - add a datasource named [master] success
18:15:47.088 [main] INFO  c.b.d.d.DynamicRoutingDataSource - [afterPropertiesSet,234] - dynamic-datasource initial loaded [1] datasource,primary datasource named [master]
18:15:48.552 [main] INFO  c.a.c.s.SentinelWebMvcConfigurer - [addInterceptors,52] - [Sentinel Starter] register SentinelWebInterceptor with urlPatterns: [/**].
18:15:49.715 [main] INFO  o.a.c.h.Http11NioProtocol - [log,173] - Starting ProtocolHandler ["http-nio-9700"]
18:15:49.763 [main] INFO  c.a.n.p.a.s.c.ClientAuthPluginManager - [init,56] - [ClientAuthPluginManager] Load ClientAuthService com.alibaba.nacos.client.auth.impl.NacosClientAuthServiceImpl success.
18:15:49.763 [main] INFO  c.a.n.p.a.s.c.ClientAuthPluginManager - [init,56] - [ClientAuthPluginManager] Load ClientAuthService com.alibaba.nacos.client.auth.ram.RamClientAuthServiceImpl success.
18:15:49.929 [main] INFO  c.a.c.n.r.NacosServiceRegistry - [register,76] - nacos registry, DEFAULT_GROUP bytesmart-web-admin 192.168.1.2:9700 register finished
18:15:50.283 [main] INFO  c.b.w.BytesmartWebAdminApplication - [logStarted,61] - Started BytesmartWebAdminApplication in 7.257 seconds (JVM running for 7.879)
18:15:50.298 [main] INFO  c.a.c.n.r.NacosContextRefresher - [registerNacosListener,129] - [Nacos Config] Listening config: dataId=bytesmart-web-admin, group=DEFAULT_GROUP
18:15:50.298 [main] INFO  c.a.c.n.r.NacosContextRefresher - [registerNacosListener,129] - [Nacos Config] Listening config: dataId=bytesmart-web-admin.yml, group=DEFAULT_GROUP
18:15:50.298 [main] INFO  c.a.c.n.r.NacosContextRefresher - [registerNacosListener,129] - [Nacos Config] Listening config: dataId=bytesmart-web-admin-dev.yml, group=DEFAULT_GROUP
18:15:50.931 [RMI TCP Connection(1)-192.168.1.2] INFO  o.a.c.c.C.[.[.[/] - [log,173] - Initializing Spring DispatcherServlet 'dispatcherServlet'
18:19:24.980 [main] INFO  c.a.n.c.e.SearchableProperties - [sortPropertySourceDefaultOrder,197] - properties search order:PROPERTIES->JVM->ENV->DEFAULT_SETTING
18:19:25.030 [background-preinit] INFO  o.h.v.i.util.Version - [<clinit>,21] - HV000001: Hibernate Validator 6.2.5.Final
18:19:25.287 [main] INFO  c.a.n.p.a.s.c.ClientAuthPluginManager - [init,56] - [ClientAuthPluginManager] Load ClientAuthService com.alibaba.nacos.client.auth.impl.NacosClientAuthServiceImpl success.
18:19:25.287 [main] INFO  c.a.n.p.a.s.c.ClientAuthPluginManager - [init,56] - [ClientAuthPluginManager] Load ClientAuthService com.alibaba.nacos.client.auth.ram.RamClientAuthServiceImpl success.
18:19:26.219 [main] INFO  c.b.w.BytesmartWebAdminApplication - [logStartupProfileInfo,637] - The following 1 profile is active: "dev"
18:19:27.845 [main] INFO  o.a.c.h.Http11NioProtocol - [log,173] - Initializing ProtocolHandler ["http-nio-9700"]
18:19:27.845 [main] INFO  o.a.c.c.StandardService - [log,173] - Starting service [Tomcat]
18:19:27.845 [main] INFO  o.a.c.c.StandardEngine - [log,173] - Starting Servlet engine: [Apache Tomcat/9.0.76]
18:19:27.998 [main] INFO  o.a.c.c.C.[.[.[/] - [log,173] - Initializing Spring embedded WebApplicationContext
18:19:28.350 [main] INFO  c.a.d.p.DruidDataSource - [init,996] - {dataSource-1,master} inited
18:19:28.350 [main] INFO  c.b.d.d.DynamicRoutingDataSource - [addDataSource,154] - dynamic-datasource - add a datasource named [master] success
18:19:28.350 [main] INFO  c.b.d.d.DynamicRoutingDataSource - [afterPropertiesSet,234] - dynamic-datasource initial loaded [1] datasource,primary datasource named [master]
18:19:29.733 [main] INFO  c.a.c.s.SentinelWebMvcConfigurer - [addInterceptors,52] - [Sentinel Starter] register SentinelWebInterceptor with urlPatterns: [/**].
18:19:30.876 [main] INFO  o.a.c.h.Http11NioProtocol - [log,173] - Starting ProtocolHandler ["http-nio-9700"]
18:19:30.894 [main] INFO  c.a.n.p.a.s.c.ClientAuthPluginManager - [init,56] - [ClientAuthPluginManager] Load ClientAuthService com.alibaba.nacos.client.auth.impl.NacosClientAuthServiceImpl success.
18:19:30.894 [main] INFO  c.a.n.p.a.s.c.ClientAuthPluginManager - [init,56] - [ClientAuthPluginManager] Load ClientAuthService com.alibaba.nacos.client.auth.ram.RamClientAuthServiceImpl success.
18:19:31.050 [main] INFO  c.a.c.n.r.NacosServiceRegistry - [register,76] - nacos registry, DEFAULT_GROUP bytesmart-web-admin 192.168.1.2:9700 register finished
18:19:31.425 [main] INFO  c.b.w.BytesmartWebAdminApplication - [logStarted,61] - Started BytesmartWebAdminApplication in 6.927 seconds (JVM running for 7.484)
18:19:31.435 [main] INFO  c.a.c.n.r.NacosContextRefresher - [registerNacosListener,129] - [Nacos Config] Listening config: dataId=bytesmart-web-admin, group=DEFAULT_GROUP
18:19:31.435 [main] INFO  c.a.c.n.r.NacosContextRefresher - [registerNacosListener,129] - [Nacos Config] Listening config: dataId=bytesmart-web-admin.yml, group=DEFAULT_GROUP
18:19:31.435 [main] INFO  c.a.c.n.r.NacosContextRefresher - [registerNacosListener,129] - [Nacos Config] Listening config: dataId=bytesmart-web-admin-dev.yml, group=DEFAULT_GROUP
18:19:31.767 [RMI TCP Connection(3)-192.168.1.2] INFO  o.a.c.c.C.[.[.[/] - [log,173] - Initializing Spring DispatcherServlet 'dispatcherServlet'
18:32:49.913 [main] INFO  c.a.n.c.e.SearchableProperties - [sortPropertySourceDefaultOrder,197] - properties search order:PROPERTIES->JVM->ENV->DEFAULT_SETTING
18:32:49.965 [background-preinit] INFO  o.h.v.i.util.Version - [<clinit>,21] - HV000001: Hibernate Validator 6.2.5.Final
18:32:50.235 [main] INFO  c.a.n.p.a.s.c.ClientAuthPluginManager - [init,56] - [ClientAuthPluginManager] Load ClientAuthService com.alibaba.nacos.client.auth.impl.NacosClientAuthServiceImpl success.
18:32:50.235 [main] INFO  c.a.n.p.a.s.c.ClientAuthPluginManager - [init,56] - [ClientAuthPluginManager] Load ClientAuthService com.alibaba.nacos.client.auth.ram.RamClientAuthServiceImpl success.
18:32:51.276 [main] INFO  c.b.w.BytesmartWebAdminApplication - [logStartupProfileInfo,637] - The following 1 profile is active: "dev"
18:32:53.061 [main] INFO  o.a.c.h.Http11NioProtocol - [log,173] - Initializing ProtocolHandler ["http-nio-9700"]
18:32:53.061 [main] INFO  o.a.c.c.StandardService - [log,173] - Starting service [Tomcat]
18:32:53.061 [main] INFO  o.a.c.c.StandardEngine - [log,173] - Starting Servlet engine: [Apache Tomcat/9.0.76]
18:32:53.189 [main] INFO  o.a.c.c.C.[.[.[/] - [log,173] - Initializing Spring embedded WebApplicationContext
18:32:53.549 [main] INFO  c.a.d.p.DruidDataSource - [init,996] - {dataSource-1,master} inited
18:32:53.549 [main] INFO  c.b.d.d.DynamicRoutingDataSource - [addDataSource,154] - dynamic-datasource - add a datasource named [master] success
18:32:53.549 [main] INFO  c.b.d.d.DynamicRoutingDataSource - [afterPropertiesSet,234] - dynamic-datasource initial loaded [1] datasource,primary datasource named [master]
18:32:55.087 [main] INFO  c.a.c.s.SentinelWebMvcConfigurer - [addInterceptors,52] - [Sentinel Starter] register SentinelWebInterceptor with urlPatterns: [/**].
18:32:56.356 [main] INFO  o.a.c.h.Http11NioProtocol - [log,173] - Starting ProtocolHandler ["http-nio-9700"]
18:32:56.380 [main] INFO  c.a.n.p.a.s.c.ClientAuthPluginManager - [init,56] - [ClientAuthPluginManager] Load ClientAuthService com.alibaba.nacos.client.auth.impl.NacosClientAuthServiceImpl success.
18:32:56.380 [main] INFO  c.a.n.p.a.s.c.ClientAuthPluginManager - [init,56] - [ClientAuthPluginManager] Load ClientAuthService com.alibaba.nacos.client.auth.ram.RamClientAuthServiceImpl success.
18:32:56.522 [main] INFO  c.a.c.n.r.NacosServiceRegistry - [register,76] - nacos registry, DEFAULT_GROUP bytesmart-web-admin 192.168.1.2:9700 register finished
18:32:56.963 [main] INFO  c.b.w.BytesmartWebAdminApplication - [logStarted,61] - Started BytesmartWebAdminApplication in 7.52 seconds (JVM running for 8.068)
18:32:56.963 [main] INFO  c.a.c.n.r.NacosContextRefresher - [registerNacosListener,129] - [Nacos Config] Listening config: dataId=bytesmart-web-admin, group=DEFAULT_GROUP
18:32:56.963 [main] INFO  c.a.c.n.r.NacosContextRefresher - [registerNacosListener,129] - [Nacos Config] Listening config: dataId=bytesmart-web-admin.yml, group=DEFAULT_GROUP
18:32:56.963 [main] INFO  c.a.c.n.r.NacosContextRefresher - [registerNacosListener,129] - [Nacos Config] Listening config: dataId=bytesmart-web-admin-dev.yml, group=DEFAULT_GROUP
18:32:57.351 [RMI TCP Connection(5)-192.168.1.2] INFO  o.a.c.c.C.[.[.[/] - [log,173] - Initializing Spring DispatcherServlet 'dispatcherServlet'
19:12:38.705 [main] INFO  c.a.n.c.e.SearchableProperties - [sortPropertySourceDefaultOrder,197] - properties search order:PROPERTIES->JVM->ENV->DEFAULT_SETTING
19:12:38.752 [background-preinit] INFO  o.h.v.i.util.Version - [<clinit>,21] - HV000001: Hibernate Validator 6.2.5.Final
19:12:39.030 [main] INFO  c.a.n.p.a.s.c.ClientAuthPluginManager - [init,56] - [ClientAuthPluginManager] Load ClientAuthService com.alibaba.nacos.client.auth.impl.NacosClientAuthServiceImpl success.
19:12:39.030 [main] INFO  c.a.n.p.a.s.c.ClientAuthPluginManager - [init,56] - [ClientAuthPluginManager] Load ClientAuthService com.alibaba.nacos.client.auth.ram.RamClientAuthServiceImpl success.
19:12:39.951 [main] INFO  c.b.w.BytesmartWebAdminApplication - [logStartupProfileInfo,637] - The following 1 profile is active: "dev"
19:12:41.882 [main] INFO  o.a.c.h.Http11NioProtocol - [log,173] - Initializing ProtocolHandler ["http-nio-9700"]
19:12:41.882 [main] INFO  o.a.c.c.StandardService - [log,173] - Starting service [Tomcat]
19:12:41.882 [main] INFO  o.a.c.c.StandardEngine - [log,173] - Starting Servlet engine: [Apache Tomcat/9.0.76]
19:12:42.014 [main] INFO  o.a.c.c.C.[.[.[/] - [log,173] - Initializing Spring embedded WebApplicationContext
19:12:42.432 [main] INFO  c.a.d.p.DruidDataSource - [init,996] - {dataSource-1,master} inited
19:12:42.432 [main] INFO  c.b.d.d.DynamicRoutingDataSource - [addDataSource,154] - dynamic-datasource - add a datasource named [master] success
19:12:42.432 [main] INFO  c.b.d.d.DynamicRoutingDataSource - [afterPropertiesSet,234] - dynamic-datasource initial loaded [1] datasource,primary datasource named [master]
19:12:43.196 [main] INFO  c.b.d.d.DynamicRoutingDataSource - [destroy,211] - dynamic-datasource start closing ....
19:12:43.199 [main] INFO  c.a.d.p.DruidDataSource - [close,2138] - {dataSource-1} closing ...
19:12:43.206 [main] INFO  c.a.d.p.DruidDataSource - [close,2211] - {dataSource-1} closed
19:12:43.206 [main] INFO  c.b.d.d.DynamicRoutingDataSource - [destroy,215] - dynamic-datasource all closed success,bye
19:12:43.206 [main] INFO  o.a.c.c.StandardService - [log,173] - Stopping service [Tomcat]
19:13:18.398 [main] INFO  c.a.n.c.e.SearchableProperties - [sortPropertySourceDefaultOrder,197] - properties search order:PROPERTIES->JVM->ENV->DEFAULT_SETTING
19:13:18.443 [background-preinit] INFO  o.h.v.i.util.Version - [<clinit>,21] - HV000001: Hibernate Validator 6.2.5.Final
19:13:18.788 [main] INFO  c.a.n.p.a.s.c.ClientAuthPluginManager - [init,56] - [ClientAuthPluginManager] Load ClientAuthService com.alibaba.nacos.client.auth.impl.NacosClientAuthServiceImpl success.
19:13:18.788 [main] INFO  c.a.n.p.a.s.c.ClientAuthPluginManager - [init,56] - [ClientAuthPluginManager] Load ClientAuthService com.alibaba.nacos.client.auth.ram.RamClientAuthServiceImpl success.
19:13:19.635 [main] INFO  c.b.w.BytesmartWebAdminApplication - [logStartupProfileInfo,637] - The following 1 profile is active: "dev"
19:13:21.365 [main] INFO  o.a.c.h.Http11NioProtocol - [log,173] - Initializing ProtocolHandler ["http-nio-9700"]
19:13:21.365 [main] INFO  o.a.c.c.StandardService - [log,173] - Starting service [Tomcat]
19:13:21.365 [main] INFO  o.a.c.c.StandardEngine - [log,173] - Starting Servlet engine: [Apache Tomcat/9.0.76]
19:13:21.488 [main] INFO  o.a.c.c.C.[.[.[/] - [log,173] - Initializing Spring embedded WebApplicationContext
19:13:21.947 [main] INFO  c.a.d.p.DruidDataSource - [init,996] - {dataSource-1,master} inited
19:13:21.947 [main] INFO  c.b.d.d.DynamicRoutingDataSource - [addDataSource,154] - dynamic-datasource - add a datasource named [master] success
19:13:21.947 [main] INFO  c.b.d.d.DynamicRoutingDataSource - [afterPropertiesSet,234] - dynamic-datasource initial loaded [1] datasource,primary datasource named [master]
19:13:23.318 [main] INFO  c.a.c.s.SentinelWebMvcConfigurer - [addInterceptors,52] - [Sentinel Starter] register SentinelWebInterceptor with urlPatterns: [/**].
19:13:24.477 [main] INFO  o.a.c.h.Http11NioProtocol - [log,173] - Starting ProtocolHandler ["http-nio-9700"]
19:13:24.501 [main] INFO  c.a.n.p.a.s.c.ClientAuthPluginManager - [init,56] - [ClientAuthPluginManager] Load ClientAuthService com.alibaba.nacos.client.auth.impl.NacosClientAuthServiceImpl success.
19:13:24.501 [main] INFO  c.a.n.p.a.s.c.ClientAuthPluginManager - [init,56] - [ClientAuthPluginManager] Load ClientAuthService com.alibaba.nacos.client.auth.ram.RamClientAuthServiceImpl success.
19:13:24.682 [main] INFO  c.a.c.n.r.NacosServiceRegistry - [register,76] - nacos registry, DEFAULT_GROUP bytesmart-web-admin 192.168.1.2:9700 register finished
19:13:25.066 [main] INFO  c.b.w.BytesmartWebAdminApplication - [logStarted,61] - Started BytesmartWebAdminApplication in 7.065 seconds (JVM running for 7.706)
19:13:25.084 [main] INFO  c.a.c.n.r.NacosContextRefresher - [registerNacosListener,129] - [Nacos Config] Listening config: dataId=bytesmart-web-admin, group=DEFAULT_GROUP
19:13:25.084 [main] INFO  c.a.c.n.r.NacosContextRefresher - [registerNacosListener,129] - [Nacos Config] Listening config: dataId=bytesmart-web-admin.yml, group=DEFAULT_GROUP
19:13:25.084 [main] INFO  c.a.c.n.r.NacosContextRefresher - [registerNacosListener,129] - [Nacos Config] Listening config: dataId=bytesmart-web-admin-dev.yml, group=DEFAULT_GROUP
19:13:25.268 [RMI TCP Connection(3)-192.168.1.2] INFO  o.a.c.c.C.[.[.[/] - [log,173] - Initializing Spring DispatcherServlet 'dispatcherServlet'
