10:08:31.579 [main] INFO  c.a.n.c.e.SearchableProperties - [sortPropertySourceDefaultOrder,197] - properties search order:PROPERTIES->JVM->ENV->DEFAULT_SETTING
10:08:31.615 [background-preinit] INFO  o.h.v.i.util.Version - [<clinit>,21] - HV000001: Hibernate Validator 6.2.5.Final
10:08:31.871 [main] INFO  c.a.n.p.a.s.c.ClientAuthPluginManager - [init,56] - [ClientAuthPluginManager] Load ClientAuthService com.alibaba.nacos.client.auth.impl.NacosClientAuthServiceImpl success.
10:08:31.871 [main] INFO  c.a.n.p.a.s.c.ClientAuthPluginManager - [init,56] - [ClientAuthPluginManager] Load ClientAuthService com.alibaba.nacos.client.auth.ram.RamClientAuthServiceImpl success.
10:08:32.956 [main] INFO  c.b.w.BytesmartWebAdminApplication - [logStartupProfileInfo,637] - The following 1 profile is active: "dev"
10:08:35.328 [main] INFO  o.a.c.h.Http11NioProtocol - [log,173] - Initializing ProtocolHandler ["http-nio-9700"]
10:08:35.330 [main] INFO  o.a.c.c.StandardService - [log,173] - Starting service [Tomcat]
10:08:35.330 [main] INFO  o.a.c.c.StandardEngine - [log,173] - Starting Servlet engine: [Apache Tomcat/9.0.76]
10:08:35.483 [main] INFO  o.a.c.c.C.[.[.[/] - [log,173] - Initializing Spring embedded WebApplicationContext
10:08:35.793 [main] INFO  c.a.d.p.DruidDataSource - [init,996] - {dataSource-1,master} inited
10:08:35.794 [main] INFO  c.b.d.d.DynamicRoutingDataSource - [addDataSource,154] - dynamic-datasource - add a datasource named [master] success
10:08:35.794 [main] INFO  c.b.d.d.DynamicRoutingDataSource - [afterPropertiesSet,234] - dynamic-datasource initial loaded [1] datasource,primary datasource named [master]
10:08:36.198 [main] INFO  c.b.d.d.DynamicRoutingDataSource - [destroy,211] - dynamic-datasource start closing ....
10:08:36.202 [main] INFO  c.a.d.p.DruidDataSource - [close,2138] - {dataSource-1} closing ...
10:08:36.214 [main] INFO  c.a.d.p.DruidDataSource - [close,2211] - {dataSource-1} closed
10:08:36.215 [main] INFO  c.b.d.d.DynamicRoutingDataSource - [destroy,215] - dynamic-datasource all closed success,bye
10:08:36.216 [main] INFO  o.a.c.c.StandardService - [log,173] - Stopping service [Tomcat]
10:10:45.332 [main] INFO  c.a.n.c.e.SearchableProperties - [sortPropertySourceDefaultOrder,197] - properties search order:PROPERTIES->JVM->ENV->DEFAULT_SETTING
10:10:45.366 [background-preinit] INFO  o.h.v.i.util.Version - [<clinit>,21] - HV000001: Hibernate Validator 6.2.5.Final
10:10:45.601 [main] INFO  c.a.n.p.a.s.c.ClientAuthPluginManager - [init,56] - [ClientAuthPluginManager] Load ClientAuthService com.alibaba.nacos.client.auth.impl.NacosClientAuthServiceImpl success.
10:10:45.601 [main] INFO  c.a.n.p.a.s.c.ClientAuthPluginManager - [init,56] - [ClientAuthPluginManager] Load ClientAuthService com.alibaba.nacos.client.auth.ram.RamClientAuthServiceImpl success.
10:10:46.535 [main] INFO  c.b.w.BytesmartWebAdminApplication - [logStartupProfileInfo,637] - The following 1 profile is active: "dev"
10:10:48.033 [main] INFO  o.a.c.h.Http11NioProtocol - [log,173] - Initializing ProtocolHandler ["http-nio-9700"]
10:10:48.035 [main] INFO  o.a.c.c.StandardService - [log,173] - Starting service [Tomcat]
10:10:48.035 [main] INFO  o.a.c.c.StandardEngine - [log,173] - Starting Servlet engine: [Apache Tomcat/9.0.76]
10:10:48.153 [main] INFO  o.a.c.c.C.[.[.[/] - [log,173] - Initializing Spring embedded WebApplicationContext
10:10:48.476 [main] INFO  c.a.d.p.DruidDataSource - [init,996] - {dataSource-1,master} inited
10:10:48.477 [main] INFO  c.b.d.d.DynamicRoutingDataSource - [addDataSource,154] - dynamic-datasource - add a datasource named [master] success
10:10:48.477 [main] INFO  c.b.d.d.DynamicRoutingDataSource - [afterPropertiesSet,234] - dynamic-datasource initial loaded [1] datasource,primary datasource named [master]
10:10:49.817 [main] INFO  c.a.c.s.SentinelWebMvcConfigurer - [addInterceptors,52] - [Sentinel Starter] register SentinelWebInterceptor with urlPatterns: [/**].
10:10:50.943 [main] INFO  o.a.c.h.Http11NioProtocol - [log,173] - Starting ProtocolHandler ["http-nio-9700"]
10:10:50.965 [main] INFO  c.a.n.p.a.s.c.ClientAuthPluginManager - [init,56] - [ClientAuthPluginManager] Load ClientAuthService com.alibaba.nacos.client.auth.impl.NacosClientAuthServiceImpl success.
10:10:50.966 [main] INFO  c.a.n.p.a.s.c.ClientAuthPluginManager - [init,56] - [ClientAuthPluginManager] Load ClientAuthService com.alibaba.nacos.client.auth.ram.RamClientAuthServiceImpl success.
10:10:51.102 [main] INFO  c.a.c.n.r.NacosServiceRegistry - [register,76] - nacos registry, DEFAULT_GROUP bytesmart-web-admin 192.168.1.2:9700 register finished
10:10:51.470 [main] INFO  c.b.w.BytesmartWebAdminApplication - [logStarted,61] - Started BytesmartWebAdminApplication in 6.495 seconds (JVM running for 7.153)
10:10:51.482 [main] INFO  c.a.c.n.r.NacosContextRefresher - [registerNacosListener,129] - [Nacos Config] Listening config: dataId=bytesmart-web-admin, group=DEFAULT_GROUP
10:10:51.482 [main] INFO  c.a.c.n.r.NacosContextRefresher - [registerNacosListener,129] - [Nacos Config] Listening config: dataId=bytesmart-web-admin.yml, group=DEFAULT_GROUP
10:10:51.483 [main] INFO  c.a.c.n.r.NacosContextRefresher - [registerNacosListener,129] - [Nacos Config] Listening config: dataId=bytesmart-web-admin-dev.yml, group=DEFAULT_GROUP
10:10:52.019 [RMI TCP Connection(4)-192.168.1.2] INFO  o.a.c.c.C.[.[.[/] - [log,173] - Initializing Spring DispatcherServlet 'dispatcherServlet'
10:16:24.648 [main] INFO  c.a.n.c.e.SearchableProperties - [sortPropertySourceDefaultOrder,197] - properties search order:PROPERTIES->JVM->ENV->DEFAULT_SETTING
10:16:24.689 [background-preinit] INFO  o.h.v.i.util.Version - [<clinit>,21] - HV000001: Hibernate Validator 6.2.5.Final
10:16:24.926 [main] INFO  c.a.n.p.a.s.c.ClientAuthPluginManager - [init,56] - [ClientAuthPluginManager] Load ClientAuthService com.alibaba.nacos.client.auth.impl.NacosClientAuthServiceImpl success.
10:16:24.926 [main] INFO  c.a.n.p.a.s.c.ClientAuthPluginManager - [init,56] - [ClientAuthPluginManager] Load ClientAuthService com.alibaba.nacos.client.auth.ram.RamClientAuthServiceImpl success.
10:16:25.874 [main] INFO  c.b.w.BytesmartWebAdminApplication - [logStartupProfileInfo,637] - The following 1 profile is active: "dev"
10:16:27.387 [main] INFO  o.a.c.h.Http11NioProtocol - [log,173] - Initializing ProtocolHandler ["http-nio-9700"]
10:16:27.389 [main] INFO  o.a.c.c.StandardService - [log,173] - Starting service [Tomcat]
10:16:27.389 [main] INFO  o.a.c.c.StandardEngine - [log,173] - Starting Servlet engine: [Apache Tomcat/9.0.76]
10:16:27.512 [main] INFO  o.a.c.c.C.[.[.[/] - [log,173] - Initializing Spring embedded WebApplicationContext
10:16:27.816 [main] INFO  c.a.d.p.DruidDataSource - [init,996] - {dataSource-1,master} inited
10:16:27.817 [main] INFO  c.b.d.d.DynamicRoutingDataSource - [addDataSource,154] - dynamic-datasource - add a datasource named [master] success
10:16:27.817 [main] INFO  c.b.d.d.DynamicRoutingDataSource - [afterPropertiesSet,234] - dynamic-datasource initial loaded [1] datasource,primary datasource named [master]
10:16:29.041 [main] INFO  c.a.c.s.SentinelWebMvcConfigurer - [addInterceptors,52] - [Sentinel Starter] register SentinelWebInterceptor with urlPatterns: [/**].
10:16:30.162 [main] INFO  o.a.c.h.Http11NioProtocol - [log,173] - Starting ProtocolHandler ["http-nio-9700"]
10:16:30.186 [main] INFO  c.a.n.p.a.s.c.ClientAuthPluginManager - [init,56] - [ClientAuthPluginManager] Load ClientAuthService com.alibaba.nacos.client.auth.impl.NacosClientAuthServiceImpl success.
10:16:30.187 [main] INFO  c.a.n.p.a.s.c.ClientAuthPluginManager - [init,56] - [ClientAuthPluginManager] Load ClientAuthService com.alibaba.nacos.client.auth.ram.RamClientAuthServiceImpl success.
10:16:30.315 [main] INFO  c.a.c.n.r.NacosServiceRegistry - [register,76] - nacos registry, DEFAULT_GROUP bytesmart-web-admin 192.168.1.2:9700 register finished
10:16:30.711 [main] INFO  c.b.w.BytesmartWebAdminApplication - [logStarted,61] - Started BytesmartWebAdminApplication in 6.438 seconds (JVM running for 7.108)
10:16:30.725 [main] INFO  c.a.c.n.r.NacosContextRefresher - [registerNacosListener,129] - [Nacos Config] Listening config: dataId=bytesmart-web-admin, group=DEFAULT_GROUP
10:16:30.726 [main] INFO  c.a.c.n.r.NacosContextRefresher - [registerNacosListener,129] - [Nacos Config] Listening config: dataId=bytesmart-web-admin.yml, group=DEFAULT_GROUP
10:16:30.727 [main] INFO  c.a.c.n.r.NacosContextRefresher - [registerNacosListener,129] - [Nacos Config] Listening config: dataId=bytesmart-web-admin-dev.yml, group=DEFAULT_GROUP
10:16:31.364 [RMI TCP Connection(2)-192.168.1.2] INFO  o.a.c.c.C.[.[.[/] - [log,173] - Initializing Spring DispatcherServlet 'dispatcherServlet'
10:20:34.222 [main] INFO  c.a.n.c.e.SearchableProperties - [sortPropertySourceDefaultOrder,197] - properties search order:PROPERTIES->JVM->ENV->DEFAULT_SETTING
10:20:34.266 [background-preinit] INFO  o.h.v.i.util.Version - [<clinit>,21] - HV000001: Hibernate Validator 6.2.5.Final
10:20:34.550 [main] INFO  c.a.n.p.a.s.c.ClientAuthPluginManager - [init,56] - [ClientAuthPluginManager] Load ClientAuthService com.alibaba.nacos.client.auth.impl.NacosClientAuthServiceImpl success.
10:20:34.551 [main] INFO  c.a.n.p.a.s.c.ClientAuthPluginManager - [init,56] - [ClientAuthPluginManager] Load ClientAuthService com.alibaba.nacos.client.auth.ram.RamClientAuthServiceImpl success.
10:20:35.516 [main] INFO  c.b.w.BytesmartWebAdminApplication - [logStartupProfileInfo,637] - The following 1 profile is active: "dev"
10:20:37.045 [main] INFO  o.a.c.h.Http11NioProtocol - [log,173] - Initializing ProtocolHandler ["http-nio-9700"]
10:20:37.046 [main] INFO  o.a.c.c.StandardService - [log,173] - Starting service [Tomcat]
10:20:37.046 [main] INFO  o.a.c.c.StandardEngine - [log,173] - Starting Servlet engine: [Apache Tomcat/9.0.76]
10:20:37.175 [main] INFO  o.a.c.c.C.[.[.[/] - [log,173] - Initializing Spring embedded WebApplicationContext
10:20:37.483 [main] INFO  c.a.d.p.DruidDataSource - [init,996] - {dataSource-1,master} inited
10:20:37.484 [main] INFO  c.b.d.d.DynamicRoutingDataSource - [addDataSource,154] - dynamic-datasource - add a datasource named [master] success
10:20:37.484 [main] INFO  c.b.d.d.DynamicRoutingDataSource - [afterPropertiesSet,234] - dynamic-datasource initial loaded [1] datasource,primary datasource named [master]
10:20:38.743 [main] INFO  c.a.c.s.SentinelWebMvcConfigurer - [addInterceptors,52] - [Sentinel Starter] register SentinelWebInterceptor with urlPatterns: [/**].
10:20:39.904 [main] INFO  o.a.c.h.Http11NioProtocol - [log,173] - Starting ProtocolHandler ["http-nio-9700"]
10:20:39.923 [main] INFO  c.a.n.p.a.s.c.ClientAuthPluginManager - [init,56] - [ClientAuthPluginManager] Load ClientAuthService com.alibaba.nacos.client.auth.impl.NacosClientAuthServiceImpl success.
10:20:39.924 [main] INFO  c.a.n.p.a.s.c.ClientAuthPluginManager - [init,56] - [ClientAuthPluginManager] Load ClientAuthService com.alibaba.nacos.client.auth.ram.RamClientAuthServiceImpl success.
10:20:40.058 [main] INFO  c.a.c.n.r.NacosServiceRegistry - [register,76] - nacos registry, DEFAULT_GROUP bytesmart-web-admin 192.168.1.2:9700 register finished
10:20:40.451 [main] INFO  c.b.w.BytesmartWebAdminApplication - [logStarted,61] - Started BytesmartWebAdminApplication in 6.583 seconds (JVM running for 7.239)
10:20:40.462 [main] INFO  c.a.c.n.r.NacosContextRefresher - [registerNacosListener,129] - [Nacos Config] Listening config: dataId=bytesmart-web-admin, group=DEFAULT_GROUP
10:20:40.463 [main] INFO  c.a.c.n.r.NacosContextRefresher - [registerNacosListener,129] - [Nacos Config] Listening config: dataId=bytesmart-web-admin.yml, group=DEFAULT_GROUP
10:20:40.464 [main] INFO  c.a.c.n.r.NacosContextRefresher - [registerNacosListener,129] - [Nacos Config] Listening config: dataId=bytesmart-web-admin-dev.yml, group=DEFAULT_GROUP
10:20:40.857 [RMI TCP Connection(4)-192.168.1.2] INFO  o.a.c.c.C.[.[.[/] - [log,173] - Initializing Spring DispatcherServlet 'dispatcherServlet'
10:37:15.619 [main] INFO  c.a.n.c.e.SearchableProperties - [sortPropertySourceDefaultOrder,197] - properties search order:PROPERTIES->JVM->ENV->DEFAULT_SETTING
10:37:15.656 [background-preinit] INFO  o.h.v.i.util.Version - [<clinit>,21] - HV000001: Hibernate Validator 6.2.5.Final
10:37:15.900 [main] INFO  c.a.n.p.a.s.c.ClientAuthPluginManager - [init,56] - [ClientAuthPluginManager] Load ClientAuthService com.alibaba.nacos.client.auth.impl.NacosClientAuthServiceImpl success.
10:37:15.900 [main] INFO  c.a.n.p.a.s.c.ClientAuthPluginManager - [init,56] - [ClientAuthPluginManager] Load ClientAuthService com.alibaba.nacos.client.auth.ram.RamClientAuthServiceImpl success.
10:37:16.848 [main] INFO  c.b.w.BytesmartWebAdminApplication - [logStartupProfileInfo,637] - The following 1 profile is active: "dev"
10:37:18.365 [main] INFO  o.a.c.h.Http11NioProtocol - [log,173] - Initializing ProtocolHandler ["http-nio-9700"]
10:37:18.366 [main] INFO  o.a.c.c.StandardService - [log,173] - Starting service [Tomcat]
10:37:18.366 [main] INFO  o.a.c.c.StandardEngine - [log,173] - Starting Servlet engine: [Apache Tomcat/9.0.76]
10:37:18.486 [main] INFO  o.a.c.c.C.[.[.[/] - [log,173] - Initializing Spring embedded WebApplicationContext
10:37:18.754 [main] INFO  c.a.d.p.DruidDataSource - [init,996] - {dataSource-1,master} inited
10:37:18.755 [main] INFO  c.b.d.d.DynamicRoutingDataSource - [addDataSource,154] - dynamic-datasource - add a datasource named [master] success
10:37:18.755 [main] INFO  c.b.d.d.DynamicRoutingDataSource - [afterPropertiesSet,234] - dynamic-datasource initial loaded [1] datasource,primary datasource named [master]
10:37:19.967 [main] INFO  c.a.c.s.SentinelWebMvcConfigurer - [addInterceptors,52] - [Sentinel Starter] register SentinelWebInterceptor with urlPatterns: [/**].
10:37:21.083 [main] INFO  o.a.c.h.Http11NioProtocol - [log,173] - Starting ProtocolHandler ["http-nio-9700"]
10:37:21.103 [main] INFO  c.a.n.p.a.s.c.ClientAuthPluginManager - [init,56] - [ClientAuthPluginManager] Load ClientAuthService com.alibaba.nacos.client.auth.impl.NacosClientAuthServiceImpl success.
10:37:21.103 [main] INFO  c.a.n.p.a.s.c.ClientAuthPluginManager - [init,56] - [ClientAuthPluginManager] Load ClientAuthService com.alibaba.nacos.client.auth.ram.RamClientAuthServiceImpl success.
10:37:21.242 [main] INFO  c.a.c.n.r.NacosServiceRegistry - [register,76] - nacos registry, DEFAULT_GROUP bytesmart-web-admin 192.168.1.2:9700 register finished
10:37:21.642 [main] INFO  c.b.w.BytesmartWebAdminApplication - [logStarted,61] - Started BytesmartWebAdminApplication in 6.39 seconds (JVM running for 7.008)
10:37:21.652 [main] INFO  c.a.c.n.r.NacosContextRefresher - [registerNacosListener,129] - [Nacos Config] Listening config: dataId=bytesmart-web-admin, group=DEFAULT_GROUP
10:37:21.653 [main] INFO  c.a.c.n.r.NacosContextRefresher - [registerNacosListener,129] - [Nacos Config] Listening config: dataId=bytesmart-web-admin.yml, group=DEFAULT_GROUP
10:37:21.654 [main] INFO  c.a.c.n.r.NacosContextRefresher - [registerNacosListener,129] - [Nacos Config] Listening config: dataId=bytesmart-web-admin-dev.yml, group=DEFAULT_GROUP
10:37:22.267 [RMI TCP Connection(2)-192.168.1.2] INFO  o.a.c.c.C.[.[.[/] - [log,173] - Initializing Spring DispatcherServlet 'dispatcherServlet'
15:38:46.296 [main] INFO  c.a.n.c.e.SearchableProperties - [sortPropertySourceDefaultOrder,197] - properties search order:PROPERTIES->JVM->ENV->DEFAULT_SETTING
15:38:46.329 [background-preinit] INFO  o.h.v.i.util.Version - [<clinit>,21] - HV000001: Hibernate Validator 6.2.5.Final
15:38:46.554 [main] INFO  c.a.n.p.a.s.c.ClientAuthPluginManager - [init,56] - [ClientAuthPluginManager] Load ClientAuthService com.alibaba.nacos.client.auth.impl.NacosClientAuthServiceImpl success.
15:38:46.554 [main] INFO  c.a.n.p.a.s.c.ClientAuthPluginManager - [init,56] - [ClientAuthPluginManager] Load ClientAuthService com.alibaba.nacos.client.auth.ram.RamClientAuthServiceImpl success.
15:38:47.582 [main] INFO  c.b.w.BytesmartWebAdminApplication - [logStartupProfileInfo,637] - The following 1 profile is active: "dev"
15:38:49.714 [main] INFO  o.a.c.h.Http11NioProtocol - [log,173] - Initializing ProtocolHandler ["http-nio-9700"]
15:38:49.715 [main] INFO  o.a.c.c.StandardService - [log,173] - Starting service [Tomcat]
15:38:49.715 [main] INFO  o.a.c.c.StandardEngine - [log,173] - Starting Servlet engine: [Apache Tomcat/9.0.76]
15:38:49.857 [main] INFO  o.a.c.c.C.[.[.[/] - [log,173] - Initializing Spring embedded WebApplicationContext
15:38:50.185 [main] INFO  c.a.d.p.DruidDataSource - [init,996] - {dataSource-1,master} inited
15:38:50.186 [main] INFO  c.b.d.d.DynamicRoutingDataSource - [addDataSource,154] - dynamic-datasource - add a datasource named [master] success
15:38:50.186 [main] INFO  c.b.d.d.DynamicRoutingDataSource - [afterPropertiesSet,234] - dynamic-datasource initial loaded [1] datasource,primary datasource named [master]
15:38:51.664 [main] INFO  c.a.c.s.SentinelWebMvcConfigurer - [addInterceptors,52] - [Sentinel Starter] register SentinelWebInterceptor with urlPatterns: [/**].
15:38:52.728 [main] INFO  o.a.c.h.Http11NioProtocol - [log,173] - Starting ProtocolHandler ["http-nio-9700"]
15:38:52.751 [main] INFO  c.a.n.p.a.s.c.ClientAuthPluginManager - [init,56] - [ClientAuthPluginManager] Load ClientAuthService com.alibaba.nacos.client.auth.impl.NacosClientAuthServiceImpl success.
15:38:52.751 [main] INFO  c.a.n.p.a.s.c.ClientAuthPluginManager - [init,56] - [ClientAuthPluginManager] Load ClientAuthService com.alibaba.nacos.client.auth.ram.RamClientAuthServiceImpl success.
15:38:52.913 [main] INFO  c.a.c.n.r.NacosServiceRegistry - [register,76] - nacos registry, DEFAULT_GROUP bytesmart-web-admin 192.168.1.2:9700 register finished
15:38:53.310 [main] INFO  c.b.w.BytesmartWebAdminApplication - [logStarted,61] - Started BytesmartWebAdminApplication in 7.327 seconds (JVM running for 7.95)
15:38:53.322 [main] INFO  c.a.c.n.r.NacosContextRefresher - [registerNacosListener,129] - [Nacos Config] Listening config: dataId=bytesmart-web-admin, group=DEFAULT_GROUP
15:38:53.323 [main] INFO  c.a.c.n.r.NacosContextRefresher - [registerNacosListener,129] - [Nacos Config] Listening config: dataId=bytesmart-web-admin.yml, group=DEFAULT_GROUP
15:38:53.324 [main] INFO  c.a.c.n.r.NacosContextRefresher - [registerNacosListener,129] - [Nacos Config] Listening config: dataId=bytesmart-web-admin-dev.yml, group=DEFAULT_GROUP
15:38:53.611 [RMI TCP Connection(5)-192.168.1.2] INFO  o.a.c.c.C.[.[.[/] - [log,173] - Initializing Spring DispatcherServlet 'dispatcherServlet'
15:49:52.199 [main] INFO  c.a.n.c.e.SearchableProperties - [sortPropertySourceDefaultOrder,197] - properties search order:PROPERTIES->JVM->ENV->DEFAULT_SETTING
15:49:52.238 [background-preinit] INFO  o.h.v.i.util.Version - [<clinit>,21] - HV000001: Hibernate Validator 6.2.5.Final
15:49:52.486 [main] INFO  c.a.n.p.a.s.c.ClientAuthPluginManager - [init,56] - [ClientAuthPluginManager] Load ClientAuthService com.alibaba.nacos.client.auth.impl.NacosClientAuthServiceImpl success.
15:49:52.486 [main] INFO  c.a.n.p.a.s.c.ClientAuthPluginManager - [init,56] - [ClientAuthPluginManager] Load ClientAuthService com.alibaba.nacos.client.auth.ram.RamClientAuthServiceImpl success.
15:49:53.416 [main] INFO  c.b.w.BytesmartWebAdminApplication - [logStartupProfileInfo,637] - The following 1 profile is active: "dev"
15:49:54.985 [main] INFO  o.a.c.h.Http11NioProtocol - [log,173] - Initializing ProtocolHandler ["http-nio-9700"]
15:49:54.987 [main] INFO  o.a.c.c.StandardService - [log,173] - Starting service [Tomcat]
15:49:54.987 [main] INFO  o.a.c.c.StandardEngine - [log,173] - Starting Servlet engine: [Apache Tomcat/9.0.76]
15:49:55.116 [main] INFO  o.a.c.c.C.[.[.[/] - [log,173] - Initializing Spring embedded WebApplicationContext
15:49:55.465 [main] INFO  c.a.d.p.DruidDataSource - [init,996] - {dataSource-1,master} inited
15:49:55.466 [main] INFO  c.b.d.d.DynamicRoutingDataSource - [addDataSource,154] - dynamic-datasource - add a datasource named [master] success
15:49:55.466 [main] INFO  c.b.d.d.DynamicRoutingDataSource - [afterPropertiesSet,234] - dynamic-datasource initial loaded [1] datasource,primary datasource named [master]
15:49:56.712 [main] INFO  c.a.c.s.SentinelWebMvcConfigurer - [addInterceptors,52] - [Sentinel Starter] register SentinelWebInterceptor with urlPatterns: [/**].
15:49:57.805 [main] INFO  o.a.c.h.Http11NioProtocol - [log,173] - Starting ProtocolHandler ["http-nio-9700"]
15:49:57.824 [main] INFO  c.a.n.p.a.s.c.ClientAuthPluginManager - [init,56] - [ClientAuthPluginManager] Load ClientAuthService com.alibaba.nacos.client.auth.impl.NacosClientAuthServiceImpl success.
15:49:57.825 [main] INFO  c.a.n.p.a.s.c.ClientAuthPluginManager - [init,56] - [ClientAuthPluginManager] Load ClientAuthService com.alibaba.nacos.client.auth.ram.RamClientAuthServiceImpl success.
15:49:57.958 [main] INFO  c.a.c.n.r.NacosServiceRegistry - [register,76] - nacos registry, DEFAULT_GROUP bytesmart-web-admin 192.168.1.2:9700 register finished
15:49:58.366 [main] INFO  c.b.w.BytesmartWebAdminApplication - [logStarted,61] - Started BytesmartWebAdminApplication in 6.542 seconds (JVM running for 7.174)
15:49:58.378 [main] INFO  c.a.c.n.r.NacosContextRefresher - [registerNacosListener,129] - [Nacos Config] Listening config: dataId=bytesmart-web-admin, group=DEFAULT_GROUP
15:49:58.378 [main] INFO  c.a.c.n.r.NacosContextRefresher - [registerNacosListener,129] - [Nacos Config] Listening config: dataId=bytesmart-web-admin.yml, group=DEFAULT_GROUP
15:49:58.379 [main] INFO  c.a.c.n.r.NacosContextRefresher - [registerNacosListener,129] - [Nacos Config] Listening config: dataId=bytesmart-web-admin-dev.yml, group=DEFAULT_GROUP
15:49:58.865 [RMI TCP Connection(2)-192.168.1.2] INFO  o.a.c.c.C.[.[.[/] - [log,173] - Initializing Spring DispatcherServlet 'dispatcherServlet'
21:47:58.211 [main] INFO  c.a.n.c.e.SearchableProperties - [sortPropertySourceDefaultOrder,197] - properties search order:PROPERTIES->JVM->ENV->DEFAULT_SETTING
21:47:58.243 [background-preinit] INFO  o.h.v.i.util.Version - [<clinit>,21] - HV000001: Hibernate Validator 6.2.5.Final
21:47:58.465 [main] INFO  c.a.n.p.a.s.c.ClientAuthPluginManager - [init,56] - [ClientAuthPluginManager] Load ClientAuthService com.alibaba.nacos.client.auth.impl.NacosClientAuthServiceImpl success.
21:47:58.465 [main] INFO  c.a.n.p.a.s.c.ClientAuthPluginManager - [init,56] - [ClientAuthPluginManager] Load ClientAuthService com.alibaba.nacos.client.auth.ram.RamClientAuthServiceImpl success.
21:47:59.683 [main] INFO  c.b.w.BytesmartWebAdminApplication - [logStartupProfileInfo,637] - The following 1 profile is active: "dev"
21:48:02.595 [main] INFO  o.a.c.h.Http11NioProtocol - [log,173] - Initializing ProtocolHandler ["http-nio-9700"]
21:48:02.597 [main] INFO  o.a.c.c.StandardService - [log,173] - Starting service [Tomcat]
21:48:02.597 [main] INFO  o.a.c.c.StandardEngine - [log,173] - Starting Servlet engine: [Apache Tomcat/9.0.76]
21:48:02.739 [main] INFO  o.a.c.c.C.[.[.[/] - [log,173] - Initializing Spring embedded WebApplicationContext
21:48:03.089 [main] INFO  c.a.d.p.DruidDataSource - [init,996] - {dataSource-1,master} inited
21:48:03.089 [main] INFO  c.b.d.d.DynamicRoutingDataSource - [addDataSource,154] - dynamic-datasource - add a datasource named [master] success
21:48:03.090 [main] INFO  c.b.d.d.DynamicRoutingDataSource - [afterPropertiesSet,234] - dynamic-datasource initial loaded [1] datasource,primary datasource named [master]
21:48:04.394 [main] INFO  c.a.c.s.SentinelWebMvcConfigurer - [addInterceptors,52] - [Sentinel Starter] register SentinelWebInterceptor with urlPatterns: [/**].
21:48:05.418 [main] INFO  o.a.c.h.Http11NioProtocol - [log,173] - Starting ProtocolHandler ["http-nio-9700"]
21:48:05.439 [main] INFO  c.a.n.p.a.s.c.ClientAuthPluginManager - [init,56] - [ClientAuthPluginManager] Load ClientAuthService com.alibaba.nacos.client.auth.impl.NacosClientAuthServiceImpl success.
21:48:05.439 [main] INFO  c.a.n.p.a.s.c.ClientAuthPluginManager - [init,56] - [ClientAuthPluginManager] Load ClientAuthService com.alibaba.nacos.client.auth.ram.RamClientAuthServiceImpl success.
21:48:05.647 [main] INFO  c.a.c.n.r.NacosServiceRegistry - [register,76] - nacos registry, DEFAULT_GROUP bytesmart-web-admin 192.168.1.2:9700 register finished
21:48:06.067 [main] INFO  c.b.w.BytesmartWebAdminApplication - [logStarted,61] - Started BytesmartWebAdminApplication in 8.227 seconds (JVM running for 8.894)
21:48:06.082 [main] INFO  c.a.c.n.r.NacosContextRefresher - [registerNacosListener,129] - [Nacos Config] Listening config: dataId=bytesmart-web-admin, group=DEFAULT_GROUP
21:48:06.083 [main] INFO  c.a.c.n.r.NacosContextRefresher - [registerNacosListener,129] - [Nacos Config] Listening config: dataId=bytesmart-web-admin.yml, group=DEFAULT_GROUP
21:48:06.085 [main] INFO  c.a.c.n.r.NacosContextRefresher - [registerNacosListener,129] - [Nacos Config] Listening config: dataId=bytesmart-web-admin-dev.yml, group=DEFAULT_GROUP
21:48:06.628 [RMI TCP Connection(4)-192.168.1.2] INFO  o.a.c.c.C.[.[.[/] - [log,173] - Initializing Spring DispatcherServlet 'dispatcherServlet'
21:52:55.316 [main] INFO  c.a.n.c.e.SearchableProperties - [sortPropertySourceDefaultOrder,197] - properties search order:PROPERTIES->JVM->ENV->DEFAULT_SETTING
21:52:55.358 [background-preinit] INFO  o.h.v.i.util.Version - [<clinit>,21] - HV000001: Hibernate Validator 6.2.5.Final
21:52:55.585 [main] INFO  c.a.n.p.a.s.c.ClientAuthPluginManager - [init,56] - [ClientAuthPluginManager] Load ClientAuthService com.alibaba.nacos.client.auth.impl.NacosClientAuthServiceImpl success.
21:52:55.585 [main] INFO  c.a.n.p.a.s.c.ClientAuthPluginManager - [init,56] - [ClientAuthPluginManager] Load ClientAuthService com.alibaba.nacos.client.auth.ram.RamClientAuthServiceImpl success.
21:52:56.622 [main] INFO  c.b.w.BytesmartWebAdminApplication - [logStartupProfileInfo,637] - The following 1 profile is active: "dev"
21:52:58.035 [main] INFO  o.a.c.h.Http11NioProtocol - [log,173] - Initializing ProtocolHandler ["http-nio-9700"]
21:52:58.037 [main] INFO  o.a.c.c.StandardService - [log,173] - Starting service [Tomcat]
21:52:58.037 [main] INFO  o.a.c.c.StandardEngine - [log,173] - Starting Servlet engine: [Apache Tomcat/9.0.76]
21:52:58.144 [main] INFO  o.a.c.c.C.[.[.[/] - [log,173] - Initializing Spring embedded WebApplicationContext
21:52:58.445 [main] INFO  c.a.d.p.DruidDataSource - [init,996] - {dataSource-1,master} inited
21:52:58.446 [main] INFO  c.b.d.d.DynamicRoutingDataSource - [addDataSource,154] - dynamic-datasource - add a datasource named [master] success
21:52:58.446 [main] INFO  c.b.d.d.DynamicRoutingDataSource - [afterPropertiesSet,234] - dynamic-datasource initial loaded [1] datasource,primary datasource named [master]
21:52:59.639 [main] INFO  c.a.c.s.SentinelWebMvcConfigurer - [addInterceptors,52] - [Sentinel Starter] register SentinelWebInterceptor with urlPatterns: [/**].
21:53:00.747 [main] INFO  o.a.c.h.Http11NioProtocol - [log,173] - Starting ProtocolHandler ["http-nio-9700"]
21:53:00.771 [main] INFO  c.a.n.p.a.s.c.ClientAuthPluginManager - [init,56] - [ClientAuthPluginManager] Load ClientAuthService com.alibaba.nacos.client.auth.impl.NacosClientAuthServiceImpl success.
21:53:00.771 [main] INFO  c.a.n.p.a.s.c.ClientAuthPluginManager - [init,56] - [ClientAuthPluginManager] Load ClientAuthService com.alibaba.nacos.client.auth.ram.RamClientAuthServiceImpl success.
21:53:00.909 [main] INFO  c.a.c.n.r.NacosServiceRegistry - [register,76] - nacos registry, DEFAULT_GROUP bytesmart-web-admin 192.168.1.2:9700 register finished
21:53:01.300 [main] INFO  c.b.w.BytesmartWebAdminApplication - [logStarted,61] - Started BytesmartWebAdminApplication in 6.36 seconds (JVM running for 6.982)
21:53:01.315 [main] INFO  c.a.c.n.r.NacosContextRefresher - [registerNacosListener,129] - [Nacos Config] Listening config: dataId=bytesmart-web-admin, group=DEFAULT_GROUP
21:53:01.315 [main] INFO  c.a.c.n.r.NacosContextRefresher - [registerNacosListener,129] - [Nacos Config] Listening config: dataId=bytesmart-web-admin.yml, group=DEFAULT_GROUP
21:53:01.317 [main] INFO  c.a.c.n.r.NacosContextRefresher - [registerNacosListener,129] - [Nacos Config] Listening config: dataId=bytesmart-web-admin-dev.yml, group=DEFAULT_GROUP
21:53:01.866 [RMI TCP Connection(2)-192.168.1.2] INFO  o.a.c.c.C.[.[.[/] - [log,173] - Initializing Spring DispatcherServlet 'dispatcherServlet'
22:58:02.251 [main] INFO  c.a.n.c.e.SearchableProperties - [sortPropertySourceDefaultOrder,197] - properties search order:PROPERTIES->JVM->ENV->DEFAULT_SETTING
22:58:02.294 [background-preinit] INFO  o.h.v.i.util.Version - [<clinit>,21] - HV000001: Hibernate Validator 6.2.5.Final
22:58:02.571 [main] INFO  c.a.n.p.a.s.c.ClientAuthPluginManager - [init,56] - [ClientAuthPluginManager] Load ClientAuthService com.alibaba.nacos.client.auth.impl.NacosClientAuthServiceImpl success.
22:58:02.572 [main] INFO  c.a.n.p.a.s.c.ClientAuthPluginManager - [init,56] - [ClientAuthPluginManager] Load ClientAuthService com.alibaba.nacos.client.auth.ram.RamClientAuthServiceImpl success.
22:58:03.722 [main] INFO  c.b.w.BytesmartWebAdminApplication - [logStartupProfileInfo,637] - The following 1 profile is active: "dev"
22:58:08.401 [main] INFO  c.a.n.c.e.SearchableProperties - [sortPropertySourceDefaultOrder,197] - properties search order:PROPERTIES->JVM->ENV->DEFAULT_SETTING
22:58:08.434 [background-preinit] INFO  o.h.v.i.util.Version - [<clinit>,21] - HV000001: Hibernate Validator 6.2.5.Final
22:58:08.642 [main] INFO  c.a.n.p.a.s.c.ClientAuthPluginManager - [init,56] - [ClientAuthPluginManager] Load ClientAuthService com.alibaba.nacos.client.auth.impl.NacosClientAuthServiceImpl success.
22:58:08.642 [main] INFO  c.a.n.p.a.s.c.ClientAuthPluginManager - [init,56] - [ClientAuthPluginManager] Load ClientAuthService com.alibaba.nacos.client.auth.ram.RamClientAuthServiceImpl success.
22:58:09.626 [main] INFO  c.b.w.BytesmartWebAdminApplication - [logStartupProfileInfo,637] - The following 1 profile is active: "dev"
22:58:11.004 [main] INFO  o.a.c.h.Http11NioProtocol - [log,173] - Initializing ProtocolHandler ["http-nio-9700"]
22:58:11.005 [main] INFO  o.a.c.c.StandardService - [log,173] - Starting service [Tomcat]
22:58:11.005 [main] INFO  o.a.c.c.StandardEngine - [log,173] - Starting Servlet engine: [Apache Tomcat/9.0.76]
22:58:11.137 [main] INFO  o.a.c.c.C.[.[.[/] - [log,173] - Initializing Spring embedded WebApplicationContext
22:58:11.485 [main] INFO  c.a.d.p.DruidDataSource - [init,996] - {dataSource-1,master} inited
22:58:11.486 [main] INFO  c.b.d.d.DynamicRoutingDataSource - [addDataSource,154] - dynamic-datasource - add a datasource named [master] success
22:58:11.486 [main] INFO  c.b.d.d.DynamicRoutingDataSource - [afterPropertiesSet,234] - dynamic-datasource initial loaded [1] datasource,primary datasource named [master]
22:58:12.719 [main] INFO  c.a.c.s.SentinelWebMvcConfigurer - [addInterceptors,52] - [Sentinel Starter] register SentinelWebInterceptor with urlPatterns: [/**].
22:58:13.713 [main] INFO  o.a.c.h.Http11NioProtocol - [log,173] - Starting ProtocolHandler ["http-nio-9700"]
22:58:13.734 [main] INFO  c.a.n.p.a.s.c.ClientAuthPluginManager - [init,56] - [ClientAuthPluginManager] Load ClientAuthService com.alibaba.nacos.client.auth.impl.NacosClientAuthServiceImpl success.
22:58:13.734 [main] INFO  c.a.n.p.a.s.c.ClientAuthPluginManager - [init,56] - [ClientAuthPluginManager] Load ClientAuthService com.alibaba.nacos.client.auth.ram.RamClientAuthServiceImpl success.
22:58:13.894 [main] INFO  c.a.c.n.r.NacosServiceRegistry - [register,76] - nacos registry, DEFAULT_GROUP bytesmart-web-admin 192.168.1.2:9700 register finished
22:58:14.243 [main] INFO  c.b.w.BytesmartWebAdminApplication - [logStarted,61] - Started BytesmartWebAdminApplication in 6.158 seconds (JVM running for 6.786)
22:58:14.252 [main] INFO  c.a.c.n.r.NacosContextRefresher - [registerNacosListener,129] - [Nacos Config] Listening config: dataId=bytesmart-web-admin, group=DEFAULT_GROUP
22:58:14.253 [main] INFO  c.a.c.n.r.NacosContextRefresher - [registerNacosListener,129] - [Nacos Config] Listening config: dataId=bytesmart-web-admin.yml, group=DEFAULT_GROUP
22:58:14.254 [main] INFO  c.a.c.n.r.NacosContextRefresher - [registerNacosListener,129] - [Nacos Config] Listening config: dataId=bytesmart-web-admin-dev.yml, group=DEFAULT_GROUP
22:58:14.566 [RMI TCP Connection(2)-192.168.1.2] INFO  o.a.c.c.C.[.[.[/] - [log,173] - Initializing Spring DispatcherServlet 'dispatcherServlet'
22:58:20.079 [main] INFO  c.a.n.c.e.SearchableProperties - [sortPropertySourceDefaultOrder,197] - properties search order:PROPERTIES->JVM->ENV->DEFAULT_SETTING
22:58:20.112 [background-preinit] INFO  o.h.v.i.util.Version - [<clinit>,21] - HV000001: Hibernate Validator 6.2.5.Final
22:58:20.353 [main] INFO  c.a.n.p.a.s.c.ClientAuthPluginManager - [init,56] - [ClientAuthPluginManager] Load ClientAuthService com.alibaba.nacos.client.auth.impl.NacosClientAuthServiceImpl success.
22:58:20.353 [main] INFO  c.a.n.p.a.s.c.ClientAuthPluginManager - [init,56] - [ClientAuthPluginManager] Load ClientAuthService com.alibaba.nacos.client.auth.ram.RamClientAuthServiceImpl success.
22:58:21.302 [main] INFO  c.b.w.BytesmartWebAdminApplication - [logStartupProfileInfo,637] - The following 1 profile is active: "dev"
22:58:22.665 [main] INFO  o.a.c.h.Http11NioProtocol - [log,173] - Initializing ProtocolHandler ["http-nio-9700"]
22:58:22.667 [main] INFO  o.a.c.c.StandardService - [log,173] - Starting service [Tomcat]
22:58:22.667 [main] INFO  o.a.c.c.StandardEngine - [log,173] - Starting Servlet engine: [Apache Tomcat/9.0.76]
22:58:22.784 [main] INFO  o.a.c.c.C.[.[.[/] - [log,173] - Initializing Spring embedded WebApplicationContext
22:58:23.106 [main] INFO  c.a.d.p.DruidDataSource - [init,996] - {dataSource-1,master} inited
22:58:23.107 [main] INFO  c.b.d.d.DynamicRoutingDataSource - [addDataSource,154] - dynamic-datasource - add a datasource named [master] success
22:58:23.107 [main] INFO  c.b.d.d.DynamicRoutingDataSource - [afterPropertiesSet,234] - dynamic-datasource initial loaded [1] datasource,primary datasource named [master]
22:58:26.510 [main] INFO  c.a.n.c.e.SearchableProperties - [sortPropertySourceDefaultOrder,197] - properties search order:PROPERTIES->JVM->ENV->DEFAULT_SETTING
22:58:26.544 [background-preinit] INFO  o.h.v.i.util.Version - [<clinit>,21] - HV000001: Hibernate Validator 6.2.5.Final
22:58:26.761 [main] INFO  c.a.n.p.a.s.c.ClientAuthPluginManager - [init,56] - [ClientAuthPluginManager] Load ClientAuthService com.alibaba.nacos.client.auth.impl.NacosClientAuthServiceImpl success.
22:58:26.762 [main] INFO  c.a.n.p.a.s.c.ClientAuthPluginManager - [init,56] - [ClientAuthPluginManager] Load ClientAuthService com.alibaba.nacos.client.auth.ram.RamClientAuthServiceImpl success.
22:58:27.768 [main] INFO  c.b.w.BytesmartWebAdminApplication - [logStartupProfileInfo,637] - The following 1 profile is active: "dev"
22:58:29.241 [main] INFO  o.a.c.h.Http11NioProtocol - [log,173] - Initializing ProtocolHandler ["http-nio-9700"]
22:58:29.253 [main] INFO  o.a.c.c.StandardService - [log,173] - Starting service [Tomcat]
22:58:29.253 [main] INFO  o.a.c.c.StandardEngine - [log,173] - Starting Servlet engine: [Apache Tomcat/9.0.76]
22:58:29.380 [main] INFO  o.a.c.c.C.[.[.[/] - [log,173] - Initializing Spring embedded WebApplicationContext
22:58:29.688 [main] INFO  c.a.d.p.DruidDataSource - [init,996] - {dataSource-1,master} inited
22:58:29.689 [main] INFO  c.b.d.d.DynamicRoutingDataSource - [addDataSource,154] - dynamic-datasource - add a datasource named [master] success
22:58:29.689 [main] INFO  c.b.d.d.DynamicRoutingDataSource - [afterPropertiesSet,234] - dynamic-datasource initial loaded [1] datasource,primary datasource named [master]
22:58:30.902 [main] INFO  c.a.c.s.SentinelWebMvcConfigurer - [addInterceptors,52] - [Sentinel Starter] register SentinelWebInterceptor with urlPatterns: [/**].
22:58:31.932 [main] INFO  o.a.c.h.Http11NioProtocol - [log,173] - Starting ProtocolHandler ["http-nio-9700"]
22:58:31.952 [main] INFO  c.a.n.p.a.s.c.ClientAuthPluginManager - [init,56] - [ClientAuthPluginManager] Load ClientAuthService com.alibaba.nacos.client.auth.impl.NacosClientAuthServiceImpl success.
22:58:31.952 [main] INFO  c.a.n.p.a.s.c.ClientAuthPluginManager - [init,56] - [ClientAuthPluginManager] Load ClientAuthService com.alibaba.nacos.client.auth.ram.RamClientAuthServiceImpl success.
22:58:32.158 [main] INFO  c.a.c.n.r.NacosServiceRegistry - [register,76] - nacos registry, DEFAULT_GROUP bytesmart-web-admin 192.168.1.2:9700 register finished
22:58:32.507 [main] INFO  c.b.w.BytesmartWebAdminApplication - [logStarted,61] - Started BytesmartWebAdminApplication in 6.375 seconds (JVM running for 7.063)
22:58:32.517 [main] INFO  c.a.c.n.r.NacosContextRefresher - [registerNacosListener,129] - [Nacos Config] Listening config: dataId=bytesmart-web-admin, group=DEFAULT_GROUP
22:58:32.517 [main] INFO  c.a.c.n.r.NacosContextRefresher - [registerNacosListener,129] - [Nacos Config] Listening config: dataId=bytesmart-web-admin.yml, group=DEFAULT_GROUP
22:58:32.519 [main] INFO  c.a.c.n.r.NacosContextRefresher - [registerNacosListener,129] - [Nacos Config] Listening config: dataId=bytesmart-web-admin-dev.yml, group=DEFAULT_GROUP
22:58:33.025 [RMI TCP Connection(2)-192.168.1.2] INFO  o.a.c.c.C.[.[.[/] - [log,173] - Initializing Spring DispatcherServlet 'dispatcherServlet'
22:59:35.499 [main] INFO  c.a.n.c.e.SearchableProperties - [sortPropertySourceDefaultOrder,197] - properties search order:PROPERTIES->JVM->ENV->DEFAULT_SETTING
22:59:35.531 [background-preinit] INFO  o.h.v.i.util.Version - [<clinit>,21] - HV000001: Hibernate Validator 6.2.5.Final
22:59:35.767 [main] INFO  c.a.n.p.a.s.c.ClientAuthPluginManager - [init,56] - [ClientAuthPluginManager] Load ClientAuthService com.alibaba.nacos.client.auth.impl.NacosClientAuthServiceImpl success.
22:59:35.767 [main] INFO  c.a.n.p.a.s.c.ClientAuthPluginManager - [init,56] - [ClientAuthPluginManager] Load ClientAuthService com.alibaba.nacos.client.auth.ram.RamClientAuthServiceImpl success.
22:59:36.643 [main] INFO  c.b.w.BytesmartWebAdminApplication - [logStartupProfileInfo,637] - The following 1 profile is active: "dev"
22:59:38.055 [main] INFO  o.a.c.h.Http11NioProtocol - [log,173] - Initializing ProtocolHandler ["http-nio-9700"]
22:59:38.056 [main] INFO  o.a.c.c.StandardService - [log,173] - Starting service [Tomcat]
22:59:38.056 [main] INFO  o.a.c.c.StandardEngine - [log,173] - Starting Servlet engine: [Apache Tomcat/9.0.76]
22:59:38.180 [main] INFO  o.a.c.c.C.[.[.[/] - [log,173] - Initializing Spring embedded WebApplicationContext
22:59:38.510 [main] INFO  c.a.d.p.DruidDataSource - [init,996] - {dataSource-1,master} inited
22:59:38.511 [main] INFO  c.b.d.d.DynamicRoutingDataSource - [addDataSource,154] - dynamic-datasource - add a datasource named [master] success
22:59:38.511 [main] INFO  c.b.d.d.DynamicRoutingDataSource - [afterPropertiesSet,234] - dynamic-datasource initial loaded [1] datasource,primary datasource named [master]
22:59:39.674 [main] INFO  c.a.c.s.SentinelWebMvcConfigurer - [addInterceptors,52] - [Sentinel Starter] register SentinelWebInterceptor with urlPatterns: [/**].
22:59:40.714 [main] INFO  o.a.c.h.Http11NioProtocol - [log,173] - Starting ProtocolHandler ["http-nio-9700"]
22:59:40.732 [main] INFO  c.a.n.p.a.s.c.ClientAuthPluginManager - [init,56] - [ClientAuthPluginManager] Load ClientAuthService com.alibaba.nacos.client.auth.impl.NacosClientAuthServiceImpl success.
22:59:40.732 [main] INFO  c.a.n.p.a.s.c.ClientAuthPluginManager - [init,56] - [ClientAuthPluginManager] Load ClientAuthService com.alibaba.nacos.client.auth.ram.RamClientAuthServiceImpl success.
22:59:40.875 [main] INFO  c.a.c.n.r.NacosServiceRegistry - [register,76] - nacos registry, DEFAULT_GROUP bytesmart-web-admin 192.168.1.2:9700 register finished
22:59:41.213 [main] INFO  c.b.w.BytesmartWebAdminApplication - [logStarted,61] - Started BytesmartWebAdminApplication in 6.043 seconds (JVM running for 6.659)
22:59:41.226 [main] INFO  c.a.c.n.r.NacosContextRefresher - [registerNacosListener,129] - [Nacos Config] Listening config: dataId=bytesmart-web-admin, group=DEFAULT_GROUP
22:59:41.227 [main] INFO  c.a.c.n.r.NacosContextRefresher - [registerNacosListener,129] - [Nacos Config] Listening config: dataId=bytesmart-web-admin.yml, group=DEFAULT_GROUP
22:59:41.228 [main] INFO  c.a.c.n.r.NacosContextRefresher - [registerNacosListener,129] - [Nacos Config] Listening config: dataId=bytesmart-web-admin-dev.yml, group=DEFAULT_GROUP
22:59:41.656 [RMI TCP Connection(3)-192.168.1.2] INFO  o.a.c.c.C.[.[.[/] - [log,173] - Initializing Spring DispatcherServlet 'dispatcherServlet'
22:59:45.680 [main] INFO  c.a.n.c.e.SearchableProperties - [sortPropertySourceDefaultOrder,197] - properties search order:PROPERTIES->JVM->ENV->DEFAULT_SETTING
22:59:45.723 [background-preinit] INFO  o.h.v.i.util.Version - [<clinit>,21] - HV000001: Hibernate Validator 6.2.5.Final
22:59:45.987 [main] INFO  c.a.n.p.a.s.c.ClientAuthPluginManager - [init,56] - [ClientAuthPluginManager] Load ClientAuthService com.alibaba.nacos.client.auth.impl.NacosClientAuthServiceImpl success.
22:59:45.987 [main] INFO  c.a.n.p.a.s.c.ClientAuthPluginManager - [init,56] - [ClientAuthPluginManager] Load ClientAuthService com.alibaba.nacos.client.auth.ram.RamClientAuthServiceImpl success.
22:59:46.857 [main] INFO  c.b.w.BytesmartWebAdminApplication - [logStartupProfileInfo,637] - The following 1 profile is active: "dev"
22:59:48.227 [main] INFO  o.a.c.h.Http11NioProtocol - [log,173] - Initializing ProtocolHandler ["http-nio-9700"]
22:59:48.228 [main] INFO  o.a.c.c.StandardService - [log,173] - Starting service [Tomcat]
22:59:48.228 [main] INFO  o.a.c.c.StandardEngine - [log,173] - Starting Servlet engine: [Apache Tomcat/9.0.76]
22:59:48.354 [main] INFO  o.a.c.c.C.[.[.[/] - [log,173] - Initializing Spring embedded WebApplicationContext
22:59:48.699 [main] INFO  c.a.d.p.DruidDataSource - [init,996] - {dataSource-1,master} inited
22:59:48.699 [main] INFO  c.b.d.d.DynamicRoutingDataSource - [addDataSource,154] - dynamic-datasource - add a datasource named [master] success
22:59:48.700 [main] INFO  c.b.d.d.DynamicRoutingDataSource - [afterPropertiesSet,234] - dynamic-datasource initial loaded [1] datasource,primary datasource named [master]
22:59:49.829 [main] INFO  c.a.c.s.SentinelWebMvcConfigurer - [addInterceptors,52] - [Sentinel Starter] register SentinelWebInterceptor with urlPatterns: [/**].
22:59:50.842 [main] INFO  o.a.c.h.Http11NioProtocol - [log,173] - Starting ProtocolHandler ["http-nio-9700"]
22:59:50.859 [main] INFO  c.a.n.p.a.s.c.ClientAuthPluginManager - [init,56] - [ClientAuthPluginManager] Load ClientAuthService com.alibaba.nacos.client.auth.impl.NacosClientAuthServiceImpl success.
22:59:50.860 [main] INFO  c.a.n.p.a.s.c.ClientAuthPluginManager - [init,56] - [ClientAuthPluginManager] Load ClientAuthService com.alibaba.nacos.client.auth.ram.RamClientAuthServiceImpl success.
22:59:51.019 [main] INFO  c.a.c.n.r.NacosServiceRegistry - [register,76] - nacos registry, DEFAULT_GROUP bytesmart-web-admin 192.168.1.2:9700 register finished
22:59:51.351 [main] INFO  c.b.w.BytesmartWebAdminApplication - [logStarted,61] - Started BytesmartWebAdminApplication in 6.06 seconds (JVM running for 6.691)
22:59:51.361 [main] INFO  c.a.c.n.r.NacosContextRefresher - [registerNacosListener,129] - [Nacos Config] Listening config: dataId=bytesmart-web-admin, group=DEFAULT_GROUP
22:59:51.361 [main] INFO  c.a.c.n.r.NacosContextRefresher - [registerNacosListener,129] - [Nacos Config] Listening config: dataId=bytesmart-web-admin.yml, group=DEFAULT_GROUP
22:59:51.363 [main] INFO  c.a.c.n.r.NacosContextRefresher - [registerNacosListener,129] - [Nacos Config] Listening config: dataId=bytesmart-web-admin-dev.yml, group=DEFAULT_GROUP
22:59:51.780 [RMI TCP Connection(1)-192.168.1.2] INFO  o.a.c.c.C.[.[.[/] - [log,173] - Initializing Spring DispatcherServlet 'dispatcherServlet'
23:04:10.070 [main] INFO  c.a.n.c.e.SearchableProperties - [sortPropertySourceDefaultOrder,197] - properties search order:PROPERTIES->JVM->ENV->DEFAULT_SETTING
23:04:10.115 [background-preinit] INFO  o.h.v.i.util.Version - [<clinit>,21] - HV000001: Hibernate Validator 6.2.5.Final
23:04:10.413 [main] INFO  c.a.n.p.a.s.c.ClientAuthPluginManager - [init,56] - [ClientAuthPluginManager] Load ClientAuthService com.alibaba.nacos.client.auth.impl.NacosClientAuthServiceImpl success.
23:04:10.414 [main] INFO  c.a.n.p.a.s.c.ClientAuthPluginManager - [init,56] - [ClientAuthPluginManager] Load ClientAuthService com.alibaba.nacos.client.auth.ram.RamClientAuthServiceImpl success.
23:04:11.327 [main] INFO  c.b.w.BytesmartWebAdminApplication - [logStartupProfileInfo,637] - The following 1 profile is active: "dev"
23:04:12.902 [main] INFO  o.a.c.h.Http11NioProtocol - [log,173] - Initializing ProtocolHandler ["http-nio-9700"]
23:04:12.904 [main] INFO  o.a.c.c.StandardService - [log,173] - Starting service [Tomcat]
23:04:12.904 [main] INFO  o.a.c.c.StandardEngine - [log,173] - Starting Servlet engine: [Apache Tomcat/9.0.76]
23:04:13.036 [main] INFO  o.a.c.c.C.[.[.[/] - [log,173] - Initializing Spring embedded WebApplicationContext
23:04:13.345 [main] INFO  c.a.d.p.DruidDataSource - [init,996] - {dataSource-1,master} inited
23:04:13.346 [main] INFO  c.b.d.d.DynamicRoutingDataSource - [addDataSource,154] - dynamic-datasource - add a datasource named [master] success
23:04:13.346 [main] INFO  c.b.d.d.DynamicRoutingDataSource - [afterPropertiesSet,234] - dynamic-datasource initial loaded [1] datasource,primary datasource named [master]
23:04:14.845 [main] INFO  c.a.c.s.SentinelWebMvcConfigurer - [addInterceptors,52] - [Sentinel Starter] register SentinelWebInterceptor with urlPatterns: [/**].
23:04:16.713 [main] INFO  o.a.c.h.Http11NioProtocol - [log,173] - Starting ProtocolHandler ["http-nio-9700"]
23:04:16.757 [main] INFO  c.a.n.p.a.s.c.ClientAuthPluginManager - [init,56] - [ClientAuthPluginManager] Load ClientAuthService com.alibaba.nacos.client.auth.impl.NacosClientAuthServiceImpl success.
23:04:16.757 [main] INFO  c.a.n.p.a.s.c.ClientAuthPluginManager - [init,56] - [ClientAuthPluginManager] Load ClientAuthService com.alibaba.nacos.client.auth.ram.RamClientAuthServiceImpl success.
23:04:16.998 [main] INFO  c.a.c.n.r.NacosServiceRegistry - [register,76] - nacos registry, DEFAULT_GROUP bytesmart-web-admin 192.168.1.2:9700 register finished
23:04:17.390 [main] INFO  c.b.w.BytesmartWebAdminApplication - [logStarted,61] - Started BytesmartWebAdminApplication in 7.675 seconds (JVM running for 8.369)
23:04:17.435 [main] INFO  c.a.c.n.r.NacosContextRefresher - [registerNacosListener,129] - [Nacos Config] Listening config: dataId=bytesmart-web-admin, group=DEFAULT_GROUP
23:04:17.438 [main] INFO  c.a.c.n.r.NacosContextRefresher - [registerNacosListener,129] - [Nacos Config] Listening config: dataId=bytesmart-web-admin.yml, group=DEFAULT_GROUP
23:04:17.440 [main] INFO  c.a.c.n.r.NacosContextRefresher - [registerNacosListener,129] - [Nacos Config] Listening config: dataId=bytesmart-web-admin-dev.yml, group=DEFAULT_GROUP
23:04:17.945 [RMI TCP Connection(1)-192.168.1.2] INFO  o.a.c.c.C.[.[.[/] - [log,173] - Initializing Spring DispatcherServlet 'dispatcherServlet'
