11:31:52.043 [main] INFO  c.a.n.c.e.SearchableProperties - [sortPropertySourceDefaultOrder,197] - properties search order:PROPERTIES->JVM->ENV->DEFAULT_SETTING
11:31:52.075 [background-preinit] INFO  o.h.v.i.util.Version - [<clinit>,21] - HV000001: Hibernate Validator 6.2.5.Final
11:31:52.294 [main] INFO  c.a.n.p.a.s.c.ClientAuthPluginManager - [init,56] - [ClientAuthPluginManager] Load ClientAuthService com.alibaba.nacos.client.auth.impl.NacosClientAuthServiceImpl success.
11:31:52.294 [main] INFO  c.a.n.p.a.s.c.ClientAuthPluginManager - [init,56] - [ClientAuthPluginManager] Load ClientAuthService com.alibaba.nacos.client.auth.ram.RamClientAuthServiceImpl success.
11:31:53.216 [main] INFO  c.b.s.BytesmartSystemCenterApplication - [logStartupProfileInfo,637] - The following 1 profile is active: "dev"
11:31:54.897 [main] INFO  o.a.c.h.Http11NioProtocol - [log,173] - Initializing ProtocolHandler ["http-nio-9301"]
11:31:54.899 [main] INFO  o.a.c.c.StandardService - [log,173] - Starting service [Tomcat]
11:31:54.899 [main] INFO  o.a.c.c.StandardEngine - [log,173] - Starting Servlet engine: [Apache Tomcat/9.0.76]
11:31:55.009 [main] INFO  o.a.c.c.C.[.[.[/] - [log,173] - Initializing Spring embedded WebApplicationContext
11:31:55.266 [main] INFO  c.a.d.p.DruidDataSource - [init,996] - {dataSource-1,master} inited
11:31:55.267 [main] INFO  c.b.d.d.DynamicRoutingDataSource - [addDataSource,154] - dynamic-datasource - add a datasource named [master] success
11:31:55.268 [main] INFO  c.b.d.d.DynamicRoutingDataSource - [afterPropertiesSet,234] - dynamic-datasource initial loaded [1] datasource,primary datasource named [master]
11:31:56.986 [main] INFO  c.a.c.s.SentinelWebMvcConfigurer - [addInterceptors,52] - [Sentinel Starter] register SentinelWebInterceptor with urlPatterns: [/**].
11:31:58.012 [main] INFO  o.a.c.h.Http11NioProtocol - [log,173] - Starting ProtocolHandler ["http-nio-9301"]
11:31:58.031 [main] INFO  c.a.n.p.a.s.c.ClientAuthPluginManager - [init,56] - [ClientAuthPluginManager] Load ClientAuthService com.alibaba.nacos.client.auth.impl.NacosClientAuthServiceImpl success.
11:31:58.032 [main] INFO  c.a.n.p.a.s.c.ClientAuthPluginManager - [init,56] - [ClientAuthPluginManager] Load ClientAuthService com.alibaba.nacos.client.auth.ram.RamClientAuthServiceImpl success.
11:31:58.156 [main] INFO  c.a.c.n.r.NacosServiceRegistry - [register,76] - nacos registry, DEFAULT_GROUP bytesmart-system-center 192.168.1.2:9301 register finished
11:31:58.563 [main] INFO  c.b.s.BytesmartSystemCenterApplication - [logStarted,61] - Started BytesmartSystemCenterApplication in 6.927 seconds (JVM running for 7.929)
11:31:58.575 [main] INFO  c.a.c.n.r.NacosContextRefresher - [registerNacosListener,129] - [Nacos Config] Listening config: dataId=bytesmart-system-center-dev.yml, group=DEFAULT_GROUP
11:31:58.576 [main] INFO  c.a.c.n.r.NacosContextRefresher - [registerNacosListener,129] - [Nacos Config] Listening config: dataId=bytesmart-system-center, group=DEFAULT_GROUP
11:31:58.576 [main] INFO  c.a.c.n.r.NacosContextRefresher - [registerNacosListener,129] - [Nacos Config] Listening config: dataId=bytesmart-system-center.yml, group=DEFAULT_GROUP
11:31:58.851 [RMI TCP Connection(5)-192.168.1.2] INFO  o.a.c.c.C.[.[.[/] - [log,173] - Initializing Spring DispatcherServlet 'dispatcherServlet'
11:39:59.709 [main] INFO  c.a.n.c.e.SearchableProperties - [sortPropertySourceDefaultOrder,197] - properties search order:PROPERTIES->JVM->ENV->DEFAULT_SETTING
11:39:59.745 [background-preinit] INFO  o.h.v.i.util.Version - [<clinit>,21] - HV000001: Hibernate Validator 6.2.5.Final
11:39:59.966 [main] INFO  c.a.n.p.a.s.c.ClientAuthPluginManager - [init,56] - [ClientAuthPluginManager] Load ClientAuthService com.alibaba.nacos.client.auth.impl.NacosClientAuthServiceImpl success.
11:39:59.966 [main] INFO  c.a.n.p.a.s.c.ClientAuthPluginManager - [init,56] - [ClientAuthPluginManager] Load ClientAuthService com.alibaba.nacos.client.auth.ram.RamClientAuthServiceImpl success.
11:40:00.822 [main] INFO  c.b.s.BytesmartSystemCenterApplication - [logStartupProfileInfo,637] - The following 1 profile is active: "dev"
11:40:02.195 [main] INFO  o.a.c.h.Http11NioProtocol - [log,173] - Initializing ProtocolHandler ["http-nio-9301"]
11:40:02.196 [main] INFO  o.a.c.c.StandardService - [log,173] - Starting service [Tomcat]
11:40:02.196 [main] INFO  o.a.c.c.StandardEngine - [log,173] - Starting Servlet engine: [Apache Tomcat/9.0.76]
11:40:02.315 [main] INFO  o.a.c.c.C.[.[.[/] - [log,173] - Initializing Spring embedded WebApplicationContext
11:40:02.594 [main] INFO  c.a.d.p.DruidDataSource - [init,996] - {dataSource-1,master} inited
11:40:02.596 [main] INFO  c.b.d.d.DynamicRoutingDataSource - [addDataSource,154] - dynamic-datasource - add a datasource named [master] success
11:40:02.596 [main] INFO  c.b.d.d.DynamicRoutingDataSource - [afterPropertiesSet,234] - dynamic-datasource initial loaded [1] datasource,primary datasource named [master]
11:40:04.102 [main] INFO  c.a.c.s.SentinelWebMvcConfigurer - [addInterceptors,52] - [Sentinel Starter] register SentinelWebInterceptor with urlPatterns: [/**].
11:40:05.117 [main] INFO  o.a.c.h.Http11NioProtocol - [log,173] - Starting ProtocolHandler ["http-nio-9301"]
11:40:05.138 [main] INFO  c.a.n.p.a.s.c.ClientAuthPluginManager - [init,56] - [ClientAuthPluginManager] Load ClientAuthService com.alibaba.nacos.client.auth.impl.NacosClientAuthServiceImpl success.
11:40:05.138 [main] INFO  c.a.n.p.a.s.c.ClientAuthPluginManager - [init,56] - [ClientAuthPluginManager] Load ClientAuthService com.alibaba.nacos.client.auth.ram.RamClientAuthServiceImpl success.
11:40:05.278 [main] INFO  c.a.c.n.r.NacosServiceRegistry - [register,76] - nacos registry, DEFAULT_GROUP bytesmart-system-center 192.168.1.2:9301 register finished
11:40:05.675 [main] INFO  c.b.s.BytesmartSystemCenterApplication - [logStarted,61] - Started BytesmartSystemCenterApplication in 6.297 seconds (JVM running for 6.915)
11:40:05.686 [main] INFO  c.a.c.n.r.NacosContextRefresher - [registerNacosListener,129] - [Nacos Config] Listening config: dataId=bytesmart-system-center-dev.yml, group=DEFAULT_GROUP
11:40:05.686 [main] INFO  c.a.c.n.r.NacosContextRefresher - [registerNacosListener,129] - [Nacos Config] Listening config: dataId=bytesmart-system-center, group=DEFAULT_GROUP
11:40:05.686 [main] INFO  c.a.c.n.r.NacosContextRefresher - [registerNacosListener,129] - [Nacos Config] Listening config: dataId=bytesmart-system-center.yml, group=DEFAULT_GROUP
11:40:06.328 [RMI TCP Connection(2)-192.168.1.2] INFO  o.a.c.c.C.[.[.[/] - [log,173] - Initializing Spring DispatcherServlet 'dispatcherServlet'
11:51:38.398 [main] INFO  c.a.n.c.e.SearchableProperties - [sortPropertySourceDefaultOrder,197] - properties search order:PROPERTIES->JVM->ENV->DEFAULT_SETTING
11:51:38.444 [background-preinit] INFO  o.h.v.i.util.Version - [<clinit>,21] - HV000001: Hibernate Validator 6.2.5.Final
11:51:38.675 [main] INFO  c.a.n.p.a.s.c.ClientAuthPluginManager - [init,56] - [ClientAuthPluginManager] Load ClientAuthService com.alibaba.nacos.client.auth.impl.NacosClientAuthServiceImpl success.
11:51:38.676 [main] INFO  c.a.n.p.a.s.c.ClientAuthPluginManager - [init,56] - [ClientAuthPluginManager] Load ClientAuthService com.alibaba.nacos.client.auth.ram.RamClientAuthServiceImpl success.
11:51:39.548 [main] INFO  c.b.s.BytesmartSystemCenterApplication - [logStartupProfileInfo,637] - The following 1 profile is active: "dev"
11:51:40.911 [main] INFO  o.a.c.h.Http11NioProtocol - [log,173] - Initializing ProtocolHandler ["http-nio-9301"]
11:51:40.912 [main] INFO  o.a.c.c.StandardService - [log,173] - Starting service [Tomcat]
11:51:40.913 [main] INFO  o.a.c.c.StandardEngine - [log,173] - Starting Servlet engine: [Apache Tomcat/9.0.76]
11:51:41.024 [main] INFO  o.a.c.c.C.[.[.[/] - [log,173] - Initializing Spring embedded WebApplicationContext
11:51:41.284 [main] INFO  c.a.d.p.DruidDataSource - [init,996] - {dataSource-1,master} inited
11:51:41.286 [main] INFO  c.b.d.d.DynamicRoutingDataSource - [addDataSource,154] - dynamic-datasource - add a datasource named [master] success
11:51:41.286 [main] INFO  c.b.d.d.DynamicRoutingDataSource - [afterPropertiesSet,234] - dynamic-datasource initial loaded [1] datasource,primary datasource named [master]
11:51:42.823 [main] INFO  c.a.c.s.SentinelWebMvcConfigurer - [addInterceptors,52] - [Sentinel Starter] register SentinelWebInterceptor with urlPatterns: [/**].
11:51:43.836 [main] INFO  o.a.c.h.Http11NioProtocol - [log,173] - Starting ProtocolHandler ["http-nio-9301"]
11:51:43.856 [main] INFO  c.a.n.p.a.s.c.ClientAuthPluginManager - [init,56] - [ClientAuthPluginManager] Load ClientAuthService com.alibaba.nacos.client.auth.impl.NacosClientAuthServiceImpl success.
11:51:43.856 [main] INFO  c.a.n.p.a.s.c.ClientAuthPluginManager - [init,56] - [ClientAuthPluginManager] Load ClientAuthService com.alibaba.nacos.client.auth.ram.RamClientAuthServiceImpl success.
11:51:43.994 [main] INFO  c.a.c.n.r.NacosServiceRegistry - [register,76] - nacos registry, DEFAULT_GROUP bytesmart-system-center 192.168.1.2:9301 register finished
11:51:44.364 [main] INFO  c.b.s.BytesmartSystemCenterApplication - [logStarted,61] - Started BytesmartSystemCenterApplication in 6.302 seconds (JVM running for 6.93)
11:51:44.374 [main] INFO  c.a.c.n.r.NacosContextRefresher - [registerNacosListener,129] - [Nacos Config] Listening config: dataId=bytesmart-system-center-dev.yml, group=DEFAULT_GROUP
11:51:44.374 [main] INFO  c.a.c.n.r.NacosContextRefresher - [registerNacosListener,129] - [Nacos Config] Listening config: dataId=bytesmart-system-center, group=DEFAULT_GROUP
11:51:44.376 [main] INFO  c.a.c.n.r.NacosContextRefresher - [registerNacosListener,129] - [Nacos Config] Listening config: dataId=bytesmart-system-center.yml, group=DEFAULT_GROUP
11:51:44.483 [RMI TCP Connection(3)-192.168.1.2] INFO  o.a.c.c.C.[.[.[/] - [log,173] - Initializing Spring DispatcherServlet 'dispatcherServlet'
