08:39:22.132 [http-nio-9901-exec-4] ERROR c.b.c.s.s.TokenService - [getLoginUser,157] - 获取用户信息异常'com.bytesmart.webauth.domain.WebLoginUser cannot be cast to com.bytesmart.apisystem.model.LoginUser'
08:39:22.279 [http-nio-9901-exec-5] ERROR c.b.c.s.s.TokenService - [getLoginUser,157] - 获取用户信息异常'com.bytesmart.webauth.domain.WebLoginUser cannot be cast to com.bytesmart.apisystem.model.LoginUser'
09:34:21.857 [http-nio-9901-exec-2] ERROR c.b.w.s.WebTokenService - [getWebLoginUser,115] - 获取用户信息异常'com.bytesmart.apisystem.model.LoginUser cannot be cast to com.bytesmart.webauth.domain.WebLoginUser'
09:34:21.899 [http-nio-9901-exec-1] ERROR c.b.w.s.WebTokenService - [getWebLoginUser,115] - 获取用户信息异常'com.bytesmart.apisystem.model.LoginUser cannot be cast to com.bytesmart.webauth.domain.WebLoginUser'
09:34:34.275 [http-nio-9901-exec-5] ERROR c.b.c.s.s.TokenService - [getLoginUser,157] - 获取用户信息异常'com.bytesmart.webauth.domain.WebLoginUser cannot be cast to com.bytesmart.apisystem.model.LoginUser'
09:34:34.327 [http-nio-9901-exec-6] ERROR c.b.c.s.s.TokenService - [getLoginUser,157] - 获取用户信息异常'com.bytesmart.webauth.domain.WebLoginUser cannot be cast to com.bytesmart.apisystem.model.LoginUser'
10:38:49.940 [http-nio-9901-exec-8] ERROR c.b.c.s.s.TokenService - [getLoginUser,157] - 获取用户信息异常'com.bytesmart.webauth.domain.WebLoginUser cannot be cast to com.bytesmart.apisystem.model.LoginUser'
10:38:50.042 [http-nio-9901-exec-9] ERROR c.b.c.s.s.TokenService - [getLoginUser,157] - 获取用户信息异常'com.bytesmart.webauth.domain.WebLoginUser cannot be cast to com.bytesmart.apisystem.model.LoginUser'
10:42:15.558 [http-nio-9901-exec-2] ERROR c.b.c.s.s.TokenService - [getLoginUser,157] - 获取用户信息异常'com.bytesmart.webauth.domain.WebLoginUser cannot be cast to com.bytesmart.apisystem.model.LoginUser'
10:42:15.635 [http-nio-9901-exec-1] ERROR c.b.c.s.s.TokenService - [getLoginUser,157] - 获取用户信息异常'com.bytesmart.webauth.domain.WebLoginUser cannot be cast to com.bytesmart.apisystem.model.LoginUser'
10:42:25.631 [http-nio-9901-exec-3] ERROR c.b.c.s.s.TokenService - [getLoginUser,157] - 获取用户信息异常'com.bytesmart.webauth.domain.WebLoginUser cannot be cast to com.bytesmart.apisystem.model.LoginUser'
10:42:25.759 [http-nio-9901-exec-4] ERROR c.b.c.s.s.TokenService - [getLoginUser,157] - 获取用户信息异常'com.bytesmart.webauth.domain.WebLoginUser cannot be cast to com.bytesmart.apisystem.model.LoginUser'
10:42:28.953 [http-nio-9901-exec-5] ERROR c.b.c.s.s.TokenService - [getLoginUser,157] - 获取用户信息异常'com.bytesmart.webauth.domain.WebLoginUser cannot be cast to com.bytesmart.apisystem.model.LoginUser'
10:42:29.059 [http-nio-9901-exec-6] ERROR c.b.c.s.s.TokenService - [getLoginUser,157] - 获取用户信息异常'com.bytesmart.webauth.domain.WebLoginUser cannot be cast to com.bytesmart.apisystem.model.LoginUser'
10:42:33.945 [http-nio-9901-exec-7] ERROR c.b.c.s.s.TokenService - [getLoginUser,157] - 获取用户信息异常'com.bytesmart.webauth.domain.WebLoginUser cannot be cast to com.bytesmart.apisystem.model.LoginUser'
10:42:34.039 [http-nio-9901-exec-8] ERROR c.b.c.s.s.TokenService - [getLoginUser,157] - 获取用户信息异常'com.bytesmart.webauth.domain.WebLoginUser cannot be cast to com.bytesmart.apisystem.model.LoginUser'
10:46:26.706 [http-nio-9901-exec-10] ERROR c.b.c.s.s.TokenService - [getLoginUser,157] - 获取用户信息异常'com.bytesmart.webauth.domain.WebLoginUser cannot be cast to com.bytesmart.apisystem.model.LoginUser'
10:46:26.782 [http-nio-9901-exec-2] ERROR c.b.c.s.s.TokenService - [getLoginUser,157] - 获取用户信息异常'com.bytesmart.webauth.domain.WebLoginUser cannot be cast to com.bytesmart.apisystem.model.LoginUser'
10:46:55.652 [http-nio-9901-exec-1] ERROR c.b.c.s.s.TokenService - [getLoginUser,157] - 获取用户信息异常'com.bytesmart.webauth.domain.WebLoginUser cannot be cast to com.bytesmart.apisystem.model.LoginUser'
10:46:55.736 [http-nio-9901-exec-3] ERROR c.b.c.s.s.TokenService - [getLoginUser,157] - 获取用户信息异常'com.bytesmart.webauth.domain.WebLoginUser cannot be cast to com.bytesmart.apisystem.model.LoginUser'
10:46:59.895 [http-nio-9901-exec-4] ERROR c.b.c.s.s.TokenService - [getLoginUser,157] - 获取用户信息异常'com.bytesmart.webauth.domain.WebLoginUser cannot be cast to com.bytesmart.apisystem.model.LoginUser'
10:47:00.035 [http-nio-9901-exec-5] ERROR c.b.c.s.s.TokenService - [getLoginUser,157] - 获取用户信息异常'com.bytesmart.webauth.domain.WebLoginUser cannot be cast to com.bytesmart.apisystem.model.LoginUser'
10:50:53.585 [http-nio-9901-exec-1] ERROR c.b.c.s.s.TokenService - [getLoginUser,157] - 获取用户信息异常'com.bytesmart.webauth.domain.WebLoginUser cannot be cast to com.bytesmart.apisystem.model.LoginUser'
10:50:53.723 [http-nio-9901-exec-2] ERROR c.b.c.s.s.TokenService - [getLoginUser,157] - 获取用户信息异常'com.bytesmart.webauth.domain.WebLoginUser cannot be cast to com.bytesmart.apisystem.model.LoginUser'
15:22:25.124 [http-nio-9901-exec-4] ERROR c.b.c.s.s.TokenService - [getLoginUser,157] - 获取用户信息异常'com.bytesmart.webauth.domain.WebLoginUser cannot be cast to com.bytesmart.apisystem.model.LoginUser'
15:22:25.280 [http-nio-9901-exec-3] ERROR c.b.c.s.s.TokenService - [getLoginUser,157] - 获取用户信息异常'com.bytesmart.webauth.domain.WebLoginUser cannot be cast to com.bytesmart.apisystem.model.LoginUser'
15:22:34.719 [http-nio-9901-exec-8] ERROR c.b.c.s.s.TokenService - [getLoginUser,157] - 获取用户信息异常'com.bytesmart.webauth.domain.WebLoginUser cannot be cast to com.bytesmart.apisystem.model.LoginUser'
15:22:34.843 [http-nio-9901-exec-7] ERROR c.b.c.s.s.TokenService - [getLoginUser,157] - 获取用户信息异常'com.bytesmart.webauth.domain.WebLoginUser cannot be cast to com.bytesmart.apisystem.model.LoginUser'
15:23:39.631 [http-nio-9901-exec-9] ERROR c.b.c.s.s.TokenService - [getLoginUser,157] - 获取用户信息异常'com.bytesmart.webauth.domain.WebLoginUser cannot be cast to com.bytesmart.apisystem.model.LoginUser'
15:23:39.824 [http-nio-9901-exec-10] ERROR c.b.c.s.s.TokenService - [getLoginUser,157] - 获取用户信息异常'com.bytesmart.webauth.domain.WebLoginUser cannot be cast to com.bytesmart.apisystem.model.LoginUser'
15:24:59.481 [http-nio-9901-exec-2] ERROR c.b.c.s.s.TokenService - [getLoginUser,157] - 获取用户信息异常'com.bytesmart.webauth.domain.WebLoginUser cannot be cast to com.bytesmart.apisystem.model.LoginUser'
15:24:59.688 [http-nio-9901-exec-5] ERROR c.b.c.s.s.TokenService - [getLoginUser,157] - 获取用户信息异常'com.bytesmart.webauth.domain.WebLoginUser cannot be cast to com.bytesmart.apisystem.model.LoginUser'
15:26:52.428 [http-nio-9901-exec-3] ERROR c.b.c.s.s.TokenService - [getLoginUser,157] - 获取用户信息异常'com.bytesmart.webauth.domain.WebLoginUser cannot be cast to com.bytesmart.apisystem.model.LoginUser'
15:26:52.652 [http-nio-9901-exec-8] ERROR c.b.c.s.s.TokenService - [getLoginUser,157] - 获取用户信息异常'com.bytesmart.webauth.domain.WebLoginUser cannot be cast to com.bytesmart.apisystem.model.LoginUser'
15:26:59.247 [http-nio-9901-exec-7] ERROR c.b.c.s.s.TokenService - [getLoginUser,157] - 获取用户信息异常'com.bytesmart.webauth.domain.WebLoginUser cannot be cast to com.bytesmart.apisystem.model.LoginUser'
15:26:59.401 [http-nio-9901-exec-6] ERROR c.b.c.s.s.TokenService - [getLoginUser,157] - 获取用户信息异常'com.bytesmart.webauth.domain.WebLoginUser cannot be cast to com.bytesmart.apisystem.model.LoginUser'
15:30:53.487 [http-nio-9901-exec-10] ERROR c.b.c.s.s.TokenService - [getLoginUser,157] - 获取用户信息异常'com.bytesmart.webauth.domain.WebLoginUser cannot be cast to com.bytesmart.apisystem.model.LoginUser'
15:30:53.676 [http-nio-9901-exec-1] ERROR c.b.c.s.s.TokenService - [getLoginUser,157] - 获取用户信息异常'com.bytesmart.webauth.domain.WebLoginUser cannot be cast to com.bytesmart.apisystem.model.LoginUser'
15:31:26.043 [http-nio-9901-exec-2] ERROR c.b.c.s.s.TokenService - [getLoginUser,157] - 获取用户信息异常'com.bytesmart.webauth.domain.WebLoginUser cannot be cast to com.bytesmart.apisystem.model.LoginUser'
15:31:26.156 [http-nio-9901-exec-5] ERROR c.b.c.s.s.TokenService - [getLoginUser,157] - 获取用户信息异常'com.bytesmart.webauth.domain.WebLoginUser cannot be cast to com.bytesmart.apisystem.model.LoginUser'
15:32:25.667 [http-nio-9901-exec-4] ERROR c.b.c.s.s.TokenService - [getLoginUser,157] - 获取用户信息异常'com.bytesmart.webauth.domain.WebLoginUser cannot be cast to com.bytesmart.apisystem.model.LoginUser'
15:32:25.754 [http-nio-9901-exec-3] ERROR c.b.c.s.s.TokenService - [getLoginUser,157] - 获取用户信息异常'com.bytesmart.webauth.domain.WebLoginUser cannot be cast to com.bytesmart.apisystem.model.LoginUser'
15:34:43.056 [http-nio-9901-exec-7] ERROR c.b.w.s.WebTokenService - [getWebLoginUser,115] - 获取用户信息异常'com.bytesmart.apisystem.model.LoginUser cannot be cast to com.bytesmart.webauth.domain.WebLoginUser'
15:34:43.175 [http-nio-9901-exec-6] ERROR c.b.w.s.WebTokenService - [getWebLoginUser,115] - 获取用户信息异常'com.bytesmart.apisystem.model.LoginUser cannot be cast to com.bytesmart.webauth.domain.WebLoginUser'
15:34:59.306 [http-nio-9901-exec-1] ERROR c.b.c.s.s.TokenService - [getLoginUser,157] - 获取用户信息异常'com.bytesmart.webauth.domain.WebLoginUser cannot be cast to com.bytesmart.apisystem.model.LoginUser'
15:34:59.362 [http-nio-9901-exec-2] ERROR c.b.c.s.s.TokenService - [getLoginUser,157] - 获取用户信息异常'com.bytesmart.webauth.domain.WebLoginUser cannot be cast to com.bytesmart.apisystem.model.LoginUser'
15:39:31.305 [http-nio-9901-exec-4] ERROR c.b.c.s.s.TokenService - [getLoginUser,157] - 获取用户信息异常'com.bytesmart.webauth.domain.WebLoginUser cannot be cast to com.bytesmart.apisystem.model.LoginUser'
15:39:31.396 [http-nio-9901-exec-3] ERROR c.b.c.s.s.TokenService - [getLoginUser,157] - 获取用户信息异常'com.bytesmart.webauth.domain.WebLoginUser cannot be cast to com.bytesmart.apisystem.model.LoginUser'
15:41:34.660 [http-nio-9901-exec-7] ERROR c.b.c.s.s.TokenService - [getLoginUser,157] - 获取用户信息异常'com.bytesmart.webauth.domain.WebLoginUser cannot be cast to com.bytesmart.apisystem.model.LoginUser'
15:41:34.760 [http-nio-9901-exec-6] ERROR c.b.c.s.s.TokenService - [getLoginUser,157] - 获取用户信息异常'com.bytesmart.webauth.domain.WebLoginUser cannot be cast to com.bytesmart.apisystem.model.LoginUser'
15:41:43.054 [http-nio-9901-exec-9] ERROR c.b.c.s.s.TokenService - [getLoginUser,157] - 获取用户信息异常'com.bytesmart.webauth.domain.WebLoginUser cannot be cast to com.bytesmart.apisystem.model.LoginUser'
15:41:43.125 [http-nio-9901-exec-10] ERROR c.b.c.s.s.TokenService - [getLoginUser,157] - 获取用户信息异常'com.bytesmart.webauth.domain.WebLoginUser cannot be cast to com.bytesmart.apisystem.model.LoginUser'
15:47:06.810 [http-nio-9901-exec-2] ERROR c.b.c.s.s.TokenService - [getLoginUser,157] - 获取用户信息异常'com.bytesmart.webauth.domain.WebLoginUser cannot be cast to com.bytesmart.apisystem.model.LoginUser'
15:47:07.041 [http-nio-9901-exec-5] ERROR c.b.c.s.s.TokenService - [getLoginUser,157] - 获取用户信息异常'com.bytesmart.webauth.domain.WebLoginUser cannot be cast to com.bytesmart.apisystem.model.LoginUser'
15:50:49.858 [http-nio-9901-exec-3] ERROR c.b.c.s.s.TokenService - [getLoginUser,157] - 获取用户信息异常'com.bytesmart.webauth.domain.WebLoginUser cannot be cast to com.bytesmart.apisystem.model.LoginUser'
15:50:49.980 [http-nio-9901-exec-8] ERROR c.b.c.s.s.TokenService - [getLoginUser,157] - 获取用户信息异常'com.bytesmart.webauth.domain.WebLoginUser cannot be cast to com.bytesmart.apisystem.model.LoginUser'
16:10:40.299 [http-nio-9901-exec-1] ERROR c.b.c.s.s.TokenService - [getLoginUser,157] - 获取用户信息异常'com.bytesmart.webauth.domain.WebLoginUser cannot be cast to com.bytesmart.apisystem.model.LoginUser'
16:10:40.477 [http-nio-9901-exec-2] ERROR c.b.c.s.s.TokenService - [getLoginUser,157] - 获取用户信息异常'com.bytesmart.webauth.domain.WebLoginUser cannot be cast to com.bytesmart.apisystem.model.LoginUser'
16:33:57.127 [http-nio-9901-exec-4] ERROR c.b.c.s.s.TokenService - [getLoginUser,157] - 获取用户信息异常'com.bytesmart.webauth.domain.WebLoginUser cannot be cast to com.bytesmart.apisystem.model.LoginUser'
16:33:57.189 [http-nio-9901-exec-5] ERROR c.b.c.s.s.TokenService - [getLoginUser,157] - 获取用户信息异常'com.bytesmart.webauth.domain.WebLoginUser cannot be cast to com.bytesmart.apisystem.model.LoginUser'
17:25:35.874 [http-nio-9901-exec-7] ERROR c.b.c.s.s.TokenService - [getLoginUser,157] - 获取用户信息异常'com.bytesmart.webauth.domain.WebLoginUser cannot be cast to com.bytesmart.apisystem.model.LoginUser'
17:25:36.038 [http-nio-9901-exec-8] ERROR c.b.c.s.s.TokenService - [getLoginUser,157] - 获取用户信息异常'com.bytesmart.webauth.domain.WebLoginUser cannot be cast to com.bytesmart.apisystem.model.LoginUser'
17:34:11.980 [http-nio-9901-exec-10] ERROR c.b.c.s.s.TokenService - [getLoginUser,157] - 获取用户信息异常'com.bytesmart.webauth.domain.WebLoginUser cannot be cast to com.bytesmart.apisystem.model.LoginUser'
17:34:12.060 [http-nio-9901-exec-1] ERROR c.b.c.s.s.TokenService - [getLoginUser,157] - 获取用户信息异常'com.bytesmart.webauth.domain.WebLoginUser cannot be cast to com.bytesmart.apisystem.model.LoginUser'
17:35:24.618 [http-nio-9901-exec-3] ERROR c.b.c.s.s.TokenService - [getLoginUser,157] - 获取用户信息异常'com.bytesmart.webauth.domain.WebLoginUser cannot be cast to com.bytesmart.apisystem.model.LoginUser'
17:35:24.744 [http-nio-9901-exec-4] ERROR c.b.c.s.s.TokenService - [getLoginUser,157] - 获取用户信息异常'com.bytesmart.webauth.domain.WebLoginUser cannot be cast to com.bytesmart.apisystem.model.LoginUser'
17:35:47.594 [http-nio-9901-exec-7] ERROR c.b.c.s.h.GlobalExceptionHandler - [handleRuntimeException,106] - 请求地址'/login',发生未知异常.
com.bytesmart.common.core.exception.user.CaptchaExpireException: null
	at com.bytesmart.webauth.service.impl.BytesmartLoginServiceImpl.validateCaptcha(BytesmartLoginServiceImpl.java:136)
	at com.bytesmart.webauth.service.impl.BytesmartLoginServiceImpl.login(BytesmartLoginServiceImpl.java:62)
	at com.bytesmart.webauth.controller.BytesmartLoginController.login(BytesmartLoginController.java:28)
	at sun.reflect.NativeMethodAccessorImpl.invoke0(Native Method)
	at sun.reflect.NativeMethodAccessorImpl.invoke(NativeMethodAccessorImpl.java:62)
	at sun.reflect.DelegatingMethodAccessorImpl.invoke(DelegatingMethodAccessorImpl.java:43)
	at java.lang.reflect.Method.invoke(Method.java:498)
	at org.springframework.web.method.support.InvocableHandlerMethod.doInvoke(InvocableHandlerMethod.java:205)
	at org.springframework.web.method.support.InvocableHandlerMethod.invokeForRequest(InvocableHandlerMethod.java:150)
	at org.springframework.web.servlet.mvc.method.annotation.ServletInvocableHandlerMethod.invokeAndHandle(ServletInvocableHandlerMethod.java:117)
	at org.springframework.web.servlet.mvc.method.annotation.RequestMappingHandlerAdapter.invokeHandlerMethod(RequestMappingHandlerAdapter.java:895)
	at org.springframework.web.servlet.mvc.method.annotation.RequestMappingHandlerAdapter.handleInternal(RequestMappingHandlerAdapter.java:808)
	at org.springframework.web.servlet.mvc.method.AbstractHandlerMethodAdapter.handle(AbstractHandlerMethodAdapter.java:87)
	at org.springframework.web.servlet.DispatcherServlet.doDispatch(DispatcherServlet.java:1072)
	at org.springframework.web.servlet.DispatcherServlet.doService(DispatcherServlet.java:965)
	at org.springframework.web.servlet.FrameworkServlet.processRequest(FrameworkServlet.java:1006)
	at org.springframework.web.servlet.FrameworkServlet.doPost(FrameworkServlet.java:909)
	at javax.servlet.http.HttpServlet.service(HttpServlet.java:555)
	at org.springframework.web.servlet.FrameworkServlet.service(FrameworkServlet.java:883)
	at javax.servlet.http.HttpServlet.service(HttpServlet.java:623)
	at org.apache.catalina.core.ApplicationFilterChain.internalDoFilter(ApplicationFilterChain.java:209)
	at org.apache.catalina.core.ApplicationFilterChain.doFilter(ApplicationFilterChain.java:153)
	at org.apache.tomcat.websocket.server.WsFilter.doFilter(WsFilter.java:51)
	at org.apache.catalina.core.ApplicationFilterChain.internalDoFilter(ApplicationFilterChain.java:178)
	at org.apache.catalina.core.ApplicationFilterChain.doFilter(ApplicationFilterChain.java:153)
	at org.springframework.web.filter.OncePerRequestFilter.doFilter(OncePerRequestFilter.java:111)
	at org.apache.catalina.core.ApplicationFilterChain.internalDoFilter(ApplicationFilterChain.java:178)
	at org.apache.catalina.core.ApplicationFilterChain.doFilter(ApplicationFilterChain.java:153)
	at org.springframework.security.web.FilterChainProxy$VirtualFilterChain.doFilter(FilterChainProxy.java:337)
	at org.springframework.security.web.access.intercept.FilterSecurityInterceptor.invoke(FilterSecurityInterceptor.java:115)
	at org.springframework.security.web.access.intercept.FilterSecurityInterceptor.doFilter(FilterSecurityInterceptor.java:81)
	at org.springframework.security.web.FilterChainProxy$VirtualFilterChain.doFilter(FilterChainProxy.java:346)
	at org.springframework.security.web.access.ExceptionTranslationFilter.doFilter(ExceptionTranslationFilter.java:122)
	at org.springframework.security.web.access.ExceptionTranslationFilter.doFilter(ExceptionTranslationFilter.java:116)
	at org.springframework.security.web.FilterChainProxy$VirtualFilterChain.doFilter(FilterChainProxy.java:346)
	at org.springframework.security.web.session.SessionManagementFilter.doFilter(SessionManagementFilter.java:126)
	at org.springframework.security.web.session.SessionManagementFilter.doFilter(SessionManagementFilter.java:81)
	at org.springframework.security.web.FilterChainProxy$VirtualFilterChain.doFilter(FilterChainProxy.java:346)
	at org.springframework.security.web.authentication.AnonymousAuthenticationFilter.doFilter(AnonymousAuthenticationFilter.java:109)
	at org.springframework.security.web.FilterChainProxy$VirtualFilterChain.doFilter(FilterChainProxy.java:346)
	at org.springframework.security.web.servletapi.SecurityContextHolderAwareRequestFilter.doFilter(SecurityContextHolderAwareRequestFilter.java:149)
	at org.springframework.security.web.FilterChainProxy$VirtualFilterChain.doFilter(FilterChainProxy.java:346)
	at org.springframework.security.web.savedrequest.RequestCacheAwareFilter.doFilter(RequestCacheAwareFilter.java:63)
	at org.springframework.security.web.FilterChainProxy$VirtualFilterChain.doFilter(FilterChainProxy.java:346)
	at com.bytesmart.webauth.filter.TokenAuthenticationFilter.doFilterInternal(TokenAuthenticationFilter.java:47)
	at org.springframework.web.filter.OncePerRequestFilter.doFilter(OncePerRequestFilter.java:117)
	at org.springframework.security.web.FilterChainProxy$VirtualFilterChain.doFilter(FilterChainProxy.java:346)
	at org.springframework.security.web.authentication.logout.LogoutFilter.doFilter(LogoutFilter.java:103)
	at org.springframework.security.web.authentication.logout.LogoutFilter.doFilter(LogoutFilter.java:89)
	at org.springframework.security.web.FilterChainProxy$VirtualFilterChain.doFilter(FilterChainProxy.java:346)
	at org.springframework.security.web.header.HeaderWriterFilter.doHeadersAfter(HeaderWriterFilter.java:90)
	at org.springframework.security.web.header.HeaderWriterFilter.doFilterInternal(HeaderWriterFilter.java:75)
	at org.springframework.web.filter.OncePerRequestFilter.doFilter(OncePerRequestFilter.java:117)
	at org.springframework.security.web.FilterChainProxy$VirtualFilterChain.doFilter(FilterChainProxy.java:346)
	at org.springframework.security.web.context.SecurityContextPersistenceFilter.doFilter(SecurityContextPersistenceFilter.java:112)
	at org.springframework.security.web.context.SecurityContextPersistenceFilter.doFilter(SecurityContextPersistenceFilter.java:82)
	at org.springframework.security.web.FilterChainProxy$VirtualFilterChain.doFilter(FilterChainProxy.java:346)
	at org.springframework.security.web.context.request.async.WebAsyncManagerIntegrationFilter.doFilterInternal(WebAsyncManagerIntegrationFilter.java:55)
	at org.springframework.web.filter.OncePerRequestFilter.doFilter(OncePerRequestFilter.java:117)
	at org.springframework.security.web.FilterChainProxy$VirtualFilterChain.doFilter(FilterChainProxy.java:346)
	at org.springframework.security.web.session.DisableEncodeUrlFilter.doFilterInternal(DisableEncodeUrlFilter.java:42)
	at org.springframework.web.filter.OncePerRequestFilter.doFilter(OncePerRequestFilter.java:117)
	at org.springframework.security.web.FilterChainProxy$VirtualFilterChain.doFilter(FilterChainProxy.java:346)
	at org.springframework.security.web.FilterChainProxy.doFilterInternal(FilterChainProxy.java:221)
	at org.springframework.security.web.FilterChainProxy.doFilter(FilterChainProxy.java:186)
	at org.springframework.web.filter.DelegatingFilterProxy.invokeDelegate(DelegatingFilterProxy.java:354)
	at org.springframework.web.filter.DelegatingFilterProxy.doFilter(DelegatingFilterProxy.java:267)
	at org.apache.catalina.core.ApplicationFilterChain.internalDoFilter(ApplicationFilterChain.java:178)
	at org.apache.catalina.core.ApplicationFilterChain.doFilter(ApplicationFilterChain.java:153)
	at org.springframework.web.filter.RequestContextFilter.doFilterInternal(RequestContextFilter.java:100)
	at org.springframework.web.filter.OncePerRequestFilter.doFilter(OncePerRequestFilter.java:117)
	at org.apache.catalina.core.ApplicationFilterChain.internalDoFilter(ApplicationFilterChain.java:178)
	at org.apache.catalina.core.ApplicationFilterChain.doFilter(ApplicationFilterChain.java:153)
	at org.springframework.web.filter.FormContentFilter.doFilterInternal(FormContentFilter.java:93)
	at org.springframework.web.filter.OncePerRequestFilter.doFilter(OncePerRequestFilter.java:117)
	at org.apache.catalina.core.ApplicationFilterChain.internalDoFilter(ApplicationFilterChain.java:178)
	at org.apache.catalina.core.ApplicationFilterChain.doFilter(ApplicationFilterChain.java:153)
	at org.springframework.boot.actuate.metrics.web.servlet.WebMvcMetricsFilter.doFilterInternal(WebMvcMetricsFilter.java:96)
	at org.springframework.web.filter.OncePerRequestFilter.doFilter(OncePerRequestFilter.java:117)
	at org.apache.catalina.core.ApplicationFilterChain.internalDoFilter(ApplicationFilterChain.java:178)
	at org.apache.catalina.core.ApplicationFilterChain.doFilter(ApplicationFilterChain.java:153)
	at org.springframework.web.filter.CharacterEncodingFilter.doFilterInternal(CharacterEncodingFilter.java:201)
	at org.springframework.web.filter.OncePerRequestFilter.doFilter(OncePerRequestFilter.java:117)
	at org.apache.catalina.core.ApplicationFilterChain.internalDoFilter(ApplicationFilterChain.java:178)
	at org.apache.catalina.core.ApplicationFilterChain.doFilter(ApplicationFilterChain.java:153)
	at org.apache.catalina.core.StandardWrapperValve.invoke(StandardWrapperValve.java:167)
	at org.apache.catalina.core.StandardContextValve.invoke(StandardContextValve.java:90)
	at org.apache.catalina.authenticator.AuthenticatorBase.invoke(AuthenticatorBase.java:481)
	at org.apache.catalina.core.StandardHostValve.invoke(StandardHostValve.java:130)
	at org.apache.catalina.valves.ErrorReportValve.invoke(ErrorReportValve.java:93)
	at org.apache.catalina.core.StandardEngineValve.invoke(StandardEngineValve.java:74)
	at org.apache.catalina.connector.CoyoteAdapter.service(CoyoteAdapter.java:343)
	at org.apache.coyote.http11.Http11Processor.service(Http11Processor.java:390)
	at org.apache.coyote.AbstractProcessorLight.process(AbstractProcessorLight.java:63)
	at org.apache.coyote.AbstractProtocol$ConnectionHandler.process(AbstractProtocol.java:926)
	at org.apache.tomcat.util.net.NioEndpoint$SocketProcessor.doRun(NioEndpoint.java:1791)
	at org.apache.tomcat.util.net.SocketProcessorBase.run(SocketProcessorBase.java:52)
	at org.apache.tomcat.util.threads.ThreadPoolExecutor.runWorker(ThreadPoolExecutor.java:1191)
	at org.apache.tomcat.util.threads.ThreadPoolExecutor$Worker.run(ThreadPoolExecutor.java:659)
	at org.apache.tomcat.util.threads.TaskThread$WrappingRunnable.run(TaskThread.java:61)
	at java.lang.Thread.run(Thread.java:748)
17:35:52.552 [http-nio-9901-exec-10] ERROR c.b.c.s.s.TokenService - [getLoginUser,157] - 获取用户信息异常'com.bytesmart.webauth.domain.WebLoginUser cannot be cast to com.bytesmart.apisystem.model.LoginUser'
17:35:52.600 [http-nio-9901-exec-1] ERROR c.b.c.s.s.TokenService - [getLoginUser,157] - 获取用户信息异常'com.bytesmart.webauth.domain.WebLoginUser cannot be cast to com.bytesmart.apisystem.model.LoginUser'
17:39:54.858 [http-nio-9901-exec-3] ERROR c.b.c.s.s.TokenService - [getLoginUser,157] - 获取用户信息异常'com.bytesmart.webauth.domain.WebLoginUser cannot be cast to com.bytesmart.apisystem.model.LoginUser'
17:39:54.978 [http-nio-9901-exec-4] ERROR c.b.c.s.s.TokenService - [getLoginUser,157] - 获取用户信息异常'com.bytesmart.webauth.domain.WebLoginUser cannot be cast to com.bytesmart.apisystem.model.LoginUser'
17:40:32.922 [http-nio-9901-exec-5] ERROR c.b.c.s.s.TokenService - [getLoginUser,157] - 获取用户信息异常'com.bytesmart.webauth.domain.WebLoginUser cannot be cast to com.bytesmart.apisystem.model.LoginUser'
17:40:33.072 [http-nio-9901-exec-6] ERROR c.b.c.s.s.TokenService - [getLoginUser,157] - 获取用户信息异常'com.bytesmart.webauth.domain.WebLoginUser cannot be cast to com.bytesmart.apisystem.model.LoginUser'
17:40:55.501 [http-nio-9901-exec-10] ERROR c.b.c.s.s.TokenService - [getLoginUser,157] - 获取用户信息异常'com.bytesmart.webauth.domain.WebLoginUser cannot be cast to com.bytesmart.apisystem.model.LoginUser'
17:40:55.547 [http-nio-9901-exec-1] ERROR c.b.c.s.s.TokenService - [getLoginUser,157] - 获取用户信息异常'com.bytesmart.webauth.domain.WebLoginUser cannot be cast to com.bytesmart.apisystem.model.LoginUser'
17:41:56.383 [http-nio-9901-exec-3] ERROR c.b.c.s.s.TokenService - [getLoginUser,157] - 获取用户信息异常'com.bytesmart.webauth.domain.WebLoginUser cannot be cast to com.bytesmart.apisystem.model.LoginUser'
17:41:56.455 [http-nio-9901-exec-4] ERROR c.b.c.s.s.TokenService - [getLoginUser,157] - 获取用户信息异常'com.bytesmart.webauth.domain.WebLoginUser cannot be cast to com.bytesmart.apisystem.model.LoginUser'
17:42:30.496 [http-nio-9901-exec-5] ERROR c.b.c.s.s.TokenService - [getLoginUser,157] - 获取用户信息异常'com.bytesmart.webauth.domain.WebLoginUser cannot be cast to com.bytesmart.apisystem.model.LoginUser'
17:42:30.580 [http-nio-9901-exec-6] ERROR c.b.c.s.s.TokenService - [getLoginUser,157] - 获取用户信息异常'com.bytesmart.webauth.domain.WebLoginUser cannot be cast to com.bytesmart.apisystem.model.LoginUser'
17:42:46.979 [http-nio-9901-exec-7] ERROR c.b.c.s.s.TokenService - [getLoginUser,157] - 获取用户信息异常'com.bytesmart.webauth.domain.WebLoginUser cannot be cast to com.bytesmart.apisystem.model.LoginUser'
17:42:47.096 [http-nio-9901-exec-8] ERROR c.b.c.s.s.TokenService - [getLoginUser,157] - 获取用户信息异常'com.bytesmart.webauth.domain.WebLoginUser cannot be cast to com.bytesmart.apisystem.model.LoginUser'
17:42:57.031 [http-nio-9901-exec-9] ERROR c.b.c.s.s.TokenService - [getLoginUser,157] - 获取用户信息异常'com.bytesmart.webauth.domain.WebLoginUser cannot be cast to com.bytesmart.apisystem.model.LoginUser'
17:42:57.137 [http-nio-9901-exec-10] ERROR c.b.c.s.s.TokenService - [getLoginUser,157] - 获取用户信息异常'com.bytesmart.webauth.domain.WebLoginUser cannot be cast to com.bytesmart.apisystem.model.LoginUser'
17:45:40.202 [http-nio-9901-exec-2] ERROR c.b.c.s.s.TokenService - [getLoginUser,157] - 获取用户信息异常'com.bytesmart.webauth.domain.WebLoginUser cannot be cast to com.bytesmart.apisystem.model.LoginUser'
17:45:40.304 [http-nio-9901-exec-3] ERROR c.b.c.s.s.TokenService - [getLoginUser,157] - 获取用户信息异常'com.bytesmart.webauth.domain.WebLoginUser cannot be cast to com.bytesmart.apisystem.model.LoginUser'
17:48:16.580 [http-nio-9901-exec-5] ERROR c.b.c.s.s.TokenService - [getLoginUser,157] - 获取用户信息异常'com.bytesmart.webauth.domain.WebLoginUser cannot be cast to com.bytesmart.apisystem.model.LoginUser'
17:48:16.657 [http-nio-9901-exec-6] ERROR c.b.c.s.s.TokenService - [getLoginUser,157] - 获取用户信息异常'com.bytesmart.webauth.domain.WebLoginUser cannot be cast to com.bytesmart.apisystem.model.LoginUser'
17:48:27.585 [http-nio-9901-exec-7] ERROR c.b.c.s.s.TokenService - [getLoginUser,157] - 获取用户信息异常'com.bytesmart.webauth.domain.WebLoginUser cannot be cast to com.bytesmart.apisystem.model.LoginUser'
17:48:27.702 [http-nio-9901-exec-8] ERROR c.b.c.s.s.TokenService - [getLoginUser,157] - 获取用户信息异常'com.bytesmart.webauth.domain.WebLoginUser cannot be cast to com.bytesmart.apisystem.model.LoginUser'
17:49:10.928 [http-nio-9901-exec-9] ERROR c.b.c.s.s.TokenService - [getLoginUser,157] - 获取用户信息异常'com.bytesmart.webauth.domain.WebLoginUser cannot be cast to com.bytesmart.apisystem.model.LoginUser'
17:49:11.048 [http-nio-9901-exec-10] ERROR c.b.c.s.s.TokenService - [getLoginUser,157] - 获取用户信息异常'com.bytesmart.webauth.domain.WebLoginUser cannot be cast to com.bytesmart.apisystem.model.LoginUser'
17:51:21.769 [http-nio-9901-exec-2] ERROR c.b.c.s.s.TokenService - [getLoginUser,157] - 获取用户信息异常'com.bytesmart.webauth.domain.WebLoginUser cannot be cast to com.bytesmart.apisystem.model.LoginUser'
17:51:21.859 [http-nio-9901-exec-3] ERROR c.b.c.s.s.TokenService - [getLoginUser,157] - 获取用户信息异常'com.bytesmart.webauth.domain.WebLoginUser cannot be cast to com.bytesmart.apisystem.model.LoginUser'
21:07:16.226 [http-nio-9901-exec-2] ERROR c.b.c.s.s.TokenService - [getLoginUser,118] - 获取用户信息异常'com.bytesmart.webauth.domain.WebLoginUser cannot be cast to com.bytesmart.apisystem.model.LoginUser'
21:07:16.318 [http-nio-9901-exec-3] ERROR c.b.c.s.s.TokenService - [getLoginUser,118] - 获取用户信息异常'com.bytesmart.webauth.domain.WebLoginUser cannot be cast to com.bytesmart.apisystem.model.LoginUser'
21:07:31.647 [http-nio-9901-exec-1] ERROR c.b.c.s.s.TokenService - [getLoginUser,118] - 获取用户信息异常'com.bytesmart.webauth.domain.WebLoginUser cannot be cast to com.bytesmart.apisystem.model.LoginUser'
21:07:31.771 [http-nio-9901-exec-4] ERROR c.b.c.s.s.TokenService - [getLoginUser,118] - 获取用户信息异常'com.bytesmart.webauth.domain.WebLoginUser cannot be cast to com.bytesmart.apisystem.model.LoginUser'
21:07:42.857 [http-nio-9901-exec-5] ERROR c.b.c.s.s.TokenService - [getLoginUser,118] - 获取用户信息异常'com.bytesmart.webauth.domain.WebLoginUser cannot be cast to com.bytesmart.apisystem.model.LoginUser'
21:07:43.020 [http-nio-9901-exec-6] ERROR c.b.c.s.s.TokenService - [getLoginUser,118] - 获取用户信息异常'com.bytesmart.webauth.domain.WebLoginUser cannot be cast to com.bytesmart.apisystem.model.LoginUser'
21:11:32.232 [http-nio-9901-exec-8] ERROR c.b.c.s.s.TokenService - [getLoginUser,118] - 获取用户信息异常'com.bytesmart.webauth.domain.WebLoginUser cannot be cast to com.bytesmart.apisystem.model.LoginUser'
21:11:32.347 [http-nio-9901-exec-9] ERROR c.b.c.s.s.TokenService - [getLoginUser,118] - 获取用户信息异常'com.bytesmart.webauth.domain.WebLoginUser cannot be cast to com.bytesmart.apisystem.model.LoginUser'
21:11:52.204 [http-nio-9901-exec-1] ERROR c.b.c.s.s.TokenService - [getLoginUser,118] - 获取用户信息异常'com.bytesmart.webauth.domain.WebLoginUser cannot be cast to com.bytesmart.apisystem.model.LoginUser'
21:11:52.257 [http-nio-9901-exec-4] ERROR c.b.c.s.s.TokenService - [getLoginUser,118] - 获取用户信息异常'com.bytesmart.webauth.domain.WebLoginUser cannot be cast to com.bytesmart.apisystem.model.LoginUser'
21:12:17.507 [http-nio-9901-exec-7] ERROR c.b.c.s.h.GlobalExceptionHandler - [handleRuntimeException,106] - 请求地址'/login',发生未知异常.
com.bytesmart.common.core.exception.user.UserPasswordNotMatchException: null
	at com.bytesmart.webauth.service.impl.BytesmartLoginServiceImpl.login(BytesmartLoginServiceImpl.java:80)
	at com.bytesmart.webauth.controller.BytesmartLoginController.login(BytesmartLoginController.java:28)
	at sun.reflect.NativeMethodAccessorImpl.invoke0(Native Method)
	at sun.reflect.NativeMethodAccessorImpl.invoke(NativeMethodAccessorImpl.java:62)
	at sun.reflect.DelegatingMethodAccessorImpl.invoke(DelegatingMethodAccessorImpl.java:43)
	at java.lang.reflect.Method.invoke(Method.java:498)
	at org.springframework.web.method.support.InvocableHandlerMethod.doInvoke(InvocableHandlerMethod.java:205)
	at org.springframework.web.method.support.InvocableHandlerMethod.invokeForRequest(InvocableHandlerMethod.java:150)
	at org.springframework.web.servlet.mvc.method.annotation.ServletInvocableHandlerMethod.invokeAndHandle(ServletInvocableHandlerMethod.java:117)
	at org.springframework.web.servlet.mvc.method.annotation.RequestMappingHandlerAdapter.invokeHandlerMethod(RequestMappingHandlerAdapter.java:895)
	at org.springframework.web.servlet.mvc.method.annotation.RequestMappingHandlerAdapter.handleInternal(RequestMappingHandlerAdapter.java:808)
	at org.springframework.web.servlet.mvc.method.AbstractHandlerMethodAdapter.handle(AbstractHandlerMethodAdapter.java:87)
	at org.springframework.web.servlet.DispatcherServlet.doDispatch(DispatcherServlet.java:1072)
	at org.springframework.web.servlet.DispatcherServlet.doService(DispatcherServlet.java:965)
	at org.springframework.web.servlet.FrameworkServlet.processRequest(FrameworkServlet.java:1006)
	at org.springframework.web.servlet.FrameworkServlet.doPost(FrameworkServlet.java:909)
	at javax.servlet.http.HttpServlet.service(HttpServlet.java:555)
	at org.springframework.web.servlet.FrameworkServlet.service(FrameworkServlet.java:883)
	at javax.servlet.http.HttpServlet.service(HttpServlet.java:623)
	at org.apache.catalina.core.ApplicationFilterChain.internalDoFilter(ApplicationFilterChain.java:209)
	at org.apache.catalina.core.ApplicationFilterChain.doFilter(ApplicationFilterChain.java:153)
	at org.apache.tomcat.websocket.server.WsFilter.doFilter(WsFilter.java:51)
	at org.apache.catalina.core.ApplicationFilterChain.internalDoFilter(ApplicationFilterChain.java:178)
	at org.apache.catalina.core.ApplicationFilterChain.doFilter(ApplicationFilterChain.java:153)
	at org.springframework.web.filter.OncePerRequestFilter.doFilter(OncePerRequestFilter.java:111)
	at org.apache.catalina.core.ApplicationFilterChain.internalDoFilter(ApplicationFilterChain.java:178)
	at org.apache.catalina.core.ApplicationFilterChain.doFilter(ApplicationFilterChain.java:153)
	at org.springframework.security.web.FilterChainProxy$VirtualFilterChain.doFilter(FilterChainProxy.java:337)
	at org.springframework.security.web.access.intercept.FilterSecurityInterceptor.invoke(FilterSecurityInterceptor.java:115)
	at org.springframework.security.web.access.intercept.FilterSecurityInterceptor.doFilter(FilterSecurityInterceptor.java:81)
	at org.springframework.security.web.FilterChainProxy$VirtualFilterChain.doFilter(FilterChainProxy.java:346)
	at org.springframework.security.web.access.ExceptionTranslationFilter.doFilter(ExceptionTranslationFilter.java:122)
	at org.springframework.security.web.access.ExceptionTranslationFilter.doFilter(ExceptionTranslationFilter.java:116)
	at org.springframework.security.web.FilterChainProxy$VirtualFilterChain.doFilter(FilterChainProxy.java:346)
	at org.springframework.security.web.session.SessionManagementFilter.doFilter(SessionManagementFilter.java:126)
	at org.springframework.security.web.session.SessionManagementFilter.doFilter(SessionManagementFilter.java:81)
	at org.springframework.security.web.FilterChainProxy$VirtualFilterChain.doFilter(FilterChainProxy.java:346)
	at org.springframework.security.web.authentication.AnonymousAuthenticationFilter.doFilter(AnonymousAuthenticationFilter.java:109)
	at org.springframework.security.web.FilterChainProxy$VirtualFilterChain.doFilter(FilterChainProxy.java:346)
	at org.springframework.security.web.servletapi.SecurityContextHolderAwareRequestFilter.doFilter(SecurityContextHolderAwareRequestFilter.java:149)
	at org.springframework.security.web.FilterChainProxy$VirtualFilterChain.doFilter(FilterChainProxy.java:346)
	at org.springframework.security.web.savedrequest.RequestCacheAwareFilter.doFilter(RequestCacheAwareFilter.java:63)
	at org.springframework.security.web.FilterChainProxy$VirtualFilterChain.doFilter(FilterChainProxy.java:346)
	at com.bytesmart.webauth.filter.TokenAuthenticationFilter.doFilterInternal(TokenAuthenticationFilter.java:47)
	at org.springframework.web.filter.OncePerRequestFilter.doFilter(OncePerRequestFilter.java:117)
	at org.springframework.security.web.FilterChainProxy$VirtualFilterChain.doFilter(FilterChainProxy.java:346)
	at org.springframework.security.web.authentication.logout.LogoutFilter.doFilter(LogoutFilter.java:103)
	at org.springframework.security.web.authentication.logout.LogoutFilter.doFilter(LogoutFilter.java:89)
	at org.springframework.security.web.FilterChainProxy$VirtualFilterChain.doFilter(FilterChainProxy.java:346)
	at org.springframework.security.web.header.HeaderWriterFilter.doHeadersAfter(HeaderWriterFilter.java:90)
	at org.springframework.security.web.header.HeaderWriterFilter.doFilterInternal(HeaderWriterFilter.java:75)
	at org.springframework.web.filter.OncePerRequestFilter.doFilter(OncePerRequestFilter.java:117)
	at org.springframework.security.web.FilterChainProxy$VirtualFilterChain.doFilter(FilterChainProxy.java:346)
	at org.springframework.security.web.context.SecurityContextPersistenceFilter.doFilter(SecurityContextPersistenceFilter.java:112)
	at org.springframework.security.web.context.SecurityContextPersistenceFilter.doFilter(SecurityContextPersistenceFilter.java:82)
	at org.springframework.security.web.FilterChainProxy$VirtualFilterChain.doFilter(FilterChainProxy.java:346)
	at org.springframework.security.web.context.request.async.WebAsyncManagerIntegrationFilter.doFilterInternal(WebAsyncManagerIntegrationFilter.java:55)
	at org.springframework.web.filter.OncePerRequestFilter.doFilter(OncePerRequestFilter.java:117)
	at org.springframework.security.web.FilterChainProxy$VirtualFilterChain.doFilter(FilterChainProxy.java:346)
	at org.springframework.security.web.session.DisableEncodeUrlFilter.doFilterInternal(DisableEncodeUrlFilter.java:42)
	at org.springframework.web.filter.OncePerRequestFilter.doFilter(OncePerRequestFilter.java:117)
	at org.springframework.security.web.FilterChainProxy$VirtualFilterChain.doFilter(FilterChainProxy.java:346)
	at org.springframework.security.web.FilterChainProxy.doFilterInternal(FilterChainProxy.java:221)
	at org.springframework.security.web.FilterChainProxy.doFilter(FilterChainProxy.java:186)
	at org.springframework.web.filter.DelegatingFilterProxy.invokeDelegate(DelegatingFilterProxy.java:354)
	at org.springframework.web.filter.DelegatingFilterProxy.doFilter(DelegatingFilterProxy.java:267)
	at org.apache.catalina.core.ApplicationFilterChain.internalDoFilter(ApplicationFilterChain.java:178)
	at org.apache.catalina.core.ApplicationFilterChain.doFilter(ApplicationFilterChain.java:153)
	at org.springframework.web.filter.RequestContextFilter.doFilterInternal(RequestContextFilter.java:100)
	at org.springframework.web.filter.OncePerRequestFilter.doFilter(OncePerRequestFilter.java:117)
	at org.apache.catalina.core.ApplicationFilterChain.internalDoFilter(ApplicationFilterChain.java:178)
	at org.apache.catalina.core.ApplicationFilterChain.doFilter(ApplicationFilterChain.java:153)
	at org.springframework.web.filter.FormContentFilter.doFilterInternal(FormContentFilter.java:93)
	at org.springframework.web.filter.OncePerRequestFilter.doFilter(OncePerRequestFilter.java:117)
	at org.apache.catalina.core.ApplicationFilterChain.internalDoFilter(ApplicationFilterChain.java:178)
	at org.apache.catalina.core.ApplicationFilterChain.doFilter(ApplicationFilterChain.java:153)
	at org.springframework.boot.actuate.metrics.web.servlet.WebMvcMetricsFilter.doFilterInternal(WebMvcMetricsFilter.java:96)
	at org.springframework.web.filter.OncePerRequestFilter.doFilter(OncePerRequestFilter.java:117)
	at org.apache.catalina.core.ApplicationFilterChain.internalDoFilter(ApplicationFilterChain.java:178)
	at org.apache.catalina.core.ApplicationFilterChain.doFilter(ApplicationFilterChain.java:153)
	at org.springframework.web.filter.CharacterEncodingFilter.doFilterInternal(CharacterEncodingFilter.java:201)
	at org.springframework.web.filter.OncePerRequestFilter.doFilter(OncePerRequestFilter.java:117)
	at org.apache.catalina.core.ApplicationFilterChain.internalDoFilter(ApplicationFilterChain.java:178)
	at org.apache.catalina.core.ApplicationFilterChain.doFilter(ApplicationFilterChain.java:153)
	at org.apache.catalina.core.StandardWrapperValve.invoke(StandardWrapperValve.java:167)
	at org.apache.catalina.core.StandardContextValve.invoke(StandardContextValve.java:90)
	at org.apache.catalina.authenticator.AuthenticatorBase.invoke(AuthenticatorBase.java:481)
	at org.apache.catalina.core.StandardHostValve.invoke(StandardHostValve.java:130)
	at org.apache.catalina.valves.ErrorReportValve.invoke(ErrorReportValve.java:93)
	at org.apache.catalina.core.StandardEngineValve.invoke(StandardEngineValve.java:74)
	at org.apache.catalina.connector.CoyoteAdapter.service(CoyoteAdapter.java:343)
	at org.apache.coyote.http11.Http11Processor.service(Http11Processor.java:390)
	at org.apache.coyote.AbstractProcessorLight.process(AbstractProcessorLight.java:63)
	at org.apache.coyote.AbstractProtocol$ConnectionHandler.process(AbstractProtocol.java:926)
	at org.apache.tomcat.util.net.NioEndpoint$SocketProcessor.doRun(NioEndpoint.java:1791)
	at org.apache.tomcat.util.net.SocketProcessorBase.run(SocketProcessorBase.java:52)
	at org.apache.tomcat.util.threads.ThreadPoolExecutor.runWorker(ThreadPoolExecutor.java:1191)
	at org.apache.tomcat.util.threads.ThreadPoolExecutor$Worker.run(ThreadPoolExecutor.java:659)
	at org.apache.tomcat.util.threads.TaskThread$WrappingRunnable.run(TaskThread.java:61)
	at java.lang.Thread.run(Thread.java:748)
21:12:30.988 [http-nio-9901-exec-10] ERROR c.b.c.s.s.TokenService - [getLoginUser,118] - 获取用户信息异常'com.bytesmart.webauth.domain.WebLoginUser cannot be cast to com.bytesmart.apisystem.model.LoginUser'
21:12:31.040 [http-nio-9901-exec-2] ERROR c.b.c.s.s.TokenService - [getLoginUser,118] - 获取用户信息异常'com.bytesmart.webauth.domain.WebLoginUser cannot be cast to com.bytesmart.apisystem.model.LoginUser'
21:12:46.953 [http-nio-9901-exec-3] ERROR c.b.c.s.s.TokenService - [getLoginUser,118] - 获取用户信息异常'com.bytesmart.webauth.domain.WebLoginUser cannot be cast to com.bytesmart.apisystem.model.LoginUser'
21:12:47.073 [http-nio-9901-exec-1] ERROR c.b.c.s.s.TokenService - [getLoginUser,118] - 获取用户信息异常'com.bytesmart.webauth.domain.WebLoginUser cannot be cast to com.bytesmart.apisystem.model.LoginUser'
21:13:44.110 [http-nio-9901-exec-4] ERROR c.b.c.s.s.TokenService - [getLoginUser,118] - 获取用户信息异常'com.bytesmart.webauth.domain.WebLoginUser cannot be cast to com.bytesmart.apisystem.model.LoginUser'
21:13:44.228 [http-nio-9901-exec-5] ERROR c.b.c.s.s.TokenService - [getLoginUser,118] - 获取用户信息异常'com.bytesmart.webauth.domain.WebLoginUser cannot be cast to com.bytesmart.apisystem.model.LoginUser'
21:14:02.123 [http-nio-9901-exec-9] ERROR c.b.c.s.s.TokenService - [getLoginUser,118] - 获取用户信息异常'com.bytesmart.webauth.domain.WebLoginUser cannot be cast to com.bytesmart.apisystem.model.LoginUser'
21:14:02.226 [http-nio-9901-exec-10] ERROR c.b.c.s.s.TokenService - [getLoginUser,118] - 获取用户信息异常'com.bytesmart.webauth.domain.WebLoginUser cannot be cast to com.bytesmart.apisystem.model.LoginUser'
21:33:14.444 [http-nio-9901-exec-3] ERROR c.b.c.s.s.TokenService - [getLoginUser,118] - 获取用户信息异常'com.bytesmart.webauth.domain.WebLoginUser cannot be cast to com.bytesmart.apisystem.model.LoginUser'
21:33:14.609 [http-nio-9901-exec-1] ERROR c.b.c.s.s.TokenService - [getLoginUser,118] - 获取用户信息异常'com.bytesmart.webauth.domain.WebLoginUser cannot be cast to com.bytesmart.apisystem.model.LoginUser'
21:34:02.058 [http-nio-9901-exec-4] ERROR c.b.c.s.s.TokenService - [getLoginUser,118] - 获取用户信息异常'com.bytesmart.webauth.domain.WebLoginUser cannot be cast to com.bytesmart.apisystem.model.LoginUser'
21:34:02.181 [http-nio-9901-exec-5] ERROR c.b.c.s.s.TokenService - [getLoginUser,118] - 获取用户信息异常'com.bytesmart.webauth.domain.WebLoginUser cannot be cast to com.bytesmart.apisystem.model.LoginUser'
21:34:26.187 [http-nio-9901-exec-9] ERROR c.b.c.s.s.TokenService - [getLoginUser,118] - 获取用户信息异常'com.bytesmart.webauth.domain.WebLoginUser cannot be cast to com.bytesmart.apisystem.model.LoginUser'
21:34:26.243 [http-nio-9901-exec-10] ERROR c.b.c.s.s.TokenService - [getLoginUser,118] - 获取用户信息异常'com.bytesmart.webauth.domain.WebLoginUser cannot be cast to com.bytesmart.apisystem.model.LoginUser'
21:41:37.095 [http-nio-9901-exec-3] ERROR c.b.c.s.s.TokenService - [getLoginUser,118] - 获取用户信息异常'com.bytesmart.webauth.domain.WebLoginUser cannot be cast to com.bytesmart.apisystem.model.LoginUser'
21:41:37.268 [http-nio-9901-exec-1] ERROR c.b.c.s.s.TokenService - [getLoginUser,118] - 获取用户信息异常'com.bytesmart.webauth.domain.WebLoginUser cannot be cast to com.bytesmart.apisystem.model.LoginUser'
21:44:14.344 [http-nio-9901-exec-5] ERROR c.b.c.s.s.TokenService - [getLoginUser,118] - 获取用户信息异常'com.bytesmart.webauth.domain.WebLoginUser cannot be cast to com.bytesmart.apisystem.model.LoginUser'
21:44:14.469 [http-nio-9901-exec-6] ERROR c.b.c.s.s.TokenService - [getLoginUser,118] - 获取用户信息异常'com.bytesmart.webauth.domain.WebLoginUser cannot be cast to com.bytesmart.apisystem.model.LoginUser'
21:44:34.862 [http-nio-9901-exec-7] ERROR c.b.c.s.s.TokenService - [getLoginUser,118] - 获取用户信息异常'com.bytesmart.webauth.domain.WebLoginUser cannot be cast to com.bytesmart.apisystem.model.LoginUser'
21:44:34.975 [http-nio-9901-exec-8] ERROR c.b.c.s.s.TokenService - [getLoginUser,118] - 获取用户信息异常'com.bytesmart.webauth.domain.WebLoginUser cannot be cast to com.bytesmart.apisystem.model.LoginUser'
21:44:51.561 [http-nio-9901-exec-2] ERROR c.b.c.s.h.GlobalExceptionHandler - [handleRuntimeException,106] - 请求地址'/login',发生未知异常.
com.bytesmart.common.core.exception.user.CaptchaExpireException: null
	at com.bytesmart.webauth.service.impl.BytesmartLoginServiceImpl.validateCaptcha(BytesmartLoginServiceImpl.java:136)
	at com.bytesmart.webauth.service.impl.BytesmartLoginServiceImpl.login(BytesmartLoginServiceImpl.java:62)
	at com.bytesmart.webauth.controller.BytesmartLoginController.login(BytesmartLoginController.java:28)
	at sun.reflect.NativeMethodAccessorImpl.invoke0(Native Method)
	at sun.reflect.NativeMethodAccessorImpl.invoke(NativeMethodAccessorImpl.java:62)
	at sun.reflect.DelegatingMethodAccessorImpl.invoke(DelegatingMethodAccessorImpl.java:43)
	at java.lang.reflect.Method.invoke(Method.java:498)
	at org.springframework.web.method.support.InvocableHandlerMethod.doInvoke(InvocableHandlerMethod.java:205)
	at org.springframework.web.method.support.InvocableHandlerMethod.invokeForRequest(InvocableHandlerMethod.java:150)
	at org.springframework.web.servlet.mvc.method.annotation.ServletInvocableHandlerMethod.invokeAndHandle(ServletInvocableHandlerMethod.java:117)
	at org.springframework.web.servlet.mvc.method.annotation.RequestMappingHandlerAdapter.invokeHandlerMethod(RequestMappingHandlerAdapter.java:895)
	at org.springframework.web.servlet.mvc.method.annotation.RequestMappingHandlerAdapter.handleInternal(RequestMappingHandlerAdapter.java:808)
	at org.springframework.web.servlet.mvc.method.AbstractHandlerMethodAdapter.handle(AbstractHandlerMethodAdapter.java:87)
	at org.springframework.web.servlet.DispatcherServlet.doDispatch(DispatcherServlet.java:1072)
	at org.springframework.web.servlet.DispatcherServlet.doService(DispatcherServlet.java:965)
	at org.springframework.web.servlet.FrameworkServlet.processRequest(FrameworkServlet.java:1006)
	at org.springframework.web.servlet.FrameworkServlet.doPost(FrameworkServlet.java:909)
	at javax.servlet.http.HttpServlet.service(HttpServlet.java:555)
	at org.springframework.web.servlet.FrameworkServlet.service(FrameworkServlet.java:883)
	at javax.servlet.http.HttpServlet.service(HttpServlet.java:623)
	at org.apache.catalina.core.ApplicationFilterChain.internalDoFilter(ApplicationFilterChain.java:209)
	at org.apache.catalina.core.ApplicationFilterChain.doFilter(ApplicationFilterChain.java:153)
	at org.apache.tomcat.websocket.server.WsFilter.doFilter(WsFilter.java:51)
	at org.apache.catalina.core.ApplicationFilterChain.internalDoFilter(ApplicationFilterChain.java:178)
	at org.apache.catalina.core.ApplicationFilterChain.doFilter(ApplicationFilterChain.java:153)
	at org.springframework.web.filter.OncePerRequestFilter.doFilter(OncePerRequestFilter.java:111)
	at org.apache.catalina.core.ApplicationFilterChain.internalDoFilter(ApplicationFilterChain.java:178)
	at org.apache.catalina.core.ApplicationFilterChain.doFilter(ApplicationFilterChain.java:153)
	at org.springframework.security.web.FilterChainProxy$VirtualFilterChain.doFilter(FilterChainProxy.java:337)
	at org.springframework.security.web.access.intercept.FilterSecurityInterceptor.invoke(FilterSecurityInterceptor.java:115)
	at org.springframework.security.web.access.intercept.FilterSecurityInterceptor.doFilter(FilterSecurityInterceptor.java:81)
	at org.springframework.security.web.FilterChainProxy$VirtualFilterChain.doFilter(FilterChainProxy.java:346)
	at org.springframework.security.web.access.ExceptionTranslationFilter.doFilter(ExceptionTranslationFilter.java:122)
	at org.springframework.security.web.access.ExceptionTranslationFilter.doFilter(ExceptionTranslationFilter.java:116)
	at org.springframework.security.web.FilterChainProxy$VirtualFilterChain.doFilter(FilterChainProxy.java:346)
	at org.springframework.security.web.session.SessionManagementFilter.doFilter(SessionManagementFilter.java:126)
	at org.springframework.security.web.session.SessionManagementFilter.doFilter(SessionManagementFilter.java:81)
	at org.springframework.security.web.FilterChainProxy$VirtualFilterChain.doFilter(FilterChainProxy.java:346)
	at org.springframework.security.web.authentication.AnonymousAuthenticationFilter.doFilter(AnonymousAuthenticationFilter.java:109)
	at org.springframework.security.web.FilterChainProxy$VirtualFilterChain.doFilter(FilterChainProxy.java:346)
	at org.springframework.security.web.servletapi.SecurityContextHolderAwareRequestFilter.doFilter(SecurityContextHolderAwareRequestFilter.java:149)
	at org.springframework.security.web.FilterChainProxy$VirtualFilterChain.doFilter(FilterChainProxy.java:346)
	at org.springframework.security.web.savedrequest.RequestCacheAwareFilter.doFilter(RequestCacheAwareFilter.java:63)
	at org.springframework.security.web.FilterChainProxy$VirtualFilterChain.doFilter(FilterChainProxy.java:346)
	at com.bytesmart.webauth.filter.TokenAuthenticationFilter.doFilterInternal(TokenAuthenticationFilter.java:47)
	at org.springframework.web.filter.OncePerRequestFilter.doFilter(OncePerRequestFilter.java:117)
	at org.springframework.security.web.FilterChainProxy$VirtualFilterChain.doFilter(FilterChainProxy.java:346)
	at org.springframework.security.web.authentication.logout.LogoutFilter.doFilter(LogoutFilter.java:103)
	at org.springframework.security.web.authentication.logout.LogoutFilter.doFilter(LogoutFilter.java:89)
	at org.springframework.security.web.FilterChainProxy$VirtualFilterChain.doFilter(FilterChainProxy.java:346)
	at org.springframework.security.web.header.HeaderWriterFilter.doHeadersAfter(HeaderWriterFilter.java:90)
	at org.springframework.security.web.header.HeaderWriterFilter.doFilterInternal(HeaderWriterFilter.java:75)
	at org.springframework.web.filter.OncePerRequestFilter.doFilter(OncePerRequestFilter.java:117)
	at org.springframework.security.web.FilterChainProxy$VirtualFilterChain.doFilter(FilterChainProxy.java:346)
	at org.springframework.security.web.context.SecurityContextPersistenceFilter.doFilter(SecurityContextPersistenceFilter.java:112)
	at org.springframework.security.web.context.SecurityContextPersistenceFilter.doFilter(SecurityContextPersistenceFilter.java:82)
	at org.springframework.security.web.FilterChainProxy$VirtualFilterChain.doFilter(FilterChainProxy.java:346)
	at org.springframework.security.web.context.request.async.WebAsyncManagerIntegrationFilter.doFilterInternal(WebAsyncManagerIntegrationFilter.java:55)
	at org.springframework.web.filter.OncePerRequestFilter.doFilter(OncePerRequestFilter.java:117)
	at org.springframework.security.web.FilterChainProxy$VirtualFilterChain.doFilter(FilterChainProxy.java:346)
	at org.springframework.security.web.session.DisableEncodeUrlFilter.doFilterInternal(DisableEncodeUrlFilter.java:42)
	at org.springframework.web.filter.OncePerRequestFilter.doFilter(OncePerRequestFilter.java:117)
	at org.springframework.security.web.FilterChainProxy$VirtualFilterChain.doFilter(FilterChainProxy.java:346)
	at org.springframework.security.web.FilterChainProxy.doFilterInternal(FilterChainProxy.java:221)
	at org.springframework.security.web.FilterChainProxy.doFilter(FilterChainProxy.java:186)
	at org.springframework.web.filter.DelegatingFilterProxy.invokeDelegate(DelegatingFilterProxy.java:354)
	at org.springframework.web.filter.DelegatingFilterProxy.doFilter(DelegatingFilterProxy.java:267)
	at org.apache.catalina.core.ApplicationFilterChain.internalDoFilter(ApplicationFilterChain.java:178)
	at org.apache.catalina.core.ApplicationFilterChain.doFilter(ApplicationFilterChain.java:153)
	at org.springframework.web.filter.RequestContextFilter.doFilterInternal(RequestContextFilter.java:100)
	at org.springframework.web.filter.OncePerRequestFilter.doFilter(OncePerRequestFilter.java:117)
	at org.apache.catalina.core.ApplicationFilterChain.internalDoFilter(ApplicationFilterChain.java:178)
	at org.apache.catalina.core.ApplicationFilterChain.doFilter(ApplicationFilterChain.java:153)
	at org.springframework.web.filter.FormContentFilter.doFilterInternal(FormContentFilter.java:93)
	at org.springframework.web.filter.OncePerRequestFilter.doFilter(OncePerRequestFilter.java:117)
	at org.apache.catalina.core.ApplicationFilterChain.internalDoFilter(ApplicationFilterChain.java:178)
	at org.apache.catalina.core.ApplicationFilterChain.doFilter(ApplicationFilterChain.java:153)
	at org.springframework.boot.actuate.metrics.web.servlet.WebMvcMetricsFilter.doFilterInternal(WebMvcMetricsFilter.java:96)
	at org.springframework.web.filter.OncePerRequestFilter.doFilter(OncePerRequestFilter.java:117)
	at org.apache.catalina.core.ApplicationFilterChain.internalDoFilter(ApplicationFilterChain.java:178)
	at org.apache.catalina.core.ApplicationFilterChain.doFilter(ApplicationFilterChain.java:153)
	at org.springframework.web.filter.CharacterEncodingFilter.doFilterInternal(CharacterEncodingFilter.java:201)
	at org.springframework.web.filter.OncePerRequestFilter.doFilter(OncePerRequestFilter.java:117)
	at org.apache.catalina.core.ApplicationFilterChain.internalDoFilter(ApplicationFilterChain.java:178)
	at org.apache.catalina.core.ApplicationFilterChain.doFilter(ApplicationFilterChain.java:153)
	at org.apache.catalina.core.StandardWrapperValve.invoke(StandardWrapperValve.java:167)
	at org.apache.catalina.core.StandardContextValve.invoke(StandardContextValve.java:90)
	at org.apache.catalina.authenticator.AuthenticatorBase.invoke(AuthenticatorBase.java:481)
	at org.apache.catalina.core.StandardHostValve.invoke(StandardHostValve.java:130)
	at org.apache.catalina.valves.ErrorReportValve.invoke(ErrorReportValve.java:93)
	at org.apache.catalina.core.StandardEngineValve.invoke(StandardEngineValve.java:74)
	at org.apache.catalina.connector.CoyoteAdapter.service(CoyoteAdapter.java:343)
	at org.apache.coyote.http11.Http11Processor.service(Http11Processor.java:390)
	at org.apache.coyote.AbstractProcessorLight.process(AbstractProcessorLight.java:63)
	at org.apache.coyote.AbstractProtocol$ConnectionHandler.process(AbstractProtocol.java:926)
	at org.apache.tomcat.util.net.NioEndpoint$SocketProcessor.doRun(NioEndpoint.java:1791)
	at org.apache.tomcat.util.net.SocketProcessorBase.run(SocketProcessorBase.java:52)
	at org.apache.tomcat.util.threads.ThreadPoolExecutor.runWorker(ThreadPoolExecutor.java:1191)
	at org.apache.tomcat.util.threads.ThreadPoolExecutor$Worker.run(ThreadPoolExecutor.java:659)
	at org.apache.tomcat.util.threads.TaskThread$WrappingRunnable.run(TaskThread.java:61)
	at java.lang.Thread.run(Thread.java:748)
21:44:58.691 [http-nio-9901-exec-1] ERROR c.b.c.s.h.GlobalExceptionHandler - [handleRuntimeException,106] - 请求地址'/login',发生未知异常.
com.bytesmart.common.core.exception.user.UserPasswordNotMatchException: null
	at com.bytesmart.webauth.service.impl.BytesmartLoginServiceImpl.login(BytesmartLoginServiceImpl.java:80)
	at com.bytesmart.webauth.controller.BytesmartLoginController.login(BytesmartLoginController.java:28)
	at sun.reflect.NativeMethodAccessorImpl.invoke0(Native Method)
	at sun.reflect.NativeMethodAccessorImpl.invoke(NativeMethodAccessorImpl.java:62)
	at sun.reflect.DelegatingMethodAccessorImpl.invoke(DelegatingMethodAccessorImpl.java:43)
	at java.lang.reflect.Method.invoke(Method.java:498)
	at org.springframework.web.method.support.InvocableHandlerMethod.doInvoke(InvocableHandlerMethod.java:205)
	at org.springframework.web.method.support.InvocableHandlerMethod.invokeForRequest(InvocableHandlerMethod.java:150)
	at org.springframework.web.servlet.mvc.method.annotation.ServletInvocableHandlerMethod.invokeAndHandle(ServletInvocableHandlerMethod.java:117)
	at org.springframework.web.servlet.mvc.method.annotation.RequestMappingHandlerAdapter.invokeHandlerMethod(RequestMappingHandlerAdapter.java:895)
	at org.springframework.web.servlet.mvc.method.annotation.RequestMappingHandlerAdapter.handleInternal(RequestMappingHandlerAdapter.java:808)
	at org.springframework.web.servlet.mvc.method.AbstractHandlerMethodAdapter.handle(AbstractHandlerMethodAdapter.java:87)
	at org.springframework.web.servlet.DispatcherServlet.doDispatch(DispatcherServlet.java:1072)
	at org.springframework.web.servlet.DispatcherServlet.doService(DispatcherServlet.java:965)
	at org.springframework.web.servlet.FrameworkServlet.processRequest(FrameworkServlet.java:1006)
	at org.springframework.web.servlet.FrameworkServlet.doPost(FrameworkServlet.java:909)
	at javax.servlet.http.HttpServlet.service(HttpServlet.java:555)
	at org.springframework.web.servlet.FrameworkServlet.service(FrameworkServlet.java:883)
	at javax.servlet.http.HttpServlet.service(HttpServlet.java:623)
	at org.apache.catalina.core.ApplicationFilterChain.internalDoFilter(ApplicationFilterChain.java:209)
	at org.apache.catalina.core.ApplicationFilterChain.doFilter(ApplicationFilterChain.java:153)
	at org.apache.tomcat.websocket.server.WsFilter.doFilter(WsFilter.java:51)
	at org.apache.catalina.core.ApplicationFilterChain.internalDoFilter(ApplicationFilterChain.java:178)
	at org.apache.catalina.core.ApplicationFilterChain.doFilter(ApplicationFilterChain.java:153)
	at org.springframework.web.filter.OncePerRequestFilter.doFilter(OncePerRequestFilter.java:111)
	at org.apache.catalina.core.ApplicationFilterChain.internalDoFilter(ApplicationFilterChain.java:178)
	at org.apache.catalina.core.ApplicationFilterChain.doFilter(ApplicationFilterChain.java:153)
	at org.springframework.security.web.FilterChainProxy$VirtualFilterChain.doFilter(FilterChainProxy.java:337)
	at org.springframework.security.web.access.intercept.FilterSecurityInterceptor.invoke(FilterSecurityInterceptor.java:115)
	at org.springframework.security.web.access.intercept.FilterSecurityInterceptor.doFilter(FilterSecurityInterceptor.java:81)
	at org.springframework.security.web.FilterChainProxy$VirtualFilterChain.doFilter(FilterChainProxy.java:346)
	at org.springframework.security.web.access.ExceptionTranslationFilter.doFilter(ExceptionTranslationFilter.java:122)
	at org.springframework.security.web.access.ExceptionTranslationFilter.doFilter(ExceptionTranslationFilter.java:116)
	at org.springframework.security.web.FilterChainProxy$VirtualFilterChain.doFilter(FilterChainProxy.java:346)
	at org.springframework.security.web.session.SessionManagementFilter.doFilter(SessionManagementFilter.java:126)
	at org.springframework.security.web.session.SessionManagementFilter.doFilter(SessionManagementFilter.java:81)
	at org.springframework.security.web.FilterChainProxy$VirtualFilterChain.doFilter(FilterChainProxy.java:346)
	at org.springframework.security.web.authentication.AnonymousAuthenticationFilter.doFilter(AnonymousAuthenticationFilter.java:109)
	at org.springframework.security.web.FilterChainProxy$VirtualFilterChain.doFilter(FilterChainProxy.java:346)
	at org.springframework.security.web.servletapi.SecurityContextHolderAwareRequestFilter.doFilter(SecurityContextHolderAwareRequestFilter.java:149)
	at org.springframework.security.web.FilterChainProxy$VirtualFilterChain.doFilter(FilterChainProxy.java:346)
	at org.springframework.security.web.savedrequest.RequestCacheAwareFilter.doFilter(RequestCacheAwareFilter.java:63)
	at org.springframework.security.web.FilterChainProxy$VirtualFilterChain.doFilter(FilterChainProxy.java:346)
	at com.bytesmart.webauth.filter.TokenAuthenticationFilter.doFilterInternal(TokenAuthenticationFilter.java:47)
	at org.springframework.web.filter.OncePerRequestFilter.doFilter(OncePerRequestFilter.java:117)
	at org.springframework.security.web.FilterChainProxy$VirtualFilterChain.doFilter(FilterChainProxy.java:346)
	at org.springframework.security.web.authentication.logout.LogoutFilter.doFilter(LogoutFilter.java:103)
	at org.springframework.security.web.authentication.logout.LogoutFilter.doFilter(LogoutFilter.java:89)
	at org.springframework.security.web.FilterChainProxy$VirtualFilterChain.doFilter(FilterChainProxy.java:346)
	at org.springframework.security.web.header.HeaderWriterFilter.doHeadersAfter(HeaderWriterFilter.java:90)
	at org.springframework.security.web.header.HeaderWriterFilter.doFilterInternal(HeaderWriterFilter.java:75)
	at org.springframework.web.filter.OncePerRequestFilter.doFilter(OncePerRequestFilter.java:117)
	at org.springframework.security.web.FilterChainProxy$VirtualFilterChain.doFilter(FilterChainProxy.java:346)
	at org.springframework.security.web.context.SecurityContextPersistenceFilter.doFilter(SecurityContextPersistenceFilter.java:112)
	at org.springframework.security.web.context.SecurityContextPersistenceFilter.doFilter(SecurityContextPersistenceFilter.java:82)
	at org.springframework.security.web.FilterChainProxy$VirtualFilterChain.doFilter(FilterChainProxy.java:346)
	at org.springframework.security.web.context.request.async.WebAsyncManagerIntegrationFilter.doFilterInternal(WebAsyncManagerIntegrationFilter.java:55)
	at org.springframework.web.filter.OncePerRequestFilter.doFilter(OncePerRequestFilter.java:117)
	at org.springframework.security.web.FilterChainProxy$VirtualFilterChain.doFilter(FilterChainProxy.java:346)
	at org.springframework.security.web.session.DisableEncodeUrlFilter.doFilterInternal(DisableEncodeUrlFilter.java:42)
	at org.springframework.web.filter.OncePerRequestFilter.doFilter(OncePerRequestFilter.java:117)
	at org.springframework.security.web.FilterChainProxy$VirtualFilterChain.doFilter(FilterChainProxy.java:346)
	at org.springframework.security.web.FilterChainProxy.doFilterInternal(FilterChainProxy.java:221)
	at org.springframework.security.web.FilterChainProxy.doFilter(FilterChainProxy.java:186)
	at org.springframework.web.filter.DelegatingFilterProxy.invokeDelegate(DelegatingFilterProxy.java:354)
	at org.springframework.web.filter.DelegatingFilterProxy.doFilter(DelegatingFilterProxy.java:267)
	at org.apache.catalina.core.ApplicationFilterChain.internalDoFilter(ApplicationFilterChain.java:178)
	at org.apache.catalina.core.ApplicationFilterChain.doFilter(ApplicationFilterChain.java:153)
	at org.springframework.web.filter.RequestContextFilter.doFilterInternal(RequestContextFilter.java:100)
	at org.springframework.web.filter.OncePerRequestFilter.doFilter(OncePerRequestFilter.java:117)
	at org.apache.catalina.core.ApplicationFilterChain.internalDoFilter(ApplicationFilterChain.java:178)
	at org.apache.catalina.core.ApplicationFilterChain.doFilter(ApplicationFilterChain.java:153)
	at org.springframework.web.filter.FormContentFilter.doFilterInternal(FormContentFilter.java:93)
	at org.springframework.web.filter.OncePerRequestFilter.doFilter(OncePerRequestFilter.java:117)
	at org.apache.catalina.core.ApplicationFilterChain.internalDoFilter(ApplicationFilterChain.java:178)
	at org.apache.catalina.core.ApplicationFilterChain.doFilter(ApplicationFilterChain.java:153)
	at org.springframework.boot.actuate.metrics.web.servlet.WebMvcMetricsFilter.doFilterInternal(WebMvcMetricsFilter.java:96)
	at org.springframework.web.filter.OncePerRequestFilter.doFilter(OncePerRequestFilter.java:117)
	at org.apache.catalina.core.ApplicationFilterChain.internalDoFilter(ApplicationFilterChain.java:178)
	at org.apache.catalina.core.ApplicationFilterChain.doFilter(ApplicationFilterChain.java:153)
	at org.springframework.web.filter.CharacterEncodingFilter.doFilterInternal(CharacterEncodingFilter.java:201)
	at org.springframework.web.filter.OncePerRequestFilter.doFilter(OncePerRequestFilter.java:117)
	at org.apache.catalina.core.ApplicationFilterChain.internalDoFilter(ApplicationFilterChain.java:178)
	at org.apache.catalina.core.ApplicationFilterChain.doFilter(ApplicationFilterChain.java:153)
	at org.apache.catalina.core.StandardWrapperValve.invoke(StandardWrapperValve.java:167)
	at org.apache.catalina.core.StandardContextValve.invoke(StandardContextValve.java:90)
	at org.apache.catalina.authenticator.AuthenticatorBase.invoke(AuthenticatorBase.java:481)
	at org.apache.catalina.core.StandardHostValve.invoke(StandardHostValve.java:130)
	at org.apache.catalina.valves.ErrorReportValve.invoke(ErrorReportValve.java:93)
	at org.apache.catalina.core.StandardEngineValve.invoke(StandardEngineValve.java:74)
	at org.apache.catalina.connector.CoyoteAdapter.service(CoyoteAdapter.java:343)
	at org.apache.coyote.http11.Http11Processor.service(Http11Processor.java:390)
	at org.apache.coyote.AbstractProcessorLight.process(AbstractProcessorLight.java:63)
	at org.apache.coyote.AbstractProtocol$ConnectionHandler.process(AbstractProtocol.java:926)
	at org.apache.tomcat.util.net.NioEndpoint$SocketProcessor.doRun(NioEndpoint.java:1791)
	at org.apache.tomcat.util.net.SocketProcessorBase.run(SocketProcessorBase.java:52)
	at org.apache.tomcat.util.threads.ThreadPoolExecutor.runWorker(ThreadPoolExecutor.java:1191)
	at org.apache.tomcat.util.threads.ThreadPoolExecutor$Worker.run(ThreadPoolExecutor.java:659)
	at org.apache.tomcat.util.threads.TaskThread$WrappingRunnable.run(TaskThread.java:61)
	at java.lang.Thread.run(Thread.java:748)
21:45:13.397 [http-nio-9901-exec-5] ERROR c.b.c.s.h.GlobalExceptionHandler - [handleRuntimeException,106] - 请求地址'/login',发生未知异常.
com.bytesmart.common.core.exception.user.UserPasswordNotMatchException: null
	at com.bytesmart.webauth.service.impl.BytesmartLoginServiceImpl.login(BytesmartLoginServiceImpl.java:80)
	at com.bytesmart.webauth.controller.BytesmartLoginController.login(BytesmartLoginController.java:28)
	at sun.reflect.NativeMethodAccessorImpl.invoke0(Native Method)
	at sun.reflect.NativeMethodAccessorImpl.invoke(NativeMethodAccessorImpl.java:62)
	at sun.reflect.DelegatingMethodAccessorImpl.invoke(DelegatingMethodAccessorImpl.java:43)
	at java.lang.reflect.Method.invoke(Method.java:498)
	at org.springframework.web.method.support.InvocableHandlerMethod.doInvoke(InvocableHandlerMethod.java:205)
	at org.springframework.web.method.support.InvocableHandlerMethod.invokeForRequest(InvocableHandlerMethod.java:150)
	at org.springframework.web.servlet.mvc.method.annotation.ServletInvocableHandlerMethod.invokeAndHandle(ServletInvocableHandlerMethod.java:117)
	at org.springframework.web.servlet.mvc.method.annotation.RequestMappingHandlerAdapter.invokeHandlerMethod(RequestMappingHandlerAdapter.java:895)
	at org.springframework.web.servlet.mvc.method.annotation.RequestMappingHandlerAdapter.handleInternal(RequestMappingHandlerAdapter.java:808)
	at org.springframework.web.servlet.mvc.method.AbstractHandlerMethodAdapter.handle(AbstractHandlerMethodAdapter.java:87)
	at org.springframework.web.servlet.DispatcherServlet.doDispatch(DispatcherServlet.java:1072)
	at org.springframework.web.servlet.DispatcherServlet.doService(DispatcherServlet.java:965)
	at org.springframework.web.servlet.FrameworkServlet.processRequest(FrameworkServlet.java:1006)
	at org.springframework.web.servlet.FrameworkServlet.doPost(FrameworkServlet.java:909)
	at javax.servlet.http.HttpServlet.service(HttpServlet.java:555)
	at org.springframework.web.servlet.FrameworkServlet.service(FrameworkServlet.java:883)
	at javax.servlet.http.HttpServlet.service(HttpServlet.java:623)
	at org.apache.catalina.core.ApplicationFilterChain.internalDoFilter(ApplicationFilterChain.java:209)
	at org.apache.catalina.core.ApplicationFilterChain.doFilter(ApplicationFilterChain.java:153)
	at org.apache.tomcat.websocket.server.WsFilter.doFilter(WsFilter.java:51)
	at org.apache.catalina.core.ApplicationFilterChain.internalDoFilter(ApplicationFilterChain.java:178)
	at org.apache.catalina.core.ApplicationFilterChain.doFilter(ApplicationFilterChain.java:153)
	at org.springframework.web.filter.OncePerRequestFilter.doFilter(OncePerRequestFilter.java:111)
	at org.apache.catalina.core.ApplicationFilterChain.internalDoFilter(ApplicationFilterChain.java:178)
	at org.apache.catalina.core.ApplicationFilterChain.doFilter(ApplicationFilterChain.java:153)
	at org.springframework.security.web.FilterChainProxy$VirtualFilterChain.doFilter(FilterChainProxy.java:337)
	at org.springframework.security.web.access.intercept.FilterSecurityInterceptor.invoke(FilterSecurityInterceptor.java:115)
	at org.springframework.security.web.access.intercept.FilterSecurityInterceptor.doFilter(FilterSecurityInterceptor.java:81)
	at org.springframework.security.web.FilterChainProxy$VirtualFilterChain.doFilter(FilterChainProxy.java:346)
	at org.springframework.security.web.access.ExceptionTranslationFilter.doFilter(ExceptionTranslationFilter.java:122)
	at org.springframework.security.web.access.ExceptionTranslationFilter.doFilter(ExceptionTranslationFilter.java:116)
	at org.springframework.security.web.FilterChainProxy$VirtualFilterChain.doFilter(FilterChainProxy.java:346)
	at org.springframework.security.web.session.SessionManagementFilter.doFilter(SessionManagementFilter.java:126)
	at org.springframework.security.web.session.SessionManagementFilter.doFilter(SessionManagementFilter.java:81)
	at org.springframework.security.web.FilterChainProxy$VirtualFilterChain.doFilter(FilterChainProxy.java:346)
	at org.springframework.security.web.authentication.AnonymousAuthenticationFilter.doFilter(AnonymousAuthenticationFilter.java:109)
	at org.springframework.security.web.FilterChainProxy$VirtualFilterChain.doFilter(FilterChainProxy.java:346)
	at org.springframework.security.web.servletapi.SecurityContextHolderAwareRequestFilter.doFilter(SecurityContextHolderAwareRequestFilter.java:149)
	at org.springframework.security.web.FilterChainProxy$VirtualFilterChain.doFilter(FilterChainProxy.java:346)
	at org.springframework.security.web.savedrequest.RequestCacheAwareFilter.doFilter(RequestCacheAwareFilter.java:63)
	at org.springframework.security.web.FilterChainProxy$VirtualFilterChain.doFilter(FilterChainProxy.java:346)
	at com.bytesmart.webauth.filter.TokenAuthenticationFilter.doFilterInternal(TokenAuthenticationFilter.java:47)
	at org.springframework.web.filter.OncePerRequestFilter.doFilter(OncePerRequestFilter.java:117)
	at org.springframework.security.web.FilterChainProxy$VirtualFilterChain.doFilter(FilterChainProxy.java:346)
	at org.springframework.security.web.authentication.logout.LogoutFilter.doFilter(LogoutFilter.java:103)
	at org.springframework.security.web.authentication.logout.LogoutFilter.doFilter(LogoutFilter.java:89)
	at org.springframework.security.web.FilterChainProxy$VirtualFilterChain.doFilter(FilterChainProxy.java:346)
	at org.springframework.security.web.header.HeaderWriterFilter.doHeadersAfter(HeaderWriterFilter.java:90)
	at org.springframework.security.web.header.HeaderWriterFilter.doFilterInternal(HeaderWriterFilter.java:75)
	at org.springframework.web.filter.OncePerRequestFilter.doFilter(OncePerRequestFilter.java:117)
	at org.springframework.security.web.FilterChainProxy$VirtualFilterChain.doFilter(FilterChainProxy.java:346)
	at org.springframework.security.web.context.SecurityContextPersistenceFilter.doFilter(SecurityContextPersistenceFilter.java:112)
	at org.springframework.security.web.context.SecurityContextPersistenceFilter.doFilter(SecurityContextPersistenceFilter.java:82)
	at org.springframework.security.web.FilterChainProxy$VirtualFilterChain.doFilter(FilterChainProxy.java:346)
	at org.springframework.security.web.context.request.async.WebAsyncManagerIntegrationFilter.doFilterInternal(WebAsyncManagerIntegrationFilter.java:55)
	at org.springframework.web.filter.OncePerRequestFilter.doFilter(OncePerRequestFilter.java:117)
	at org.springframework.security.web.FilterChainProxy$VirtualFilterChain.doFilter(FilterChainProxy.java:346)
	at org.springframework.security.web.session.DisableEncodeUrlFilter.doFilterInternal(DisableEncodeUrlFilter.java:42)
	at org.springframework.web.filter.OncePerRequestFilter.doFilter(OncePerRequestFilter.java:117)
	at org.springframework.security.web.FilterChainProxy$VirtualFilterChain.doFilter(FilterChainProxy.java:346)
	at org.springframework.security.web.FilterChainProxy.doFilterInternal(FilterChainProxy.java:221)
	at org.springframework.security.web.FilterChainProxy.doFilter(FilterChainProxy.java:186)
	at org.springframework.web.filter.DelegatingFilterProxy.invokeDelegate(DelegatingFilterProxy.java:354)
	at org.springframework.web.filter.DelegatingFilterProxy.doFilter(DelegatingFilterProxy.java:267)
	at org.apache.catalina.core.ApplicationFilterChain.internalDoFilter(ApplicationFilterChain.java:178)
	at org.apache.catalina.core.ApplicationFilterChain.doFilter(ApplicationFilterChain.java:153)
	at org.springframework.web.filter.RequestContextFilter.doFilterInternal(RequestContextFilter.java:100)
	at org.springframework.web.filter.OncePerRequestFilter.doFilter(OncePerRequestFilter.java:117)
	at org.apache.catalina.core.ApplicationFilterChain.internalDoFilter(ApplicationFilterChain.java:178)
	at org.apache.catalina.core.ApplicationFilterChain.doFilter(ApplicationFilterChain.java:153)
	at org.springframework.web.filter.FormContentFilter.doFilterInternal(FormContentFilter.java:93)
	at org.springframework.web.filter.OncePerRequestFilter.doFilter(OncePerRequestFilter.java:117)
	at org.apache.catalina.core.ApplicationFilterChain.internalDoFilter(ApplicationFilterChain.java:178)
	at org.apache.catalina.core.ApplicationFilterChain.doFilter(ApplicationFilterChain.java:153)
	at org.springframework.boot.actuate.metrics.web.servlet.WebMvcMetricsFilter.doFilterInternal(WebMvcMetricsFilter.java:96)
	at org.springframework.web.filter.OncePerRequestFilter.doFilter(OncePerRequestFilter.java:117)
	at org.apache.catalina.core.ApplicationFilterChain.internalDoFilter(ApplicationFilterChain.java:178)
	at org.apache.catalina.core.ApplicationFilterChain.doFilter(ApplicationFilterChain.java:153)
	at org.springframework.web.filter.CharacterEncodingFilter.doFilterInternal(CharacterEncodingFilter.java:201)
	at org.springframework.web.filter.OncePerRequestFilter.doFilter(OncePerRequestFilter.java:117)
	at org.apache.catalina.core.ApplicationFilterChain.internalDoFilter(ApplicationFilterChain.java:178)
	at org.apache.catalina.core.ApplicationFilterChain.doFilter(ApplicationFilterChain.java:153)
	at org.apache.catalina.core.StandardWrapperValve.invoke(StandardWrapperValve.java:167)
	at org.apache.catalina.core.StandardContextValve.invoke(StandardContextValve.java:90)
	at org.apache.catalina.authenticator.AuthenticatorBase.invoke(AuthenticatorBase.java:481)
	at org.apache.catalina.core.StandardHostValve.invoke(StandardHostValve.java:130)
	at org.apache.catalina.valves.ErrorReportValve.invoke(ErrorReportValve.java:93)
	at org.apache.catalina.core.StandardEngineValve.invoke(StandardEngineValve.java:74)
	at org.apache.catalina.connector.CoyoteAdapter.service(CoyoteAdapter.java:343)
	at org.apache.coyote.http11.Http11Processor.service(Http11Processor.java:390)
	at org.apache.coyote.AbstractProcessorLight.process(AbstractProcessorLight.java:63)
	at org.apache.coyote.AbstractProtocol$ConnectionHandler.process(AbstractProtocol.java:926)
	at org.apache.tomcat.util.net.NioEndpoint$SocketProcessor.doRun(NioEndpoint.java:1791)
	at org.apache.tomcat.util.net.SocketProcessorBase.run(SocketProcessorBase.java:52)
	at org.apache.tomcat.util.threads.ThreadPoolExecutor.runWorker(ThreadPoolExecutor.java:1191)
	at org.apache.tomcat.util.threads.ThreadPoolExecutor$Worker.run(ThreadPoolExecutor.java:659)
	at org.apache.tomcat.util.threads.TaskThread$WrappingRunnable.run(TaskThread.java:61)
	at java.lang.Thread.run(Thread.java:748)
21:45:24.136 [http-nio-9901-exec-7] ERROR c.b.c.s.h.GlobalExceptionHandler - [handleRuntimeException,106] - 请求地址'/login',发生未知异常.
com.bytesmart.common.core.exception.user.UserPasswordNotMatchException: null
	at com.bytesmart.webauth.service.impl.BytesmartLoginServiceImpl.login(BytesmartLoginServiceImpl.java:80)
	at com.bytesmart.webauth.controller.BytesmartLoginController.login(BytesmartLoginController.java:28)
	at sun.reflect.NativeMethodAccessorImpl.invoke0(Native Method)
	at sun.reflect.NativeMethodAccessorImpl.invoke(NativeMethodAccessorImpl.java:62)
	at sun.reflect.DelegatingMethodAccessorImpl.invoke(DelegatingMethodAccessorImpl.java:43)
	at java.lang.reflect.Method.invoke(Method.java:498)
	at org.springframework.web.method.support.InvocableHandlerMethod.doInvoke(InvocableHandlerMethod.java:205)
	at org.springframework.web.method.support.InvocableHandlerMethod.invokeForRequest(InvocableHandlerMethod.java:150)
	at org.springframework.web.servlet.mvc.method.annotation.ServletInvocableHandlerMethod.invokeAndHandle(ServletInvocableHandlerMethod.java:117)
	at org.springframework.web.servlet.mvc.method.annotation.RequestMappingHandlerAdapter.invokeHandlerMethod(RequestMappingHandlerAdapter.java:895)
	at org.springframework.web.servlet.mvc.method.annotation.RequestMappingHandlerAdapter.handleInternal(RequestMappingHandlerAdapter.java:808)
	at org.springframework.web.servlet.mvc.method.AbstractHandlerMethodAdapter.handle(AbstractHandlerMethodAdapter.java:87)
	at org.springframework.web.servlet.DispatcherServlet.doDispatch(DispatcherServlet.java:1072)
	at org.springframework.web.servlet.DispatcherServlet.doService(DispatcherServlet.java:965)
	at org.springframework.web.servlet.FrameworkServlet.processRequest(FrameworkServlet.java:1006)
	at org.springframework.web.servlet.FrameworkServlet.doPost(FrameworkServlet.java:909)
	at javax.servlet.http.HttpServlet.service(HttpServlet.java:555)
	at org.springframework.web.servlet.FrameworkServlet.service(FrameworkServlet.java:883)
	at javax.servlet.http.HttpServlet.service(HttpServlet.java:623)
	at org.apache.catalina.core.ApplicationFilterChain.internalDoFilter(ApplicationFilterChain.java:209)
	at org.apache.catalina.core.ApplicationFilterChain.doFilter(ApplicationFilterChain.java:153)
	at org.apache.tomcat.websocket.server.WsFilter.doFilter(WsFilter.java:51)
	at org.apache.catalina.core.ApplicationFilterChain.internalDoFilter(ApplicationFilterChain.java:178)
	at org.apache.catalina.core.ApplicationFilterChain.doFilter(ApplicationFilterChain.java:153)
	at org.springframework.web.filter.OncePerRequestFilter.doFilter(OncePerRequestFilter.java:111)
	at org.apache.catalina.core.ApplicationFilterChain.internalDoFilter(ApplicationFilterChain.java:178)
	at org.apache.catalina.core.ApplicationFilterChain.doFilter(ApplicationFilterChain.java:153)
	at org.springframework.security.web.FilterChainProxy$VirtualFilterChain.doFilter(FilterChainProxy.java:337)
	at org.springframework.security.web.access.intercept.FilterSecurityInterceptor.invoke(FilterSecurityInterceptor.java:115)
	at org.springframework.security.web.access.intercept.FilterSecurityInterceptor.doFilter(FilterSecurityInterceptor.java:81)
	at org.springframework.security.web.FilterChainProxy$VirtualFilterChain.doFilter(FilterChainProxy.java:346)
	at org.springframework.security.web.access.ExceptionTranslationFilter.doFilter(ExceptionTranslationFilter.java:122)
	at org.springframework.security.web.access.ExceptionTranslationFilter.doFilter(ExceptionTranslationFilter.java:116)
	at org.springframework.security.web.FilterChainProxy$VirtualFilterChain.doFilter(FilterChainProxy.java:346)
	at org.springframework.security.web.session.SessionManagementFilter.doFilter(SessionManagementFilter.java:126)
	at org.springframework.security.web.session.SessionManagementFilter.doFilter(SessionManagementFilter.java:81)
	at org.springframework.security.web.FilterChainProxy$VirtualFilterChain.doFilter(FilterChainProxy.java:346)
	at org.springframework.security.web.authentication.AnonymousAuthenticationFilter.doFilter(AnonymousAuthenticationFilter.java:109)
	at org.springframework.security.web.FilterChainProxy$VirtualFilterChain.doFilter(FilterChainProxy.java:346)
	at org.springframework.security.web.servletapi.SecurityContextHolderAwareRequestFilter.doFilter(SecurityContextHolderAwareRequestFilter.java:149)
	at org.springframework.security.web.FilterChainProxy$VirtualFilterChain.doFilter(FilterChainProxy.java:346)
	at org.springframework.security.web.savedrequest.RequestCacheAwareFilter.doFilter(RequestCacheAwareFilter.java:63)
	at org.springframework.security.web.FilterChainProxy$VirtualFilterChain.doFilter(FilterChainProxy.java:346)
	at com.bytesmart.webauth.filter.TokenAuthenticationFilter.doFilterInternal(TokenAuthenticationFilter.java:47)
	at org.springframework.web.filter.OncePerRequestFilter.doFilter(OncePerRequestFilter.java:117)
	at org.springframework.security.web.FilterChainProxy$VirtualFilterChain.doFilter(FilterChainProxy.java:346)
	at org.springframework.security.web.authentication.logout.LogoutFilter.doFilter(LogoutFilter.java:103)
	at org.springframework.security.web.authentication.logout.LogoutFilter.doFilter(LogoutFilter.java:89)
	at org.springframework.security.web.FilterChainProxy$VirtualFilterChain.doFilter(FilterChainProxy.java:346)
	at org.springframework.security.web.header.HeaderWriterFilter.doHeadersAfter(HeaderWriterFilter.java:90)
	at org.springframework.security.web.header.HeaderWriterFilter.doFilterInternal(HeaderWriterFilter.java:75)
	at org.springframework.web.filter.OncePerRequestFilter.doFilter(OncePerRequestFilter.java:117)
	at org.springframework.security.web.FilterChainProxy$VirtualFilterChain.doFilter(FilterChainProxy.java:346)
	at org.springframework.security.web.context.SecurityContextPersistenceFilter.doFilter(SecurityContextPersistenceFilter.java:112)
	at org.springframework.security.web.context.SecurityContextPersistenceFilter.doFilter(SecurityContextPersistenceFilter.java:82)
	at org.springframework.security.web.FilterChainProxy$VirtualFilterChain.doFilter(FilterChainProxy.java:346)
	at org.springframework.security.web.context.request.async.WebAsyncManagerIntegrationFilter.doFilterInternal(WebAsyncManagerIntegrationFilter.java:55)
	at org.springframework.web.filter.OncePerRequestFilter.doFilter(OncePerRequestFilter.java:117)
	at org.springframework.security.web.FilterChainProxy$VirtualFilterChain.doFilter(FilterChainProxy.java:346)
	at org.springframework.security.web.session.DisableEncodeUrlFilter.doFilterInternal(DisableEncodeUrlFilter.java:42)
	at org.springframework.web.filter.OncePerRequestFilter.doFilter(OncePerRequestFilter.java:117)
	at org.springframework.security.web.FilterChainProxy$VirtualFilterChain.doFilter(FilterChainProxy.java:346)
	at org.springframework.security.web.FilterChainProxy.doFilterInternal(FilterChainProxy.java:221)
	at org.springframework.security.web.FilterChainProxy.doFilter(FilterChainProxy.java:186)
	at org.springframework.web.filter.DelegatingFilterProxy.invokeDelegate(DelegatingFilterProxy.java:354)
	at org.springframework.web.filter.DelegatingFilterProxy.doFilter(DelegatingFilterProxy.java:267)
	at org.apache.catalina.core.ApplicationFilterChain.internalDoFilter(ApplicationFilterChain.java:178)
	at org.apache.catalina.core.ApplicationFilterChain.doFilter(ApplicationFilterChain.java:153)
	at org.springframework.web.filter.RequestContextFilter.doFilterInternal(RequestContextFilter.java:100)
	at org.springframework.web.filter.OncePerRequestFilter.doFilter(OncePerRequestFilter.java:117)
	at org.apache.catalina.core.ApplicationFilterChain.internalDoFilter(ApplicationFilterChain.java:178)
	at org.apache.catalina.core.ApplicationFilterChain.doFilter(ApplicationFilterChain.java:153)
	at org.springframework.web.filter.FormContentFilter.doFilterInternal(FormContentFilter.java:93)
	at org.springframework.web.filter.OncePerRequestFilter.doFilter(OncePerRequestFilter.java:117)
	at org.apache.catalina.core.ApplicationFilterChain.internalDoFilter(ApplicationFilterChain.java:178)
	at org.apache.catalina.core.ApplicationFilterChain.doFilter(ApplicationFilterChain.java:153)
	at org.springframework.boot.actuate.metrics.web.servlet.WebMvcMetricsFilter.doFilterInternal(WebMvcMetricsFilter.java:96)
	at org.springframework.web.filter.OncePerRequestFilter.doFilter(OncePerRequestFilter.java:117)
	at org.apache.catalina.core.ApplicationFilterChain.internalDoFilter(ApplicationFilterChain.java:178)
	at org.apache.catalina.core.ApplicationFilterChain.doFilter(ApplicationFilterChain.java:153)
	at org.springframework.web.filter.CharacterEncodingFilter.doFilterInternal(CharacterEncodingFilter.java:201)
	at org.springframework.web.filter.OncePerRequestFilter.doFilter(OncePerRequestFilter.java:117)
	at org.apache.catalina.core.ApplicationFilterChain.internalDoFilter(ApplicationFilterChain.java:178)
	at org.apache.catalina.core.ApplicationFilterChain.doFilter(ApplicationFilterChain.java:153)
	at org.apache.catalina.core.StandardWrapperValve.invoke(StandardWrapperValve.java:167)
	at org.apache.catalina.core.StandardContextValve.invoke(StandardContextValve.java:90)
	at org.apache.catalina.authenticator.AuthenticatorBase.invoke(AuthenticatorBase.java:481)
	at org.apache.catalina.core.StandardHostValve.invoke(StandardHostValve.java:130)
	at org.apache.catalina.valves.ErrorReportValve.invoke(ErrorReportValve.java:93)
	at org.apache.catalina.core.StandardEngineValve.invoke(StandardEngineValve.java:74)
	at org.apache.catalina.connector.CoyoteAdapter.service(CoyoteAdapter.java:343)
	at org.apache.coyote.http11.Http11Processor.service(Http11Processor.java:390)
	at org.apache.coyote.AbstractProcessorLight.process(AbstractProcessorLight.java:63)
	at org.apache.coyote.AbstractProtocol$ConnectionHandler.process(AbstractProtocol.java:926)
	at org.apache.tomcat.util.net.NioEndpoint$SocketProcessor.doRun(NioEndpoint.java:1791)
	at org.apache.tomcat.util.net.SocketProcessorBase.run(SocketProcessorBase.java:52)
	at org.apache.tomcat.util.threads.ThreadPoolExecutor.runWorker(ThreadPoolExecutor.java:1191)
	at org.apache.tomcat.util.threads.ThreadPoolExecutor$Worker.run(ThreadPoolExecutor.java:659)
	at org.apache.tomcat.util.threads.TaskThread$WrappingRunnable.run(TaskThread.java:61)
	at java.lang.Thread.run(Thread.java:748)
21:45:43.443 [http-nio-9901-exec-2] ERROR c.b.c.s.s.TokenService - [getLoginUser,118] - 获取用户信息异常'com.bytesmart.webauth.domain.WebLoginUser cannot be cast to com.bytesmart.apisystem.model.LoginUser'
21:45:43.483 [http-nio-9901-exec-3] ERROR c.b.c.s.s.TokenService - [getLoginUser,118] - 获取用户信息异常'com.bytesmart.webauth.domain.WebLoginUser cannot be cast to com.bytesmart.apisystem.model.LoginUser'
21:47:39.447 [http-nio-9901-exec-4] ERROR c.b.c.s.s.TokenService - [getLoginUser,118] - 获取用户信息异常'com.bytesmart.webauth.domain.WebLoginUser cannot be cast to com.bytesmart.apisystem.model.LoginUser'
21:47:39.517 [http-nio-9901-exec-5] ERROR c.b.c.s.s.TokenService - [getLoginUser,118] - 获取用户信息异常'com.bytesmart.webauth.domain.WebLoginUser cannot be cast to com.bytesmart.apisystem.model.LoginUser'
21:47:47.209 [http-nio-9901-exec-6] ERROR c.b.c.s.s.TokenService - [getLoginUser,118] - 获取用户信息异常'com.bytesmart.webauth.domain.WebLoginUser cannot be cast to com.bytesmart.apisystem.model.LoginUser'
21:47:47.425 [http-nio-9901-exec-7] ERROR c.b.c.s.s.TokenService - [getLoginUser,118] - 获取用户信息异常'com.bytesmart.webauth.domain.WebLoginUser cannot be cast to com.bytesmart.apisystem.model.LoginUser'
21:49:38.907 [http-nio-9901-exec-3] ERROR c.b.c.s.s.TokenService - [getLoginUser,118] - 获取用户信息异常'com.bytesmart.webauth.domain.WebLoginUser cannot be cast to com.bytesmart.apisystem.model.LoginUser'
21:49:38.965 [http-nio-9901-exec-1] ERROR c.b.c.s.s.TokenService - [getLoginUser,118] - 获取用户信息异常'com.bytesmart.webauth.domain.WebLoginUser cannot be cast to com.bytesmart.apisystem.model.LoginUser'
21:52:11.689 [http-nio-9901-exec-5] ERROR c.b.c.s.s.TokenService - [getLoginUser,118] - 获取用户信息异常'com.bytesmart.webauth.domain.WebLoginUser cannot be cast to com.bytesmart.apisystem.model.LoginUser'
21:52:11.781 [http-nio-9901-exec-6] ERROR c.b.c.s.s.TokenService - [getLoginUser,118] - 获取用户信息异常'com.bytesmart.webauth.domain.WebLoginUser cannot be cast to com.bytesmart.apisystem.model.LoginUser'
21:52:50.547 [http-nio-9901-exec-10] ERROR c.b.c.s.s.TokenService - [getLoginUser,118] - 获取用户信息异常'com.bytesmart.webauth.domain.WebLoginUser cannot be cast to com.bytesmart.apisystem.model.LoginUser'
21:52:50.833 [http-nio-9901-exec-2] ERROR c.b.c.s.s.TokenService - [getLoginUser,118] - 获取用户信息异常'com.bytesmart.webauth.domain.WebLoginUser cannot be cast to com.bytesmart.apisystem.model.LoginUser'
21:55:49.372 [http-nio-9901-exec-6] ERROR c.b.c.s.s.TokenService - [getLoginUser,118] - 获取用户信息异常'com.bytesmart.webauth.domain.WebLoginUser cannot be cast to com.bytesmart.apisystem.model.LoginUser'
21:55:49.677 [http-nio-9901-exec-7] ERROR c.b.c.s.s.TokenService - [getLoginUser,118] - 获取用户信息异常'com.bytesmart.webauth.domain.WebLoginUser cannot be cast to com.bytesmart.apisystem.model.LoginUser'
22:01:54.247 [http-nio-9901-exec-9] ERROR c.b.c.s.s.TokenService - [getLoginUser,118] - 获取用户信息异常'com.bytesmart.webauth.domain.WebLoginUser cannot be cast to com.bytesmart.apisystem.model.LoginUser'
22:01:54.370 [http-nio-9901-exec-10] ERROR c.b.c.s.s.TokenService - [getLoginUser,118] - 获取用户信息异常'com.bytesmart.webauth.domain.WebLoginUser cannot be cast to com.bytesmart.apisystem.model.LoginUser'
22:01:59.924 [http-nio-9901-exec-2] ERROR c.b.c.s.s.TokenService - [getLoginUser,118] - 获取用户信息异常'com.bytesmart.webauth.domain.WebLoginUser cannot be cast to com.bytesmart.apisystem.model.LoginUser'
22:02:00.055 [http-nio-9901-exec-3] ERROR c.b.c.s.s.TokenService - [getLoginUser,118] - 获取用户信息异常'com.bytesmart.webauth.domain.WebLoginUser cannot be cast to com.bytesmart.apisystem.model.LoginUser'
